CRITICAL - 2021-07-18 00:26:32 --> syntax error, unexpected '?>'
#0 C:\xampp\htdocs\projects\tija\system\View\View.php(222): CodeIgniter\View\View->CodeIgniter\View\{closure}()
#1 C:\xampp\htdocs\projects\tija\system\Common.php(1217): CodeIgniter\View\View->render('my-account', Array, true)
#2 C:\xampp\htdocs\projects\tija\app\Controllers\BaseController.php(96): view('my-account', Array)
#3 C:\xampp\htdocs\projects\tija\app\Controllers\MyAccount.php(18): App\Controllers\BaseController->loadtemplate('my-account', Array)
#4 C:\xampp\htdocs\projects\tija\system\CodeIgniter.php(936): App\Controllers\MyAccount->my_account()
#5 C:\xampp\htdocs\projects\tija\system\CodeIgniter.php(432): CodeIgniter\CodeIgniter->runController(Object(App\Controllers\MyAccount))
#6 C:\xampp\htdocs\projects\tija\system\CodeIgniter.php(333): CodeIgniter\CodeIgniter->handleRequest(NULL, Object(Config\Cache), false)
#7 C:\xampp\htdocs\projects\tija\index.php(44): CodeIgniter\CodeIgniter->run()
#8 {main}
CRITICAL - 2021-07-18 00:27:09 --> syntax error, unexpected '?>'
#0 C:\xampp\htdocs\projects\tija\system\View\View.php(222): CodeIgniter\View\View->CodeIgniter\View\{closure}()
#1 C:\xampp\htdocs\projects\tija\system\Common.php(1217): CodeIgniter\View\View->render('my-account', Array, true)
#2 C:\xampp\htdocs\projects\tija\app\Controllers\BaseController.php(96): view('my-account', Array)
#3 C:\xampp\htdocs\projects\tija\app\Controllers\MyAccount.php(18): App\Controllers\BaseController->loadtemplate('my-account', Array)
#4 C:\xampp\htdocs\projects\tija\system\CodeIgniter.php(936): App\Controllers\MyAccount->my_account()
#5 C:\xampp\htdocs\projects\tija\system\CodeIgniter.php(432): CodeIgniter\CodeIgniter->runController(Object(App\Controllers\MyAccount))
#6 C:\xampp\htdocs\projects\tija\system\CodeIgniter.php(333): CodeIgniter\CodeIgniter->handleRequest(NULL, Object(Config\Cache), false)
#7 C:\xampp\htdocs\projects\tija\index.php(44): CodeIgniter\CodeIgniter->run()
#8 {main}
CRITICAL - 2021-07-18 00:27:11 --> syntax error, unexpected '?>'
#0 C:\xampp\htdocs\projects\tija\system\View\View.php(222): CodeIgniter\View\View->CodeIgniter\View\{closure}()
#1 C:\xampp\htdocs\projects\tija\system\Common.php(1217): CodeIgniter\View\View->render('my-account', Array, true)
#2 C:\xampp\htdocs\projects\tija\app\Controllers\BaseController.php(96): view('my-account', Array)
#3 C:\xampp\htdocs\projects\tija\app\Controllers\MyAccount.php(18): App\Controllers\BaseController->loadtemplate('my-account', Array)
#4 C:\xampp\htdocs\projects\tija\system\CodeIgniter.php(936): App\Controllers\MyAccount->my_account()
#5 C:\xampp\htdocs\projects\tija\system\CodeIgniter.php(432): CodeIgniter\CodeIgniter->runController(Object(App\Controllers\MyAccount))
#6 C:\xampp\htdocs\projects\tija\system\CodeIgniter.php(333): CodeIgniter\CodeIgniter->handleRequest(NULL, Object(Config\Cache), false)
#7 C:\xampp\htdocs\projects\tija\index.php(44): CodeIgniter\CodeIgniter->run()
#8 {main}
CRITICAL - 2021-07-18 00:27:12 --> syntax error, unexpected '?>'
#0 C:\xampp\htdocs\projects\tija\system\View\View.php(222): CodeIgniter\View\View->CodeIgniter\View\{closure}()
#1 C:\xampp\htdocs\projects\tija\system\Common.php(1217): CodeIgniter\View\View->render('my-account', Array, true)
#2 C:\xampp\htdocs\projects\tija\app\Controllers\BaseController.php(96): view('my-account', Array)
#3 C:\xampp\htdocs\projects\tija\app\Controllers\MyAccount.php(18): App\Controllers\BaseController->loadtemplate('my-account', Array)
#4 C:\xampp\htdocs\projects\tija\system\CodeIgniter.php(936): App\Controllers\MyAccount->my_account()
#5 C:\xampp\htdocs\projects\tija\system\CodeIgniter.php(432): CodeIgniter\CodeIgniter->runController(Object(App\Controllers\MyAccount))
#6 C:\xampp\htdocs\projects\tija\system\CodeIgniter.php(333): CodeIgniter\CodeIgniter->handleRequest(NULL, Object(Config\Cache), false)
#7 C:\xampp\htdocs\projects\tija\index.php(44): CodeIgniter\CodeIgniter->run()
#8 {main}
CRITICAL - 2021-07-18 00:27:30 --> syntax error, unexpected '?>'
#0 C:\xampp\htdocs\projects\tija\system\View\View.php(222): CodeIgniter\View\View->CodeIgniter\View\{closure}()
#1 C:\xampp\htdocs\projects\tija\system\Common.php(1217): CodeIgniter\View\View->render('my-account', Array, true)
#2 C:\xampp\htdocs\projects\tija\app\Controllers\BaseController.php(96): view('my-account', Array)
#3 C:\xampp\htdocs\projects\tija\app\Controllers\MyAccount.php(18): App\Controllers\BaseController->loadtemplate('my-account', Array)
#4 C:\xampp\htdocs\projects\tija\system\CodeIgniter.php(936): App\Controllers\MyAccount->my_account()
#5 C:\xampp\htdocs\projects\tija\system\CodeIgniter.php(432): CodeIgniter\CodeIgniter->runController(Object(App\Controllers\MyAccount))
#6 C:\xampp\htdocs\projects\tija\system\CodeIgniter.php(333): CodeIgniter\CodeIgniter->handleRequest(NULL, Object(Config\Cache), false)
#7 C:\xampp\htdocs\projects\tija\index.php(44): CodeIgniter\CodeIgniter->run()
#8 {main}
CRITICAL - 2021-07-18 00:27:31 --> syntax error, unexpected '?>'
#0 C:\xampp\htdocs\projects\tija\system\View\View.php(222): CodeIgniter\View\View->CodeIgniter\View\{closure}()
#1 C:\xampp\htdocs\projects\tija\system\Common.php(1217): CodeIgniter\View\View->render('my-account', Array, true)
#2 C:\xampp\htdocs\projects\tija\app\Controllers\BaseController.php(96): view('my-account', Array)
#3 C:\xampp\htdocs\projects\tija\app\Controllers\MyAccount.php(18): App\Controllers\BaseController->loadtemplate('my-account', Array)
#4 C:\xampp\htdocs\projects\tija\system\CodeIgniter.php(936): App\Controllers\MyAccount->my_account()
#5 C:\xampp\htdocs\projects\tija\system\CodeIgniter.php(432): CodeIgniter\CodeIgniter->runController(Object(App\Controllers\MyAccount))
#6 C:\xampp\htdocs\projects\tija\system\CodeIgniter.php(333): CodeIgniter\CodeIgniter->handleRequest(NULL, Object(Config\Cache), false)
#7 C:\xampp\htdocs\projects\tija\index.php(44): CodeIgniter\CodeIgniter->run()
#8 {main}
CRITICAL - 2021-07-18 00:27:43 --> Call to a member function getGet() on null
#0 C:\xampp\htdocs\projects\tija\system\View\View.php(220): include()
#1 C:\xampp\htdocs\projects\tija\system\View\View.php(222): CodeIgniter\View\View->CodeIgniter\View\{closure}()
#2 C:\xampp\htdocs\projects\tija\system\Common.php(1217): CodeIgniter\View\View->render('my-account', Array, true)
#3 C:\xampp\htdocs\projects\tija\app\Controllers\BaseController.php(96): view('my-account', Array)
#4 C:\xampp\htdocs\projects\tija\app\Controllers\MyAccount.php(18): App\Controllers\BaseController->loadtemplate('my-account', Array)
#5 C:\xampp\htdocs\projects\tija\system\CodeIgniter.php(936): App\Controllers\MyAccount->my_account()
#6 C:\xampp\htdocs\projects\tija\system\CodeIgniter.php(432): CodeIgniter\CodeIgniter->runController(Object(App\Controllers\MyAccount))
#7 C:\xampp\htdocs\projects\tija\system\CodeIgniter.php(333): CodeIgniter\CodeIgniter->handleRequest(NULL, Object(Config\Cache), false)
#8 C:\xampp\htdocs\projects\tija\index.php(44): CodeIgniter\CodeIgniter->run()
#9 {main}
CRITICAL - 2021-07-18 00:27:44 --> Call to a member function getGet() on null
#0 C:\xampp\htdocs\projects\tija\system\View\View.php(220): include()
#1 C:\xampp\htdocs\projects\tija\system\View\View.php(222): CodeIgniter\View\View->CodeIgniter\View\{closure}()
#2 C:\xampp\htdocs\projects\tija\system\Common.php(1217): CodeIgniter\View\View->render('my-account', Array, true)
#3 C:\xampp\htdocs\projects\tija\app\Controllers\BaseController.php(96): view('my-account', Array)
#4 C:\xampp\htdocs\projects\tija\app\Controllers\MyAccount.php(18): App\Controllers\BaseController->loadtemplate('my-account', Array)
#5 C:\xampp\htdocs\projects\tija\system\CodeIgniter.php(936): App\Controllers\MyAccount->my_account()
#6 C:\xampp\htdocs\projects\tija\system\CodeIgniter.php(432): CodeIgniter\CodeIgniter->runController(Object(App\Controllers\MyAccount))
#7 C:\xampp\htdocs\projects\tija\system\CodeIgniter.php(333): CodeIgniter\CodeIgniter->handleRequest(NULL, Object(Config\Cache), false)
#8 C:\xampp\htdocs\projects\tija\index.php(44): CodeIgniter\CodeIgniter->run()
#9 {main}
CRITICAL - 2021-07-18 00:28:03 --> Call to a member function getGet() on null
#0 C:\xampp\htdocs\projects\tija\system\View\View.php(220): include()
#1 C:\xampp\htdocs\projects\tija\system\View\View.php(222): CodeIgniter\View\View->CodeIgniter\View\{closure}()
#2 C:\xampp\htdocs\projects\tija\system\Common.php(1217): CodeIgniter\View\View->render('my-account', Array, true)
#3 C:\xampp\htdocs\projects\tija\app\Controllers\BaseController.php(96): view('my-account', Array)
#4 C:\xampp\htdocs\projects\tija\app\Controllers\MyAccount.php(18): App\Controllers\BaseController->loadtemplate('my-account', Array)
#5 C:\xampp\htdocs\projects\tija\system\CodeIgniter.php(936): App\Controllers\MyAccount->my_account()
#6 C:\xampp\htdocs\projects\tija\system\CodeIgniter.php(432): CodeIgniter\CodeIgniter->runController(Object(App\Controllers\MyAccount))
#7 C:\xampp\htdocs\projects\tija\system\CodeIgniter.php(333): CodeIgniter\CodeIgniter->handleRequest(NULL, Object(Config\Cache), false)
#8 C:\xampp\htdocs\projects\tija\index.php(44): CodeIgniter\CodeIgniter->run()
#9 {main}
CRITICAL - 2021-07-18 00:28:25 --> Call to a member function getGet() on null
#0 C:\xampp\htdocs\projects\tija\system\View\View.php(220): include()
#1 C:\xampp\htdocs\projects\tija\system\View\View.php(222): CodeIgniter\View\View->CodeIgniter\View\{closure}()
#2 C:\xampp\htdocs\projects\tija\system\Common.php(1217): CodeIgniter\View\View->render('my-account', Array, true)
#3 C:\xampp\htdocs\projects\tija\app\Controllers\BaseController.php(96): view('my-account', Array)
#4 C:\xampp\htdocs\projects\tija\app\Controllers\MyAccount.php(18): App\Controllers\BaseController->loadtemplate('my-account', Array)
#5 C:\xampp\htdocs\projects\tija\system\CodeIgniter.php(936): App\Controllers\MyAccount->my_account()
#6 C:\xampp\htdocs\projects\tija\system\CodeIgniter.php(432): CodeIgniter\CodeIgniter->runController(Object(App\Controllers\MyAccount))
#7 C:\xampp\htdocs\projects\tija\system\CodeIgniter.php(333): CodeIgniter\CodeIgniter->handleRequest(NULL, Object(Config\Cache), false)
#8 C:\xampp\htdocs\projects\tija\index.php(44): CodeIgniter\CodeIgniter->run()
#9 {main}
CRITICAL - 2021-07-18 00:44:57 --> syntax error, unexpected '"'
#0 C:\xampp\htdocs\projects\tija\system\Autoloader\Autoloader.php(265): CodeIgniter\Autoloader\Autoloader->includeFile('C:\\xampp\\htdocs...')
#1 C:\xampp\htdocs\projects\tija\system\Autoloader\Autoloader.php(228): CodeIgniter\Autoloader\Autoloader->loadInNamespace('App\\Models\\Cust...')
#2 [internal function]: CodeIgniter\Autoloader\Autoloader->loadClass('App\\Models\\Cust...')
#3 C:\xampp\htdocs\projects\tija\app\Controllers\Customers.php(11): spl_autoload_call('App\\Models\\Cust...')
#4 C:\xampp\htdocs\projects\tija\system\CodeIgniter.php(908): App\Controllers\Customers->__construct()
#5 C:\xampp\htdocs\projects\tija\system\CodeIgniter.php(422): CodeIgniter\CodeIgniter->createController()
#6 C:\xampp\htdocs\projects\tija\system\CodeIgniter.php(333): CodeIgniter\CodeIgniter->handleRequest(NULL, Object(Config\Cache), false)
#7 C:\xampp\htdocs\projects\tija\index.php(44): CodeIgniter\CodeIgniter->run()
#8 {main}
ERROR - 2021-07-18 23:18:31 --> Error connecting to the database: No connection could be made because the target machine actively refused it.

ERROR - 2021-07-18 23:18:31 --> Error connecting to the database: No connection could be made because the target machine actively refused it.

CRITICAL - 2021-07-18 23:18:31 --> Unable to connect to the database.
#0 C:\xampp\htdocs\projects\tija\system\Database\BaseConnection.php(618): CodeIgniter\Database\BaseConnection->initialize()
#1 C:\xampp\htdocs\projects\tija\app\Models\Admin\SettingsModel.php(11): CodeIgniter\Database\BaseConnection->query('SELECT * FROM s...')
#2 C:\xampp\htdocs\projects\tija\app\Controllers\BaseController.php(59): App\Models\Admin\SettingsModel->get_site_details()
#3 C:\xampp\htdocs\projects\tija\system\CodeIgniter.php(909): App\Controllers\BaseController->initController(Object(CodeIgniter\HTTP\IncomingRequest), Object(CodeIgniter\HTTP\Response), Object(CodeIgniter\Log\Logger))
#4 C:\xampp\htdocs\projects\tija\system\CodeIgniter.php(422): CodeIgniter\CodeIgniter->createController()
#5 C:\xampp\htdocs\projects\tija\system\CodeIgniter.php(333): CodeIgniter\CodeIgniter->handleRequest(NULL, Object(Config\Cache), false)
#6 C:\xampp\htdocs\projects\tija\index.php(44): CodeIgniter\CodeIgniter->run()
#7 {main}
CRITICAL - 2021-07-18 23:18:31 --> Unable to connect to the database.
#0 C:\xampp\htdocs\projects\tija\system\Database\BaseConnection.php(618): CodeIgniter\Database\BaseConnection->initialize()
#1 C:\xampp\htdocs\projects\tija\app\Models\Admin\SettingsModel.php(11): CodeIgniter\Database\BaseConnection->query('SELECT * FROM s...')
#2 C:\xampp\htdocs\projects\tija\app\Controllers\BaseController.php(59): App\Models\Admin\SettingsModel->get_site_details()
#3 C:\xampp\htdocs\projects\tija\system\CodeIgniter.php(909): App\Controllers\BaseController->initController(Object(CodeIgniter\HTTP\IncomingRequest), Object(CodeIgniter\HTTP\Response), Object(CodeIgniter\Log\Logger))
#4 C:\xampp\htdocs\projects\tija\system\CodeIgniter.php(422): CodeIgniter\CodeIgniter->createController()
#5 C:\xampp\htdocs\projects\tija\system\CodeIgniter.php(333): CodeIgniter\CodeIgniter->handleRequest(NULL, Object(Config\Cache), false)
#6 C:\xampp\htdocs\projects\tija\index.php(44): CodeIgniter\CodeIgniter->run()
#7 {main}
ERROR - 2021-07-18 23:18:45 --> Error connecting to the database: No connection could be made because the target machine actively refused it.

CRITICAL - 2021-07-18 23:18:45 --> Unable to connect to the database.
#0 C:\xampp\htdocs\projects\tija\system\Database\BaseConnection.php(618): CodeIgniter\Database\BaseConnection->initialize()
#1 C:\xampp\htdocs\projects\tija\app\Models\Admin\SettingsModel.php(11): CodeIgniter\Database\BaseConnection->query('SELECT * FROM s...')
#2 C:\xampp\htdocs\projects\tija\app\Controllers\BaseController.php(59): App\Models\Admin\SettingsModel->get_site_details()
#3 C:\xampp\htdocs\projects\tija\system\CodeIgniter.php(909): App\Controllers\BaseController->initController(Object(CodeIgniter\HTTP\IncomingRequest), Object(CodeIgniter\HTTP\Response), Object(CodeIgniter\Log\Logger))
#4 C:\xampp\htdocs\projects\tija\system\CodeIgniter.php(422): CodeIgniter\CodeIgniter->createController()
#5 C:\xampp\htdocs\projects\tija\system\CodeIgniter.php(333): CodeIgniter\CodeIgniter->handleRequest(NULL, Object(Config\Cache), false)
#6 C:\xampp\htdocs\projects\tija\index.php(44): CodeIgniter\CodeIgniter->run()
#7 {main}
ERROR - 2021-07-18 23:18:49 --> Error connecting to the database: No connection could be made because the target machine actively refused it.

CRITICAL - 2021-07-18 23:18:49 --> Unable to connect to the database.
#0 C:\xampp\htdocs\projects\tija\system\Database\BaseConnection.php(618): CodeIgniter\Database\BaseConnection->initialize()
#1 C:\xampp\htdocs\projects\tija\app\Models\Admin\SettingsModel.php(11): CodeIgniter\Database\BaseConnection->query('SELECT * FROM s...')
#2 C:\xampp\htdocs\projects\tija\app\Controllers\BaseController.php(59): App\Models\Admin\SettingsModel->get_site_details()
#3 C:\xampp\htdocs\projects\tija\system\CodeIgniter.php(909): App\Controllers\BaseController->initController(Object(CodeIgniter\HTTP\IncomingRequest), Object(CodeIgniter\HTTP\Response), Object(CodeIgniter\Log\Logger))
#4 C:\xampp\htdocs\projects\tija\system\CodeIgniter.php(422): CodeIgniter\CodeIgniter->createController()
#5 C:\xampp\htdocs\projects\tija\system\CodeIgniter.php(333): CodeIgniter\CodeIgniter->handleRequest(NULL, Object(Config\Cache), false)
#6 C:\xampp\htdocs\projects\tija\index.php(44): CodeIgniter\CodeIgniter->run()
#7 {main}
ERROR - 2021-07-18 23:19:42 --> Error connecting to the database: No connection could be made because the target machine actively refused it.

CRITICAL - 2021-07-18 23:19:42 --> Unable to connect to the database.
#0 C:\xampp\htdocs\projects\tija\system\Database\BaseConnection.php(618): CodeIgniter\Database\BaseConnection->initialize()
#1 C:\xampp\htdocs\projects\tija\app\Models\Admin\SettingsModel.php(11): CodeIgniter\Database\BaseConnection->query('SELECT * FROM s...')
#2 C:\xampp\htdocs\projects\tija\app\Controllers\BaseController.php(59): App\Models\Admin\SettingsModel->get_site_details()
#3 C:\xampp\htdocs\projects\tija\system\CodeIgniter.php(909): App\Controllers\BaseController->initController(Object(CodeIgniter\HTTP\IncomingRequest), Object(CodeIgniter\HTTP\Response), Object(CodeIgniter\Log\Logger))
#4 C:\xampp\htdocs\projects\tija\system\CodeIgniter.php(422): CodeIgniter\CodeIgniter->createController()
#5 C:\xampp\htdocs\projects\tija\system\CodeIgniter.php(333): CodeIgniter\CodeIgniter->handleRequest(NULL, Object(Config\Cache), false)
#6 C:\xampp\htdocs\projects\tija\index.php(44): CodeIgniter\CodeIgniter->run()
#7 {main}
CRITICAL - 2021-07-18 15:26:07 --> syntax error, unexpected 'return' (T_RETURN)
#0 C:\xampp\htdocs\projects\tija\system\Autoloader\Autoloader.php(265): CodeIgniter\Autoloader\Autoloader->includeFile('C:\\xampp\\htdocs...')
#1 C:\xampp\htdocs\projects\tija\system\Autoloader\Autoloader.php(228): CodeIgniter\Autoloader\Autoloader->loadInNamespace('App\\Controllers...')
#2 [internal function]: CodeIgniter\Autoloader\Autoloader->loadClass('App\\Controllers...')
#3 [internal function]: spl_autoload_call('App\\Controllers...')
#4 C:\xampp\htdocs\projects\tija\system\CodeIgniter.php(893): class_exists('\\App\\Controller...', true)
#5 C:\xampp\htdocs\projects\tija\system\CodeIgniter.php(417): CodeIgniter\CodeIgniter->startController()
#6 C:\xampp\htdocs\projects\tija\system\CodeIgniter.php(333): CodeIgniter\CodeIgniter->handleRequest(NULL, Object(Config\Cache), false)
#7 C:\xampp\htdocs\projects\tija\index.php(44): CodeIgniter\CodeIgniter->run()
#8 {main}
CRITICAL - 2021-07-18 15:26:08 --> syntax error, unexpected 'return' (T_RETURN)
#0 C:\xampp\htdocs\projects\tija\system\Autoloader\Autoloader.php(265): CodeIgniter\Autoloader\Autoloader->includeFile('C:\\xampp\\htdocs...')
#1 C:\xampp\htdocs\projects\tija\system\Autoloader\Autoloader.php(228): CodeIgniter\Autoloader\Autoloader->loadInNamespace('App\\Controllers...')
#2 [internal function]: CodeIgniter\Autoloader\Autoloader->loadClass('App\\Controllers...')
#3 [internal function]: spl_autoload_call('App\\Controllers...')
#4 C:\xampp\htdocs\projects\tija\system\CodeIgniter.php(893): class_exists('\\App\\Controller...', true)
#5 C:\xampp\htdocs\projects\tija\system\CodeIgniter.php(417): CodeIgniter\CodeIgniter->startController()
#6 C:\xampp\htdocs\projects\tija\system\CodeIgniter.php(333): CodeIgniter\CodeIgniter->handleRequest(NULL, Object(Config\Cache), false)
#7 C:\xampp\htdocs\projects\tija\index.php(44): CodeIgniter\CodeIgniter->run()
#8 {main}
CRITICAL - 2021-07-18 15:28:21 --> syntax error, unexpected '$this' (T_VARIABLE)
#0 C:\xampp\htdocs\projects\tija\system\Autoloader\Autoloader.php(265): CodeIgniter\Autoloader\Autoloader->includeFile('C:\\xampp\\htdocs...')
#1 C:\xampp\htdocs\projects\tija\system\Autoloader\Autoloader.php(228): CodeIgniter\Autoloader\Autoloader->loadInNamespace('App\\Controllers...')
#2 [internal function]: CodeIgniter\Autoloader\Autoloader->loadClass('App\\Controllers...')
#3 C:\xampp\htdocs\projects\tija\app\Controllers\MyAccount.php(7): spl_autoload_call('App\\Controllers...')
#4 C:\xampp\htdocs\projects\tija\system\Autoloader\Autoloader.php(294): include_once('C:\\xampp\\htdocs...')
#5 C:\xampp\htdocs\projects\tija\system\Autoloader\Autoloader.php(265): CodeIgniter\Autoloader\Autoloader->includeFile('C:\\xampp\\htdocs...')
#6 C:\xampp\htdocs\projects\tija\system\Autoloader\Autoloader.php(228): CodeIgniter\Autoloader\Autoloader->loadInNamespace('App\\Controllers...')
#7 [internal function]: CodeIgniter\Autoloader\Autoloader->loadClass('App\\Controllers...')
#8 [internal function]: spl_autoload_call('App\\Controllers...')
#9 C:\xampp\htdocs\projects\tija\system\CodeIgniter.php(893): class_exists('\\App\\Controller...', true)
#10 C:\xampp\htdocs\projects\tija\system\CodeIgniter.php(417): CodeIgniter\CodeIgniter->startController()
#11 C:\xampp\htdocs\projects\tija\system\CodeIgniter.php(333): CodeIgniter\CodeIgniter->handleRequest(NULL, Object(Config\Cache), false)
#12 C:\xampp\htdocs\projects\tija\index.php(44): CodeIgniter\CodeIgniter->run()
#13 {main}
CRITICAL - 2021-07-18 15:30:14 --> syntax error, unexpected '$this' (T_VARIABLE)
#0 C:\xampp\htdocs\projects\tija\system\Autoloader\Autoloader.php(265): CodeIgniter\Autoloader\Autoloader->includeFile('C:\\xampp\\htdocs...')
#1 C:\xampp\htdocs\projects\tija\system\Autoloader\Autoloader.php(228): CodeIgniter\Autoloader\Autoloader->loadInNamespace('App\\Controllers...')
#2 [internal function]: CodeIgniter\Autoloader\Autoloader->loadClass('App\\Controllers...')
#3 C:\xampp\htdocs\projects\tija\app\Controllers\MyAccount.php(7): spl_autoload_call('App\\Controllers...')
#4 C:\xampp\htdocs\projects\tija\system\Autoloader\Autoloader.php(294): include_once('C:\\xampp\\htdocs...')
#5 C:\xampp\htdocs\projects\tija\system\Autoloader\Autoloader.php(265): CodeIgniter\Autoloader\Autoloader->includeFile('C:\\xampp\\htdocs...')
#6 C:\xampp\htdocs\projects\tija\system\Autoloader\Autoloader.php(228): CodeIgniter\Autoloader\Autoloader->loadInNamespace('App\\Controllers...')
#7 [internal function]: CodeIgniter\Autoloader\Autoloader->loadClass('App\\Controllers...')
#8 [internal function]: spl_autoload_call('App\\Controllers...')
#9 C:\xampp\htdocs\projects\tija\system\CodeIgniter.php(893): class_exists('\\App\\Controller...', true)
#10 C:\xampp\htdocs\projects\tija\system\CodeIgniter.php(417): CodeIgniter\CodeIgniter->startController()
#11 C:\xampp\htdocs\projects\tija\system\CodeIgniter.php(333): CodeIgniter\CodeIgniter->handleRequest(NULL, Object(Config\Cache), false)
#12 C:\xampp\htdocs\projects\tija\index.php(44): CodeIgniter\CodeIgniter->run()
#13 {main}
CRITICAL - 2021-07-18 15:30:16 --> syntax error, unexpected '$this' (T_VARIABLE)
#0 C:\xampp\htdocs\projects\tija\system\Autoloader\Autoloader.php(265): CodeIgniter\Autoloader\Autoloader->includeFile('C:\\xampp\\htdocs...')
#1 C:\xampp\htdocs\projects\tija\system\Autoloader\Autoloader.php(228): CodeIgniter\Autoloader\Autoloader->loadInNamespace('App\\Controllers...')
#2 [internal function]: CodeIgniter\Autoloader\Autoloader->loadClass('App\\Controllers...')
#3 C:\xampp\htdocs\projects\tija\app\Controllers\MyAccount.php(7): spl_autoload_call('App\\Controllers...')
#4 C:\xampp\htdocs\projects\tija\system\Autoloader\Autoloader.php(294): include_once('C:\\xampp\\htdocs...')
#5 C:\xampp\htdocs\projects\tija\system\Autoloader\Autoloader.php(265): CodeIgniter\Autoloader\Autoloader->includeFile('C:\\xampp\\htdocs...')
#6 C:\xampp\htdocs\projects\tija\system\Autoloader\Autoloader.php(228): CodeIgniter\Autoloader\Autoloader->loadInNamespace('App\\Controllers...')
#7 [internal function]: CodeIgniter\Autoloader\Autoloader->loadClass('App\\Controllers...')
#8 [internal function]: spl_autoload_call('App\\Controllers...')
#9 C:\xampp\htdocs\projects\tija\system\CodeIgniter.php(893): class_exists('\\App\\Controller...', true)
#10 C:\xampp\htdocs\projects\tija\system\CodeIgniter.php(417): CodeIgniter\CodeIgniter->startController()
#11 C:\xampp\htdocs\projects\tija\system\CodeIgniter.php(333): CodeIgniter\CodeIgniter->handleRequest(NULL, Object(Config\Cache), false)
#12 C:\xampp\htdocs\projects\tija\index.php(44): CodeIgniter\CodeIgniter->run()
#13 {main}
CRITICAL - 2021-07-18 15:30:35 --> syntax error, unexpected '$this' (T_VARIABLE)
#0 C:\xampp\htdocs\projects\tija\system\Autoloader\Autoloader.php(265): CodeIgniter\Autoloader\Autoloader->includeFile('C:\\xampp\\htdocs...')
#1 C:\xampp\htdocs\projects\tija\system\Autoloader\Autoloader.php(228): CodeIgniter\Autoloader\Autoloader->loadInNamespace('App\\Controllers...')
#2 [internal function]: CodeIgniter\Autoloader\Autoloader->loadClass('App\\Controllers...')
#3 C:\xampp\htdocs\projects\tija\app\Controllers\MyAccount.php(7): spl_autoload_call('App\\Controllers...')
#4 C:\xampp\htdocs\projects\tija\system\Autoloader\Autoloader.php(294): include_once('C:\\xampp\\htdocs...')
#5 C:\xampp\htdocs\projects\tija\system\Autoloader\Autoloader.php(265): CodeIgniter\Autoloader\Autoloader->includeFile('C:\\xampp\\htdocs...')
#6 C:\xampp\htdocs\projects\tija\system\Autoloader\Autoloader.php(228): CodeIgniter\Autoloader\Autoloader->loadInNamespace('App\\Controllers...')
#7 [internal function]: CodeIgniter\Autoloader\Autoloader->loadClass('App\\Controllers...')
#8 [internal function]: spl_autoload_call('App\\Controllers...')
#9 C:\xampp\htdocs\projects\tija\system\CodeIgniter.php(893): class_exists('\\App\\Controller...', true)
#10 C:\xampp\htdocs\projects\tija\system\CodeIgniter.php(417): CodeIgniter\CodeIgniter->startController()
#11 C:\xampp\htdocs\projects\tija\system\CodeIgniter.php(333): CodeIgniter\CodeIgniter->handleRequest(NULL, Object(Config\Cache), false)
#12 C:\xampp\htdocs\projects\tija\index.php(44): CodeIgniter\CodeIgniter->run()
#13 {main}
CRITICAL - 2021-07-18 15:30:35 --> syntax error, unexpected '$this' (T_VARIABLE)
#0 C:\xampp\htdocs\projects\tija\system\Autoloader\Autoloader.php(265): CodeIgniter\Autoloader\Autoloader->includeFile('C:\\xampp\\htdocs...')
#1 C:\xampp\htdocs\projects\tija\system\Autoloader\Autoloader.php(228): CodeIgniter\Autoloader\Autoloader->loadInNamespace('App\\Controllers...')
#2 [internal function]: CodeIgniter\Autoloader\Autoloader->loadClass('App\\Controllers...')
#3 C:\xampp\htdocs\projects\tija\app\Controllers\MyAccount.php(7): spl_autoload_call('App\\Controllers...')
#4 C:\xampp\htdocs\projects\tija\system\Autoloader\Autoloader.php(294): include_once('C:\\xampp\\htdocs...')
#5 C:\xampp\htdocs\projects\tija\system\Autoloader\Autoloader.php(265): CodeIgniter\Autoloader\Autoloader->includeFile('C:\\xampp\\htdocs...')
#6 C:\xampp\htdocs\projects\tija\system\Autoloader\Autoloader.php(228): CodeIgniter\Autoloader\Autoloader->loadInNamespace('App\\Controllers...')
#7 [internal function]: CodeIgniter\Autoloader\Autoloader->loadClass('App\\Controllers...')
#8 [internal function]: spl_autoload_call('App\\Controllers...')
#9 C:\xampp\htdocs\projects\tija\system\CodeIgniter.php(893): class_exists('\\App\\Controller...', true)
#10 C:\xampp\htdocs\projects\tija\system\CodeIgniter.php(417): CodeIgniter\CodeIgniter->startController()
#11 C:\xampp\htdocs\projects\tija\system\CodeIgniter.php(333): CodeIgniter\CodeIgniter->handleRequest(NULL, Object(Config\Cache), false)
#12 C:\xampp\htdocs\projects\tija\index.php(44): CodeIgniter\CodeIgniter->run()
#13 {main}
CRITICAL - 2021-07-18 15:30:36 --> syntax error, unexpected '$this' (T_VARIABLE)
#0 C:\xampp\htdocs\projects\tija\system\Autoloader\Autoloader.php(265): CodeIgniter\Autoloader\Autoloader->includeFile('C:\\xampp\\htdocs...')
#1 C:\xampp\htdocs\projects\tija\system\Autoloader\Autoloader.php(228): CodeIgniter\Autoloader\Autoloader->loadInNamespace('App\\Controllers...')
#2 [internal function]: CodeIgniter\Autoloader\Autoloader->loadClass('App\\Controllers...')
#3 C:\xampp\htdocs\projects\tija\app\Controllers\MyAccount.php(7): spl_autoload_call('App\\Controllers...')
#4 C:\xampp\htdocs\projects\tija\system\Autoloader\Autoloader.php(294): include_once('C:\\xampp\\htdocs...')
#5 C:\xampp\htdocs\projects\tija\system\Autoloader\Autoloader.php(265): CodeIgniter\Autoloader\Autoloader->includeFile('C:\\xampp\\htdocs...')
#6 C:\xampp\htdocs\projects\tija\system\Autoloader\Autoloader.php(228): CodeIgniter\Autoloader\Autoloader->loadInNamespace('App\\Controllers...')
#7 [internal function]: CodeIgniter\Autoloader\Autoloader->loadClass('App\\Controllers...')
#8 [internal function]: spl_autoload_call('App\\Controllers...')
#9 C:\xampp\htdocs\projects\tija\system\CodeIgniter.php(893): class_exists('\\App\\Controller...', true)
#10 C:\xampp\htdocs\projects\tija\system\CodeIgniter.php(417): CodeIgniter\CodeIgniter->startController()
#11 C:\xampp\htdocs\projects\tija\system\CodeIgniter.php(333): CodeIgniter\CodeIgniter->handleRequest(NULL, Object(Config\Cache), false)
#12 C:\xampp\htdocs\projects\tija\index.php(44): CodeIgniter\CodeIgniter->run()
#13 {main}
CRITICAL - 2021-07-18 15:31:34 --> syntax error, unexpected 'pre' (T_STRING)
#0 C:\xampp\htdocs\projects\tija\system\Autoloader\Autoloader.php(265): CodeIgniter\Autoloader\Autoloader->includeFile('C:\\xampp\\htdocs...')
#1 C:\xampp\htdocs\projects\tija\system\Autoloader\Autoloader.php(228): CodeIgniter\Autoloader\Autoloader->loadInNamespace('App\\Controllers...')
#2 [internal function]: CodeIgniter\Autoloader\Autoloader->loadClass('App\\Controllers...')
#3 C:\xampp\htdocs\projects\tija\app\Controllers\MyAccount.php(7): spl_autoload_call('App\\Controllers...')
#4 C:\xampp\htdocs\projects\tija\system\Autoloader\Autoloader.php(294): include_once('C:\\xampp\\htdocs...')
#5 C:\xampp\htdocs\projects\tija\system\Autoloader\Autoloader.php(265): CodeIgniter\Autoloader\Autoloader->includeFile('C:\\xampp\\htdocs...')
#6 C:\xampp\htdocs\projects\tija\system\Autoloader\Autoloader.php(228): CodeIgniter\Autoloader\Autoloader->loadInNamespace('App\\Controllers...')
#7 [internal function]: CodeIgniter\Autoloader\Autoloader->loadClass('App\\Controllers...')
#8 [internal function]: spl_autoload_call('App\\Controllers...')
#9 C:\xampp\htdocs\projects\tija\system\CodeIgniter.php(893): class_exists('\\App\\Controller...', true)
#10 C:\xampp\htdocs\projects\tija\system\CodeIgniter.php(417): CodeIgniter\CodeIgniter->startController()
#11 C:\xampp\htdocs\projects\tija\system\CodeIgniter.php(333): CodeIgniter\CodeIgniter->handleRequest(NULL, Object(Config\Cache), false)
#12 C:\xampp\htdocs\projects\tija\index.php(44): CodeIgniter\CodeIgniter->run()
#13 {main}
CRITICAL - 2021-07-18 15:31:34 --> syntax error, unexpected 'pre' (T_STRING)
#0 C:\xampp\htdocs\projects\tija\system\Autoloader\Autoloader.php(265): CodeIgniter\Autoloader\Autoloader->includeFile('C:\\xampp\\htdocs...')
#1 C:\xampp\htdocs\projects\tija\system\Autoloader\Autoloader.php(228): CodeIgniter\Autoloader\Autoloader->loadInNamespace('App\\Controllers...')
#2 [internal function]: CodeIgniter\Autoloader\Autoloader->loadClass('App\\Controllers...')
#3 C:\xampp\htdocs\projects\tija\app\Controllers\MyAccount.php(7): spl_autoload_call('App\\Controllers...')
#4 C:\xampp\htdocs\projects\tija\system\Autoloader\Autoloader.php(294): include_once('C:\\xampp\\htdocs...')
#5 C:\xampp\htdocs\projects\tija\system\Autoloader\Autoloader.php(265): CodeIgniter\Autoloader\Autoloader->includeFile('C:\\xampp\\htdocs...')
#6 C:\xampp\htdocs\projects\tija\system\Autoloader\Autoloader.php(228): CodeIgniter\Autoloader\Autoloader->loadInNamespace('App\\Controllers...')
#7 [internal function]: CodeIgniter\Autoloader\Autoloader->loadClass('App\\Controllers...')
#8 [internal function]: spl_autoload_call('App\\Controllers...')
#9 C:\xampp\htdocs\projects\tija\system\CodeIgniter.php(893): class_exists('\\App\\Controller...', true)
#10 C:\xampp\htdocs\projects\tija\system\CodeIgniter.php(417): CodeIgniter\CodeIgniter->startController()
#11 C:\xampp\htdocs\projects\tija\system\CodeIgniter.php(333): CodeIgniter\CodeIgniter->handleRequest(NULL, Object(Config\Cache), false)
#12 C:\xampp\htdocs\projects\tija\index.php(44): CodeIgniter\CodeIgniter->run()
#13 {main}
CRITICAL - 2021-07-18 15:31:35 --> syntax error, unexpected 'pre' (T_STRING)
#0 C:\xampp\htdocs\projects\tija\system\Autoloader\Autoloader.php(265): CodeIgniter\Autoloader\Autoloader->includeFile('C:\\xampp\\htdocs...')
#1 C:\xampp\htdocs\projects\tija\system\Autoloader\Autoloader.php(228): CodeIgniter\Autoloader\Autoloader->loadInNamespace('App\\Controllers...')
#2 [internal function]: CodeIgniter\Autoloader\Autoloader->loadClass('App\\Controllers...')
#3 C:\xampp\htdocs\projects\tija\app\Controllers\MyAccount.php(7): spl_autoload_call('App\\Controllers...')
#4 C:\xampp\htdocs\projects\tija\system\Autoloader\Autoloader.php(294): include_once('C:\\xampp\\htdocs...')
#5 C:\xampp\htdocs\projects\tija\system\Autoloader\Autoloader.php(265): CodeIgniter\Autoloader\Autoloader->includeFile('C:\\xampp\\htdocs...')
#6 C:\xampp\htdocs\projects\tija\system\Autoloader\Autoloader.php(228): CodeIgniter\Autoloader\Autoloader->loadInNamespace('App\\Controllers...')
#7 [internal function]: CodeIgniter\Autoloader\Autoloader->loadClass('App\\Controllers...')
#8 [internal function]: spl_autoload_call('App\\Controllers...')
#9 C:\xampp\htdocs\projects\tija\system\CodeIgniter.php(893): class_exists('\\App\\Controller...', true)
#10 C:\xampp\htdocs\projects\tija\system\CodeIgniter.php(417): CodeIgniter\CodeIgniter->startController()
#11 C:\xampp\htdocs\projects\tija\system\CodeIgniter.php(333): CodeIgniter\CodeIgniter->handleRequest(NULL, Object(Config\Cache), false)
#12 C:\xampp\htdocs\projects\tija\index.php(44): CodeIgniter\CodeIgniter->run()
#13 {main}
CRITICAL - 2021-07-18 15:31:46 --> syntax error, unexpected 'print_r' (T_STRING)
#0 C:\xampp\htdocs\projects\tija\system\Autoloader\Autoloader.php(265): CodeIgniter\Autoloader\Autoloader->includeFile('C:\\xampp\\htdocs...')
#1 C:\xampp\htdocs\projects\tija\system\Autoloader\Autoloader.php(228): CodeIgniter\Autoloader\Autoloader->loadInNamespace('App\\Controllers...')
#2 [internal function]: CodeIgniter\Autoloader\Autoloader->loadClass('App\\Controllers...')
#3 C:\xampp\htdocs\projects\tija\app\Controllers\MyAccount.php(7): spl_autoload_call('App\\Controllers...')
#4 C:\xampp\htdocs\projects\tija\system\Autoloader\Autoloader.php(294): include_once('C:\\xampp\\htdocs...')
#5 C:\xampp\htdocs\projects\tija\system\Autoloader\Autoloader.php(265): CodeIgniter\Autoloader\Autoloader->includeFile('C:\\xampp\\htdocs...')
#6 C:\xampp\htdocs\projects\tija\system\Autoloader\Autoloader.php(228): CodeIgniter\Autoloader\Autoloader->loadInNamespace('App\\Controllers...')
#7 [internal function]: CodeIgniter\Autoloader\Autoloader->loadClass('App\\Controllers...')
#8 [internal function]: spl_autoload_call('App\\Controllers...')
#9 C:\xampp\htdocs\projects\tija\system\CodeIgniter.php(893): class_exists('\\App\\Controller...', true)
#10 C:\xampp\htdocs\projects\tija\system\CodeIgniter.php(417): CodeIgniter\CodeIgniter->startController()
#11 C:\xampp\htdocs\projects\tija\system\CodeIgniter.php(333): CodeIgniter\CodeIgniter->handleRequest(NULL, Object(Config\Cache), false)
#12 C:\xampp\htdocs\projects\tija\index.php(44): CodeIgniter\CodeIgniter->run()
#13 {main}
CRITICAL - 2021-07-18 15:31:46 --> syntax error, unexpected 'print_r' (T_STRING)
#0 C:\xampp\htdocs\projects\tija\system\Autoloader\Autoloader.php(265): CodeIgniter\Autoloader\Autoloader->includeFile('C:\\xampp\\htdocs...')
#1 C:\xampp\htdocs\projects\tija\system\Autoloader\Autoloader.php(228): CodeIgniter\Autoloader\Autoloader->loadInNamespace('App\\Controllers...')
#2 [internal function]: CodeIgniter\Autoloader\Autoloader->loadClass('App\\Controllers...')
#3 C:\xampp\htdocs\projects\tija\app\Controllers\MyAccount.php(7): spl_autoload_call('App\\Controllers...')
#4 C:\xampp\htdocs\projects\tija\system\Autoloader\Autoloader.php(294): include_once('C:\\xampp\\htdocs...')
#5 C:\xampp\htdocs\projects\tija\system\Autoloader\Autoloader.php(265): CodeIgniter\Autoloader\Autoloader->includeFile('C:\\xampp\\htdocs...')
#6 C:\xampp\htdocs\projects\tija\system\Autoloader\Autoloader.php(228): CodeIgniter\Autoloader\Autoloader->loadInNamespace('App\\Controllers...')
#7 [internal function]: CodeIgniter\Autoloader\Autoloader->loadClass('App\\Controllers...')
#8 [internal function]: spl_autoload_call('App\\Controllers...')
#9 C:\xampp\htdocs\projects\tija\system\CodeIgniter.php(893): class_exists('\\App\\Controller...', true)
#10 C:\xampp\htdocs\projects\tija\system\CodeIgniter.php(417): CodeIgniter\CodeIgniter->startController()
#11 C:\xampp\htdocs\projects\tija\system\CodeIgniter.php(333): CodeIgniter\CodeIgniter->handleRequest(NULL, Object(Config\Cache), false)
#12 C:\xampp\htdocs\projects\tija\index.php(44): CodeIgniter\CodeIgniter->run()
#13 {main}
CRITICAL - 2021-07-18 15:31:46 --> syntax error, unexpected 'print_r' (T_STRING)
#0 C:\xampp\htdocs\projects\tija\system\Autoloader\Autoloader.php(265): CodeIgniter\Autoloader\Autoloader->includeFile('C:\\xampp\\htdocs...')
#1 C:\xampp\htdocs\projects\tija\system\Autoloader\Autoloader.php(228): CodeIgniter\Autoloader\Autoloader->loadInNamespace('App\\Controllers...')
#2 [internal function]: CodeIgniter\Autoloader\Autoloader->loadClass('App\\Controllers...')
#3 C:\xampp\htdocs\projects\tija\app\Controllers\MyAccount.php(7): spl_autoload_call('App\\Controllers...')
#4 C:\xampp\htdocs\projects\tija\system\Autoloader\Autoloader.php(294): include_once('C:\\xampp\\htdocs...')
#5 C:\xampp\htdocs\projects\tija\system\Autoloader\Autoloader.php(265): CodeIgniter\Autoloader\Autoloader->includeFile('C:\\xampp\\htdocs...')
#6 C:\xampp\htdocs\projects\tija\system\Autoloader\Autoloader.php(228): CodeIgniter\Autoloader\Autoloader->loadInNamespace('App\\Controllers...')
#7 [internal function]: CodeIgniter\Autoloader\Autoloader->loadClass('App\\Controllers...')
#8 [internal function]: spl_autoload_call('App\\Controllers...')
#9 C:\xampp\htdocs\projects\tija\system\CodeIgniter.php(893): class_exists('\\App\\Controller...', true)
#10 C:\xampp\htdocs\projects\tija\system\CodeIgniter.php(417): CodeIgniter\CodeIgniter->startController()
#11 C:\xampp\htdocs\projects\tija\system\CodeIgniter.php(333): CodeIgniter\CodeIgniter->handleRequest(NULL, Object(Config\Cache), false)
#12 C:\xampp\htdocs\projects\tija\index.php(44): CodeIgniter\CodeIgniter->run()
#13 {main}
