CRITICAL - 2021-05-05 00:12:55 --> syntax error, unexpected '=', expecting ';'
#0 C:\xampp\htdocs\projects\education-management\system\View\View.php(222): CodeIgniter\View\View->CodeIgniter\View\{closure}()
#1 C:\xampp\htdocs\projects\education-management\system\Common.php(1217): CodeIgniter\View\View->render('Admin/students/...', Array, true)
#2 C:\xampp\htdocs\projects\education-management\app\Controllers\BaseController.php(108): view('Admin/students/...', Array)
#3 C:\xampp\htdocs\projects\education-management\app\Controllers\Admin\Students\Students.php(40): App\Controllers\BaseController->loadtemplateadmin('Admin/students/...', Array)
#4 C:\xampp\htdocs\projects\education-management\system\CodeIgniter.php(936): App\Controllers\Admin\Students\Students->courses()
#5 C:\xampp\htdocs\projects\education-management\system\CodeIgniter.php(432): CodeIgniter\CodeIgniter->runController(Object(App\Controllers\Admin\Students\Students))
#6 C:\xampp\htdocs\projects\education-management\system\CodeIgniter.php(333): CodeIgniter\CodeIgniter->handleRequest(NULL, Object(Config\Cache), false)
#7 C:\xampp\htdocs\projects\education-management\index.php(44): CodeIgniter\CodeIgniter->run()
#8 {main}
CRITICAL - 2021-05-05 00:13:07 --> syntax error, unexpected ')', expecting ';'
#0 C:\xampp\htdocs\projects\education-management\system\View\View.php(222): CodeIgniter\View\View->CodeIgniter\View\{closure}()
#1 C:\xampp\htdocs\projects\education-management\system\Common.php(1217): CodeIgniter\View\View->render('Admin/students/...', Array, true)
#2 C:\xampp\htdocs\projects\education-management\app\Controllers\BaseController.php(108): view('Admin/students/...', Array)
#3 C:\xampp\htdocs\projects\education-management\app\Controllers\Admin\Students\Students.php(40): App\Controllers\BaseController->loadtemplateadmin('Admin/students/...', Array)
#4 C:\xampp\htdocs\projects\education-management\system\CodeIgniter.php(936): App\Controllers\Admin\Students\Students->courses()
#5 C:\xampp\htdocs\projects\education-management\system\CodeIgniter.php(432): CodeIgniter\CodeIgniter->runController(Object(App\Controllers\Admin\Students\Students))
#6 C:\xampp\htdocs\projects\education-management\system\CodeIgniter.php(333): CodeIgniter\CodeIgniter->handleRequest(NULL, Object(Config\Cache), false)
#7 C:\xampp\htdocs\projects\education-management\index.php(44): CodeIgniter\CodeIgniter->run()
#8 {main}
CRITICAL - 2021-05-05 00:13:08 --> syntax error, unexpected ')', expecting ';'
#0 C:\xampp\htdocs\projects\education-management\system\View\View.php(222): CodeIgniter\View\View->CodeIgniter\View\{closure}()
#1 C:\xampp\htdocs\projects\education-management\system\Common.php(1217): CodeIgniter\View\View->render('Admin/students/...', Array, true)
#2 C:\xampp\htdocs\projects\education-management\app\Controllers\BaseController.php(108): view('Admin/students/...', Array)
#3 C:\xampp\htdocs\projects\education-management\app\Controllers\Admin\Students\Students.php(40): App\Controllers\BaseController->loadtemplateadmin('Admin/students/...', Array)
#4 C:\xampp\htdocs\projects\education-management\system\CodeIgniter.php(936): App\Controllers\Admin\Students\Students->courses()
#5 C:\xampp\htdocs\projects\education-management\system\CodeIgniter.php(432): CodeIgniter\CodeIgniter->runController(Object(App\Controllers\Admin\Students\Students))
#6 C:\xampp\htdocs\projects\education-management\system\CodeIgniter.php(333): CodeIgniter\CodeIgniter->handleRequest(NULL, Object(Config\Cache), false)
#7 C:\xampp\htdocs\projects\education-management\index.php(44): CodeIgniter\CodeIgniter->run()
#8 {main}
CRITICAL - 2021-05-05 00:13:36 --> syntax error, unexpected '$i' (T_VARIABLE), expecting ';'
#0 C:\xampp\htdocs\projects\education-management\system\View\View.php(222): CodeIgniter\View\View->CodeIgniter\View\{closure}()
#1 C:\xampp\htdocs\projects\education-management\system\Common.php(1217): CodeIgniter\View\View->render('Admin/students/...', Array, true)
#2 C:\xampp\htdocs\projects\education-management\app\Controllers\BaseController.php(108): view('Admin/students/...', Array)
#3 C:\xampp\htdocs\projects\education-management\app\Controllers\Admin\Students\Students.php(40): App\Controllers\BaseController->loadtemplateadmin('Admin/students/...', Array)
#4 C:\xampp\htdocs\projects\education-management\system\CodeIgniter.php(936): App\Controllers\Admin\Students\Students->courses()
#5 C:\xampp\htdocs\projects\education-management\system\CodeIgniter.php(432): CodeIgniter\CodeIgniter->runController(Object(App\Controllers\Admin\Students\Students))
#6 C:\xampp\htdocs\projects\education-management\system\CodeIgniter.php(333): CodeIgniter\CodeIgniter->handleRequest(NULL, Object(Config\Cache), false)
#7 C:\xampp\htdocs\projects\education-management\index.php(44): CodeIgniter\CodeIgniter->run()
#8 {main}
CRITICAL - 2021-05-05 00:13:37 --> syntax error, unexpected '$i' (T_VARIABLE), expecting ';'
#0 C:\xampp\htdocs\projects\education-management\system\View\View.php(222): CodeIgniter\View\View->CodeIgniter\View\{closure}()
#1 C:\xampp\htdocs\projects\education-management\system\Common.php(1217): CodeIgniter\View\View->render('Admin/students/...', Array, true)
#2 C:\xampp\htdocs\projects\education-management\app\Controllers\BaseController.php(108): view('Admin/students/...', Array)
#3 C:\xampp\htdocs\projects\education-management\app\Controllers\Admin\Students\Students.php(40): App\Controllers\BaseController->loadtemplateadmin('Admin/students/...', Array)
#4 C:\xampp\htdocs\projects\education-management\system\CodeIgniter.php(936): App\Controllers\Admin\Students\Students->courses()
#5 C:\xampp\htdocs\projects\education-management\system\CodeIgniter.php(432): CodeIgniter\CodeIgniter->runController(Object(App\Controllers\Admin\Students\Students))
#6 C:\xampp\htdocs\projects\education-management\system\CodeIgniter.php(333): CodeIgniter\CodeIgniter->handleRequest(NULL, Object(Config\Cache), false)
#7 C:\xampp\htdocs\projects\education-management\index.php(44): CodeIgniter\CodeIgniter->run()
#8 {main}
CRITICAL - 2021-05-05 00:13:42 --> syntax error, unexpected '}', expecting elseif (T_ELSEIF) or else (T_ELSE) or endif (T_ENDIF)
#0 C:\xampp\htdocs\projects\education-management\system\View\View.php(222): CodeIgniter\View\View->CodeIgniter\View\{closure}()
#1 C:\xampp\htdocs\projects\education-management\system\Common.php(1217): CodeIgniter\View\View->render('Admin/students/...', Array, true)
#2 C:\xampp\htdocs\projects\education-management\app\Controllers\BaseController.php(108): view('Admin/students/...', Array)
#3 C:\xampp\htdocs\projects\education-management\app\Controllers\Admin\Students\Students.php(40): App\Controllers\BaseController->loadtemplateadmin('Admin/students/...', Array)
#4 C:\xampp\htdocs\projects\education-management\system\CodeIgniter.php(936): App\Controllers\Admin\Students\Students->courses()
#5 C:\xampp\htdocs\projects\education-management\system\CodeIgniter.php(432): CodeIgniter\CodeIgniter->runController(Object(App\Controllers\Admin\Students\Students))
#6 C:\xampp\htdocs\projects\education-management\system\CodeIgniter.php(333): CodeIgniter\CodeIgniter->handleRequest(NULL, Object(Config\Cache), false)
#7 C:\xampp\htdocs\projects\education-management\index.php(44): CodeIgniter\CodeIgniter->run()
#8 {main}
CRITICAL - 2021-05-05 00:13:43 --> syntax error, unexpected '}', expecting elseif (T_ELSEIF) or else (T_ELSE) or endif (T_ENDIF)
#0 C:\xampp\htdocs\projects\education-management\system\View\View.php(222): CodeIgniter\View\View->CodeIgniter\View\{closure}()
#1 C:\xampp\htdocs\projects\education-management\system\Common.php(1217): CodeIgniter\View\View->render('Admin/students/...', Array, true)
#2 C:\xampp\htdocs\projects\education-management\app\Controllers\BaseController.php(108): view('Admin/students/...', Array)
#3 C:\xampp\htdocs\projects\education-management\app\Controllers\Admin\Students\Students.php(40): App\Controllers\BaseController->loadtemplateadmin('Admin/students/...', Array)
#4 C:\xampp\htdocs\projects\education-management\system\CodeIgniter.php(936): App\Controllers\Admin\Students\Students->courses()
#5 C:\xampp\htdocs\projects\education-management\system\CodeIgniter.php(432): CodeIgniter\CodeIgniter->runController(Object(App\Controllers\Admin\Students\Students))
#6 C:\xampp\htdocs\projects\education-management\system\CodeIgniter.php(333): CodeIgniter\CodeIgniter->handleRequest(NULL, Object(Config\Cache), false)
#7 C:\xampp\htdocs\projects\education-management\index.php(44): CodeIgniter\CodeIgniter->run()
#8 {main}
CRITICAL - 2021-05-05 01:06:20 --> Invalid argument supplied for foreach()
#0 C:\xampp\htdocs\projects\education-management\app\Views\Admin\schedules\schedules-form.php(60): CodeIgniter\Debug\Exceptions->errorHandler(2, 'Invalid argumen...', 'C:\\xampp\\htdocs...', 60, Array)
#1 C:\xampp\htdocs\projects\education-management\system\View\View.php(220): include('C:\\xampp\\htdocs...')
#2 C:\xampp\htdocs\projects\education-management\system\View\View.php(222): CodeIgniter\View\View->CodeIgniter\View\{closure}()
#3 C:\xampp\htdocs\projects\education-management\system\Common.php(1217): CodeIgniter\View\View->render('Admin/schedules...', Array, true)
#4 C:\xampp\htdocs\projects\education-management\app\Controllers\BaseController.php(108): view('Admin/schedules...', Array)
#5 C:\xampp\htdocs\projects\education-management\app\Controllers\Admin\Schedules\Schedules.php(82): App\Controllers\BaseController->loadtemplateadmin('Admin/schedules...', Array)
#6 C:\xampp\htdocs\projects\education-management\system\CodeIgniter.php(936): App\Controllers\Admin\Schedules\Schedules->add()
#7 C:\xampp\htdocs\projects\education-management\system\CodeIgniter.php(432): CodeIgniter\CodeIgniter->runController(Object(App\Controllers\Admin\Schedules\Schedules))
#8 C:\xampp\htdocs\projects\education-management\system\CodeIgniter.php(333): CodeIgniter\CodeIgniter->handleRequest(NULL, Object(Config\Cache), false)
#9 C:\xampp\htdocs\projects\education-management\index.php(44): CodeIgniter\CodeIgniter->run()
#10 {main}
ERROR - 2021-05-05 01:10:23 --> mysqli_sql_exception: Unknown column 'qualification' in 'field list' in C:\xampp\htdocs\projects\education-management\system\Database\MySQLi\Connection.php:314
Stack trace:
#0 C:\xampp\htdocs\projects\education-management\system\Database\MySQLi\Connection.php(314): mysqli->query('INSERT INTO `us...')
#1 C:\xampp\htdocs\projects\education-management\system\Database\BaseConnection.php(713): CodeIgniter\Database\MySQLi\Connection->execute('INSERT INTO `us...')
#2 C:\xampp\htdocs\projects\education-management\system\Database\BaseConnection.php(641): CodeIgniter\Database\BaseConnection->simpleQuery('INSERT INTO `us...')
#3 C:\xampp\htdocs\projects\education-management\system\Database\BaseBuilder.php(2263): CodeIgniter\Database\BaseConnection->query('INSERT INTO `us...', Array, false)
#4 C:\xampp\htdocs\projects\education-management\app\Models\RegistrationModel.php(16): CodeIgniter\Database\BaseBuilder->insert(Array)
#5 C:\xampp\htdocs\projects\education-management\app\Controllers\Registration.php(57): App\Models\RegistrationModel->user_data_insert(Array)
#6 C:\xampp\htdocs\projects\education-management\system\CodeIgniter.php(936): App\Controllers\Registration->index()
#7 C:\xampp\htdocs\projects\education-management\system\CodeIgniter.php(432): CodeIgniter\CodeIgniter->runController(Object(App\Controllers\Registration))
#8 C:\xampp\htdocs\projects\education-management\system\CodeIgniter.php(333): CodeIgniter\CodeIgniter->handleRequest(NULL, Object(Config\Cache), false)
#9 C:\xampp\htdocs\projects\education-management\index.php(44): CodeIgniter\CodeIgniter->run()
#10 {main}
ERROR - 2021-05-05 01:11:01 --> mysqli_sql_exception: Unknown column 'qualification' in 'field list' in C:\xampp\htdocs\projects\education-management\system\Database\MySQLi\Connection.php:314
Stack trace:
#0 C:\xampp\htdocs\projects\education-management\system\Database\MySQLi\Connection.php(314): mysqli->query('INSERT INTO `us...')
#1 C:\xampp\htdocs\projects\education-management\system\Database\BaseConnection.php(713): CodeIgniter\Database\MySQLi\Connection->execute('INSERT INTO `us...')
#2 C:\xampp\htdocs\projects\education-management\system\Database\BaseConnection.php(641): CodeIgniter\Database\BaseConnection->simpleQuery('INSERT INTO `us...')
#3 C:\xampp\htdocs\projects\education-management\system\Database\BaseBuilder.php(2263): CodeIgniter\Database\BaseConnection->query('INSERT INTO `us...', Array, false)
#4 C:\xampp\htdocs\projects\education-management\app\Models\RegistrationModel.php(16): CodeIgniter\Database\BaseBuilder->insert(Array)
#5 C:\xampp\htdocs\projects\education-management\app\Controllers\Registration.php(57): App\Models\RegistrationModel->user_data_insert(Array)
#6 C:\xampp\htdocs\projects\education-management\system\CodeIgniter.php(936): App\Controllers\Registration->index()
#7 C:\xampp\htdocs\projects\education-management\system\CodeIgniter.php(432): CodeIgniter\CodeIgniter->runController(Object(App\Controllers\Registration))
#8 C:\xampp\htdocs\projects\education-management\system\CodeIgniter.php(333): CodeIgniter\CodeIgniter->handleRequest(NULL, Object(Config\Cache), false)
#9 C:\xampp\htdocs\projects\education-management\index.php(44): CodeIgniter\CodeIgniter->run()
#10 {main}
ERROR - 2021-05-05 01:18:59 --> mysqli_sql_exception: Unknown column 'qualification' in 'field list' in C:\xampp\htdocs\projects\education-management\system\Database\MySQLi\Connection.php:314
Stack trace:
#0 C:\xampp\htdocs\projects\education-management\system\Database\MySQLi\Connection.php(314): mysqli->query('INSERT INTO `us...')
#1 C:\xampp\htdocs\projects\education-management\system\Database\BaseConnection.php(713): CodeIgniter\Database\MySQLi\Connection->execute('INSERT INTO `us...')
#2 C:\xampp\htdocs\projects\education-management\system\Database\BaseConnection.php(641): CodeIgniter\Database\BaseConnection->simpleQuery('INSERT INTO `us...')
#3 C:\xampp\htdocs\projects\education-management\system\Database\BaseBuilder.php(2263): CodeIgniter\Database\BaseConnection->query('INSERT INTO `us...', Array, false)
#4 C:\xampp\htdocs\projects\education-management\app\Models\RegistrationModel.php(16): CodeIgniter\Database\BaseBuilder->insert(Array)
#5 C:\xampp\htdocs\projects\education-management\app\Controllers\Registration.php(57): App\Models\RegistrationModel->user_data_insert(Array)
#6 C:\xampp\htdocs\projects\education-management\system\CodeIgniter.php(936): App\Controllers\Registration->index()
#7 C:\xampp\htdocs\projects\education-management\system\CodeIgniter.php(432): CodeIgniter\CodeIgniter->runController(Object(App\Controllers\Registration))
#8 C:\xampp\htdocs\projects\education-management\system\CodeIgniter.php(333): CodeIgniter\CodeIgniter->handleRequest(NULL, Object(Config\Cache), false)
#9 C:\xampp\htdocs\projects\education-management\index.php(44): CodeIgniter\CodeIgniter->run()
#10 {main}
