CRITICAL - 2021-05-28 00:16:03 --> Invalid file: download-results.php
#0 C:\xampp\htdocs\projects\ticket-results\system\View\View.php(203): CodeIgniter\Exceptions\FrameworkException::forInvalidFile('download-result...')
#1 C:\xampp\htdocs\projects\ticket-results\system\Common.php(1217): CodeIgniter\View\View->render('download-result...', Array, true)
#2 C:\xampp\htdocs\projects\ticket-results\app\Controllers\BaseController.php(96): view('download-result...', Array)
#3 C:\xampp\htdocs\projects\ticket-results\app\Controllers\Home.php(47): App\Controllers\BaseController->loadtemplate('download-result...', Array)
#4 C:\xampp\htdocs\projects\ticket-results\system\CodeIgniter.php(936): App\Controllers\Home->download_results()
#5 C:\xampp\htdocs\projects\ticket-results\system\CodeIgniter.php(432): CodeIgniter\CodeIgniter->runController(Object(App\Controllers\Home))
#6 C:\xampp\htdocs\projects\ticket-results\system\CodeIgniter.php(333): CodeIgniter\CodeIgniter->handleRequest(NULL, Object(Config\Cache), false)
#7 C:\xampp\htdocs\projects\ticket-results\index.php(44): CodeIgniter\CodeIgniter->run()
#8 {main}
CRITICAL - 2021-05-28 00:52:41 --> syntax error, unexpected 'endif' (T_ENDIF)
#0 C:\xampp\htdocs\projects\ticket-results\system\View\View.php(222): CodeIgniter\View\View->CodeIgniter\View\{closure}()
#1 C:\xampp\htdocs\projects\ticket-results\system\Common.php(1217): CodeIgniter\View\View->render('download-result...', Array, true)
#2 C:\xampp\htdocs\projects\ticket-results\app\Controllers\BaseController.php(96): view('download-result...', Array)
#3 C:\xampp\htdocs\projects\ticket-results\app\Controllers\Home.php(52): App\Controllers\BaseController->loadtemplate('download-result...', Array)
#4 C:\xampp\htdocs\projects\ticket-results\system\CodeIgniter.php(936): App\Controllers\Home->download_results()
#5 C:\xampp\htdocs\projects\ticket-results\system\CodeIgniter.php(432): CodeIgniter\CodeIgniter->runController(Object(App\Controllers\Home))
#6 C:\xampp\htdocs\projects\ticket-results\system\CodeIgniter.php(333): CodeIgniter\CodeIgniter->handleRequest(NULL, Object(Config\Cache), false)
#7 C:\xampp\htdocs\projects\ticket-results\index.php(44): CodeIgniter\CodeIgniter->run()
#8 {main}
CRITICAL - 2021-05-28 00:52:58 --> syntax error, unexpected 'endif' (T_ENDIF)
#0 C:\xampp\htdocs\projects\ticket-results\system\View\View.php(222): CodeIgniter\View\View->CodeIgniter\View\{closure}()
#1 C:\xampp\htdocs\projects\ticket-results\system\Common.php(1217): CodeIgniter\View\View->render('download-result...', Array, true)
#2 C:\xampp\htdocs\projects\ticket-results\app\Controllers\BaseController.php(96): view('download-result...', Array)
#3 C:\xampp\htdocs\projects\ticket-results\app\Controllers\Home.php(52): App\Controllers\BaseController->loadtemplate('download-result...', Array)
#4 C:\xampp\htdocs\projects\ticket-results\system\CodeIgniter.php(936): App\Controllers\Home->download_results()
#5 C:\xampp\htdocs\projects\ticket-results\system\CodeIgniter.php(432): CodeIgniter\CodeIgniter->runController(Object(App\Controllers\Home))
#6 C:\xampp\htdocs\projects\ticket-results\system\CodeIgniter.php(333): CodeIgniter\CodeIgniter->handleRequest(NULL, Object(Config\Cache), false)
#7 C:\xampp\htdocs\projects\ticket-results\index.php(44): CodeIgniter\CodeIgniter->run()
#8 {main}
CRITICAL - 2021-05-28 00:57:49 --> syntax error, unexpected 'endforeach' (T_ENDFOREACH), expecting elseif (T_ELSEIF) or else (T_ELSE) or endif (T_ENDIF)
#0 C:\xampp\htdocs\projects\ticket-results\system\View\View.php(222): CodeIgniter\View\View->CodeIgniter\View\{closure}()
#1 C:\xampp\htdocs\projects\ticket-results\system\Common.php(1217): CodeIgniter\View\View->render('download-result...', Array, true)
#2 C:\xampp\htdocs\projects\ticket-results\app\Controllers\BaseController.php(96): view('download-result...', Array)
#3 C:\xampp\htdocs\projects\ticket-results\app\Controllers\Home.php(52): App\Controllers\BaseController->loadtemplate('download-result...', Array)
#4 C:\xampp\htdocs\projects\ticket-results\system\CodeIgniter.php(936): App\Controllers\Home->download_results()
#5 C:\xampp\htdocs\projects\ticket-results\system\CodeIgniter.php(432): CodeIgniter\CodeIgniter->runController(Object(App\Controllers\Home))
#6 C:\xampp\htdocs\projects\ticket-results\system\CodeIgniter.php(333): CodeIgniter\CodeIgniter->handleRequest(NULL, Object(Config\Cache), false)
#7 C:\xampp\htdocs\projects\ticket-results\index.php(44): CodeIgniter\CodeIgniter->run()
#8 {main}
ERROR - 2021-05-28 02:03:05 --> mysqli_sql_exception: You have an error in your SQL syntax; check the manual that corresponds to your MariaDB server version for the right syntax to use near '> '2021-05-28'  GROUP BY date' at line 1 in C:\xampp\htdocs\projects\ticket-results\system\Database\MySQLi\Connection.php:314
Stack trace:
#0 C:\xampp\htdocs\projects\ticket-results\system\Database\MySQLi\Connection.php(314): mysqli->query('SELECT *, GROUP...')
#1 C:\xampp\htdocs\projects\ticket-results\system\Database\BaseConnection.php(713): CodeIgniter\Database\MySQLi\Connection->execute('SELECT *, GROUP...')
#2 C:\xampp\htdocs\projects\ticket-results\system\Database\BaseConnection.php(641): CodeIgniter\Database\BaseConnection->simpleQuery('SELECT *, GROUP...')
#3 C:\xampp\htdocs\projects\ticket-results\app\Models\Admin\TicketsModel.php(53): CodeIgniter\Database\BaseConnection->query('SELECT *, GROUP...')
#4 C:\xampp\htdocs\projects\ticket-results\app\Controllers\Home.php(62): App\Models\Admin\TicketsModel->get_download_results(Array)
#5 C:\xampp\htdocs\projects\ticket-results\system\CodeIgniter.php(936): App\Controllers\Home->download_results()
#6 C:\xampp\htdocs\projects\ticket-results\system\CodeIgniter.php(432): CodeIgniter\CodeIgniter->runController(Object(App\Controllers\Home))
#7 C:\xampp\htdocs\projects\ticket-results\system\CodeIgniter.php(333): CodeIgniter\CodeIgniter->handleRequest(NULL, Object(Config\Cache), false)
#8 C:\xampp\htdocs\projects\ticket-results\index.php(44): CodeIgniter\CodeIgniter->run()
#9 {main}
ERROR - 2021-05-28 02:03:19 --> mysqli_sql_exception: You have an error in your SQL syntax; check the manual that corresponds to your MariaDB server version for the right syntax to use near '> '2021-05-28') AND (DATE(date) <= '2021-05-28'))  GROUP BY date' at line 1 in C:\xampp\htdocs\projects\ticket-results\system\Database\MySQLi\Connection.php:314
Stack trace:
#0 C:\xampp\htdocs\projects\ticket-results\system\Database\MySQLi\Connection.php(314): mysqli->query('SELECT *, GROUP...')
#1 C:\xampp\htdocs\projects\ticket-results\system\Database\BaseConnection.php(713): CodeIgniter\Database\MySQLi\Connection->execute('SELECT *, GROUP...')
#2 C:\xampp\htdocs\projects\ticket-results\system\Database\BaseConnection.php(641): CodeIgniter\Database\BaseConnection->simpleQuery('SELECT *, GROUP...')
#3 C:\xampp\htdocs\projects\ticket-results\app\Models\Admin\TicketsModel.php(53): CodeIgniter\Database\BaseConnection->query('SELECT *, GROUP...')
#4 C:\xampp\htdocs\projects\ticket-results\app\Controllers\Home.php(62): App\Models\Admin\TicketsModel->get_download_results(Array)
#5 C:\xampp\htdocs\projects\ticket-results\system\CodeIgniter.php(936): App\Controllers\Home->download_results()
#6 C:\xampp\htdocs\projects\ticket-results\system\CodeIgniter.php(432): CodeIgniter\CodeIgniter->runController(Object(App\Controllers\Home))
#7 C:\xampp\htdocs\projects\ticket-results\system\CodeIgniter.php(333): CodeIgniter\CodeIgniter->handleRequest(NULL, Object(Config\Cache), false)
#8 C:\xampp\htdocs\projects\ticket-results\index.php(44): CodeIgniter\CodeIgniter->run()
#9 {main}
ERROR - 2021-05-28 02:03:46 --> mysqli_sql_exception: You have an error in your SQL syntax; check the manual that corresponds to your MariaDB server version for the right syntax to use near '> '2021-05-28') AND (DATE(date) <= '2021-05-28'))  GROUP BY date' at line 1 in C:\xampp\htdocs\projects\ticket-results\system\Database\MySQLi\Connection.php:314
Stack trace:
#0 C:\xampp\htdocs\projects\ticket-results\system\Database\MySQLi\Connection.php(314): mysqli->query('SELECT *, GROUP...')
#1 C:\xampp\htdocs\projects\ticket-results\system\Database\BaseConnection.php(713): CodeIgniter\Database\MySQLi\Connection->execute('SELECT *, GROUP...')
#2 C:\xampp\htdocs\projects\ticket-results\system\Database\BaseConnection.php(641): CodeIgniter\Database\BaseConnection->simpleQuery('SELECT *, GROUP...')
#3 C:\xampp\htdocs\projects\ticket-results\app\Models\Admin\TicketsModel.php(54): CodeIgniter\Database\BaseConnection->query('SELECT *, GROUP...')
#4 C:\xampp\htdocs\projects\ticket-results\app\Controllers\Home.php(62): App\Models\Admin\TicketsModel->get_download_results(Array)
#5 C:\xampp\htdocs\projects\ticket-results\system\CodeIgniter.php(936): App\Controllers\Home->download_results()
#6 C:\xampp\htdocs\projects\ticket-results\system\CodeIgniter.php(432): CodeIgniter\CodeIgniter->runController(Object(App\Controllers\Home))
#7 C:\xampp\htdocs\projects\ticket-results\system\CodeIgniter.php(333): CodeIgniter\CodeIgniter->handleRequest(NULL, Object(Config\Cache), false)
#8 C:\xampp\htdocs\projects\ticket-results\index.php(44): CodeIgniter\CodeIgniter->run()
#9 {main}
ERROR - 2021-05-28 02:03:49 --> mysqli_sql_exception: You have an error in your SQL syntax; check the manual that corresponds to your MariaDB server version for the right syntax to use near '> '2021-05-28') AND (DATE(date) <= '2021-05-28'))  GROUP BY date' at line 1 in C:\xampp\htdocs\projects\ticket-results\system\Database\MySQLi\Connection.php:314
Stack trace:
#0 C:\xampp\htdocs\projects\ticket-results\system\Database\MySQLi\Connection.php(314): mysqli->query('SELECT *, GROUP...')
#1 C:\xampp\htdocs\projects\ticket-results\system\Database\BaseConnection.php(713): CodeIgniter\Database\MySQLi\Connection->execute('SELECT *, GROUP...')
#2 C:\xampp\htdocs\projects\ticket-results\system\Database\BaseConnection.php(641): CodeIgniter\Database\BaseConnection->simpleQuery('SELECT *, GROUP...')
#3 C:\xampp\htdocs\projects\ticket-results\app\Models\Admin\TicketsModel.php(54): CodeIgniter\Database\BaseConnection->query('SELECT *, GROUP...')
#4 C:\xampp\htdocs\projects\ticket-results\app\Controllers\Home.php(62): App\Models\Admin\TicketsModel->get_download_results(Array)
#5 C:\xampp\htdocs\projects\ticket-results\system\CodeIgniter.php(936): App\Controllers\Home->download_results()
#6 C:\xampp\htdocs\projects\ticket-results\system\CodeIgniter.php(432): CodeIgniter\CodeIgniter->runController(Object(App\Controllers\Home))
#7 C:\xampp\htdocs\projects\ticket-results\system\CodeIgniter.php(333): CodeIgniter\CodeIgniter->handleRequest(NULL, Object(Config\Cache), false)
#8 C:\xampp\htdocs\projects\ticket-results\index.php(44): CodeIgniter\CodeIgniter->run()
#9 {main}
ERROR - 2021-05-28 02:04:38 --> mysqli_sql_exception: You have an error in your SQL syntax; check the manual that corresponds to your MariaDB server version for the right syntax to use near '> '2021-05-28') AND (DATE(date) <= '2021-05-28'))  GROUP BY date' at line 1 in C:\xampp\htdocs\projects\ticket-results\system\Database\MySQLi\Connection.php:314
Stack trace:
#0 C:\xampp\htdocs\projects\ticket-results\system\Database\MySQLi\Connection.php(314): mysqli->query('SELECT *, GROUP...')
#1 C:\xampp\htdocs\projects\ticket-results\system\Database\BaseConnection.php(713): CodeIgniter\Database\MySQLi\Connection->execute('SELECT *, GROUP...')
#2 C:\xampp\htdocs\projects\ticket-results\system\Database\BaseConnection.php(641): CodeIgniter\Database\BaseConnection->simpleQuery('SELECT *, GROUP...')
#3 C:\xampp\htdocs\projects\ticket-results\app\Models\Admin\TicketsModel.php(54): CodeIgniter\Database\BaseConnection->query('SELECT *, GROUP...')
#4 C:\xampp\htdocs\projects\ticket-results\app\Controllers\Home.php(62): App\Models\Admin\TicketsModel->get_download_results(Array)
#5 C:\xampp\htdocs\projects\ticket-results\system\CodeIgniter.php(936): App\Controllers\Home->download_results()
#6 C:\xampp\htdocs\projects\ticket-results\system\CodeIgniter.php(432): CodeIgniter\CodeIgniter->runController(Object(App\Controllers\Home))
#7 C:\xampp\htdocs\projects\ticket-results\system\CodeIgniter.php(333): CodeIgniter\CodeIgniter->handleRequest(NULL, Object(Config\Cache), false)
#8 C:\xampp\htdocs\projects\ticket-results\index.php(44): CodeIgniter\CodeIgniter->run()
#9 {main}
ERROR - 2021-05-28 02:05:07 --> mysqli_sql_exception: You have an error in your SQL syntax; check the manual that corresponds to your MariaDB server version for the right syntax to use near '> '2021-05-28') AND (DATE(date) <= '2021-05-28'))  GROUP BY date' at line 1 in C:\xampp\htdocs\projects\ticket-results\system\Database\MySQLi\Connection.php:314
Stack trace:
#0 C:\xampp\htdocs\projects\ticket-results\system\Database\MySQLi\Connection.php(314): mysqli->query('SELECT *, GROUP...')
#1 C:\xampp\htdocs\projects\ticket-results\system\Database\BaseConnection.php(713): CodeIgniter\Database\MySQLi\Connection->execute('SELECT *, GROUP...')
#2 C:\xampp\htdocs\projects\ticket-results\system\Database\BaseConnection.php(641): CodeIgniter\Database\BaseConnection->simpleQuery('SELECT *, GROUP...')
#3 C:\xampp\htdocs\projects\ticket-results\app\Models\Admin\TicketsModel.php(54): CodeIgniter\Database\BaseConnection->query('SELECT *, GROUP...')
#4 C:\xampp\htdocs\projects\ticket-results\app\Controllers\Home.php(62): App\Models\Admin\TicketsModel->get_download_results(Array)
#5 C:\xampp\htdocs\projects\ticket-results\system\CodeIgniter.php(936): App\Controllers\Home->download_results()
#6 C:\xampp\htdocs\projects\ticket-results\system\CodeIgniter.php(432): CodeIgniter\CodeIgniter->runController(Object(App\Controllers\Home))
#7 C:\xampp\htdocs\projects\ticket-results\system\CodeIgniter.php(333): CodeIgniter\CodeIgniter->handleRequest(NULL, Object(Config\Cache), false)
#8 C:\xampp\htdocs\projects\ticket-results\index.php(44): CodeIgniter\CodeIgniter->run()
#9 {main}
ERROR - 2021-05-28 02:11:15 --> mysqli_sql_exception: You have an error in your SQL syntax; check the manual that corresponds to your MariaDB server version for the right syntax to use near '> '2021-05-30'  GROUP BY date' at line 1 in C:\xampp\htdocs\projects\ticket-results\system\Database\MySQLi\Connection.php:314
Stack trace:
#0 C:\xampp\htdocs\projects\ticket-results\system\Database\MySQLi\Connection.php(314): mysqli->query('SELECT *, GROUP...')
#1 C:\xampp\htdocs\projects\ticket-results\system\Database\BaseConnection.php(713): CodeIgniter\Database\MySQLi\Connection->execute('SELECT *, GROUP...')
#2 C:\xampp\htdocs\projects\ticket-results\system\Database\BaseConnection.php(641): CodeIgniter\Database\BaseConnection->simpleQuery('SELECT *, GROUP...')
#3 C:\xampp\htdocs\projects\ticket-results\app\Models\Admin\TicketsModel.php(54): CodeIgniter\Database\BaseConnection->query('SELECT *, GROUP...')
#4 C:\xampp\htdocs\projects\ticket-results\app\Controllers\Home.php(62): App\Models\Admin\TicketsModel->get_download_results(Array)
#5 C:\xampp\htdocs\projects\ticket-results\system\CodeIgniter.php(936): App\Controllers\Home->download_results()
#6 C:\xampp\htdocs\projects\ticket-results\system\CodeIgniter.php(432): CodeIgniter\CodeIgniter->runController(Object(App\Controllers\Home))
#7 C:\xampp\htdocs\projects\ticket-results\system\CodeIgniter.php(333): CodeIgniter\CodeIgniter->handleRequest(NULL, Object(Config\Cache), false)
#8 C:\xampp\htdocs\projects\ticket-results\index.php(44): CodeIgniter\CodeIgniter->run()
#9 {main}
ERROR - 2021-05-28 02:11:20 --> mysqli_sql_exception: You have an error in your SQL syntax; check the manual that corresponds to your MariaDB server version for the right syntax to use near '> '2021-05-27'  GROUP BY date' at line 1 in C:\xampp\htdocs\projects\ticket-results\system\Database\MySQLi\Connection.php:314
Stack trace:
#0 C:\xampp\htdocs\projects\ticket-results\system\Database\MySQLi\Connection.php(314): mysqli->query('SELECT *, GROUP...')
#1 C:\xampp\htdocs\projects\ticket-results\system\Database\BaseConnection.php(713): CodeIgniter\Database\MySQLi\Connection->execute('SELECT *, GROUP...')
#2 C:\xampp\htdocs\projects\ticket-results\system\Database\BaseConnection.php(641): CodeIgniter\Database\BaseConnection->simpleQuery('SELECT *, GROUP...')
#3 C:\xampp\htdocs\projects\ticket-results\app\Models\Admin\TicketsModel.php(54): CodeIgniter\Database\BaseConnection->query('SELECT *, GROUP...')
#4 C:\xampp\htdocs\projects\ticket-results\app\Controllers\Home.php(62): App\Models\Admin\TicketsModel->get_download_results(Array)
#5 C:\xampp\htdocs\projects\ticket-results\system\CodeIgniter.php(936): App\Controllers\Home->download_results()
#6 C:\xampp\htdocs\projects\ticket-results\system\CodeIgniter.php(432): CodeIgniter\CodeIgniter->runController(Object(App\Controllers\Home))
#7 C:\xampp\htdocs\projects\ticket-results\system\CodeIgniter.php(333): CodeIgniter\CodeIgniter->handleRequest(NULL, Object(Config\Cache), false)
#8 C:\xampp\htdocs\projects\ticket-results\index.php(44): CodeIgniter\CodeIgniter->run()
#9 {main}
ERROR - 2021-05-28 02:11:29 --> mysqli_sql_exception: You have an error in your SQL syntax; check the manual that corresponds to your MariaDB server version for the right syntax to use near '> '2021-05-26'  GROUP BY date' at line 1 in C:\xampp\htdocs\projects\ticket-results\system\Database\MySQLi\Connection.php:314
Stack trace:
#0 C:\xampp\htdocs\projects\ticket-results\system\Database\MySQLi\Connection.php(314): mysqli->query('SELECT *, GROUP...')
#1 C:\xampp\htdocs\projects\ticket-results\system\Database\BaseConnection.php(713): CodeIgniter\Database\MySQLi\Connection->execute('SELECT *, GROUP...')
#2 C:\xampp\htdocs\projects\ticket-results\system\Database\BaseConnection.php(641): CodeIgniter\Database\BaseConnection->simpleQuery('SELECT *, GROUP...')
#3 C:\xampp\htdocs\projects\ticket-results\app\Models\Admin\TicketsModel.php(54): CodeIgniter\Database\BaseConnection->query('SELECT *, GROUP...')
#4 C:\xampp\htdocs\projects\ticket-results\app\Controllers\Home.php(62): App\Models\Admin\TicketsModel->get_download_results(Array)
#5 C:\xampp\htdocs\projects\ticket-results\system\CodeIgniter.php(936): App\Controllers\Home->download_results()
#6 C:\xampp\htdocs\projects\ticket-results\system\CodeIgniter.php(432): CodeIgniter\CodeIgniter->runController(Object(App\Controllers\Home))
#7 C:\xampp\htdocs\projects\ticket-results\system\CodeIgniter.php(333): CodeIgniter\CodeIgniter->handleRequest(NULL, Object(Config\Cache), false)
#8 C:\xampp\htdocs\projects\ticket-results\index.php(44): CodeIgniter\CodeIgniter->run()
#9 {main}
ERROR - 2021-05-28 02:12:59 --> mysqli_sql_exception: You have an error in your SQL syntax; check the manual that corresponds to your MariaDB server version for the right syntax to use near '> '2021-05-27'  GROUP BY date' at line 1 in C:\xampp\htdocs\projects\ticket-results\system\Database\MySQLi\Connection.php:314
Stack trace:
#0 C:\xampp\htdocs\projects\ticket-results\system\Database\MySQLi\Connection.php(314): mysqli->query('SELECT *, GROUP...')
#1 C:\xampp\htdocs\projects\ticket-results\system\Database\BaseConnection.php(713): CodeIgniter\Database\MySQLi\Connection->execute('SELECT *, GROUP...')
#2 C:\xampp\htdocs\projects\ticket-results\system\Database\BaseConnection.php(641): CodeIgniter\Database\BaseConnection->simpleQuery('SELECT *, GROUP...')
#3 C:\xampp\htdocs\projects\ticket-results\app\Models\Admin\TicketsModel.php(54): CodeIgniter\Database\BaseConnection->query('SELECT *, GROUP...')
#4 C:\xampp\htdocs\projects\ticket-results\app\Controllers\Home.php(62): App\Models\Admin\TicketsModel->get_download_results(Array)
#5 C:\xampp\htdocs\projects\ticket-results\system\CodeIgniter.php(936): App\Controllers\Home->download_results()
#6 C:\xampp\htdocs\projects\ticket-results\system\CodeIgniter.php(432): CodeIgniter\CodeIgniter->runController(Object(App\Controllers\Home))
#7 C:\xampp\htdocs\projects\ticket-results\system\CodeIgniter.php(333): CodeIgniter\CodeIgniter->handleRequest(NULL, Object(Config\Cache), false)
#8 C:\xampp\htdocs\projects\ticket-results\index.php(44): CodeIgniter\CodeIgniter->run()
#9 {main}
CRITICAL - 2021-05-28 02:20:53 --> Invalid file: today-results.php
#0 C:\xampp\htdocs\projects\ticket-results\system\View\View.php(203): CodeIgniter\Exceptions\FrameworkException::forInvalidFile('today-results.p...')
#1 C:\xampp\htdocs\projects\ticket-results\system\Common.php(1217): CodeIgniter\View\View->render('today-results', Array, true)
#2 C:\xampp\htdocs\projects\ticket-results\app\Controllers\BaseController.php(96): view('today-results', Array)
#3 C:\xampp\htdocs\projects\ticket-results\app\Controllers\Home.php(39): App\Controllers\BaseController->loadtemplate('today-results', Array)
#4 C:\xampp\htdocs\projects\ticket-results\system\CodeIgniter.php(936): App\Controllers\Home->today_results()
#5 C:\xampp\htdocs\projects\ticket-results\system\CodeIgniter.php(432): CodeIgniter\CodeIgniter->runController(Object(App\Controllers\Home))
#6 C:\xampp\htdocs\projects\ticket-results\system\CodeIgniter.php(333): CodeIgniter\CodeIgniter->handleRequest(NULL, Object(Config\Cache), false)
#7 C:\xampp\htdocs\projects\ticket-results\index.php(44): CodeIgniter\CodeIgniter->run()
#8 {main}
CRITICAL - 2021-05-28 02:46:36 --> syntax error, unexpected '=>' (T_DOUBLE_ARROW)
#0 C:\xampp\htdocs\projects\ticket-results\system\View\View.php(222): CodeIgniter\View\View->CodeIgniter\View\{closure}()
#1 C:\xampp\htdocs\projects\ticket-results\system\Common.php(1217): CodeIgniter\View\View->render('today-results', Array, true)
#2 C:\xampp\htdocs\projects\ticket-results\app\Controllers\BaseController.php(96): view('today-results', Array)
#3 C:\xampp\htdocs\projects\ticket-results\app\Controllers\Home.php(39): App\Controllers\BaseController->loadtemplate('today-results', Array)
#4 C:\xampp\htdocs\projects\ticket-results\system\CodeIgniter.php(936): App\Controllers\Home->today_results()
#5 C:\xampp\htdocs\projects\ticket-results\system\CodeIgniter.php(432): CodeIgniter\CodeIgniter->runController(Object(App\Controllers\Home))
#6 C:\xampp\htdocs\projects\ticket-results\system\CodeIgniter.php(333): CodeIgniter\CodeIgniter->handleRequest(NULL, Object(Config\Cache), false)
#7 C:\xampp\htdocs\projects\ticket-results\index.php(44): CodeIgniter\CodeIgniter->run()
#8 {main}
