ERROR - 2022-11-10 16:56:59 --> mysqli_sql_exception: Column 'id' in where clause is ambiguous in /var/www/vhosts/dasbond.club/exam.dasbond.in/system/Database/MySQLi/Connection.php:314
Stack trace:
#0 /var/www/vhosts/dasbond.club/exam.dasbond.in/system/Database/MySQLi/Connection.php(314): mysqli->query()
#1 /var/www/vhosts/dasbond.club/exam.dasbond.in/system/Database/BaseConnection.php(713): CodeIgniter\Database\MySQLi\Connection->execute()
#2 /var/www/vhosts/dasbond.club/exam.dasbond.in/system/Database/BaseConnection.php(641): CodeIgniter\Database\BaseConnection->simpleQuery()
#3 /var/www/vhosts/dasbond.club/exam.dasbond.in/app/Models/Admin/TopicsModel.php(30): CodeIgniter\Database\BaseConnection->query()
#4 /var/www/vhosts/dasbond.club/exam.dasbond.in/app/Controllers/Admin/Masters/Topics.php(106): App\Models\Admin\TopicsModel->get_topic_details()
#5 /var/www/vhosts/dasbond.club/exam.dasbond.in/system/CodeIgniter.php(936): App\Controllers\Admin\Masters\Topics->topics_edit()
#6 /var/www/vhosts/dasbond.club/exam.dasbond.in/system/CodeIgniter.php(432): CodeIgniter\CodeIgniter->runController()
#7 /var/www/vhosts/dasbond.club/exam.dasbond.in/system/CodeIgniter.php(333): CodeIgniter\CodeIgniter->handleRequest()
#8 /var/www/vhosts/dasbond.club/exam.dasbond.in/index.php(43): CodeIgniter\CodeIgniter->run()
#9 {main}
ERROR - 2022-11-10 16:57:03 --> mysqli_sql_exception: Column 'id' in where clause is ambiguous in /var/www/vhosts/dasbond.club/exam.dasbond.in/system/Database/MySQLi/Connection.php:314
Stack trace:
#0 /var/www/vhosts/dasbond.club/exam.dasbond.in/system/Database/MySQLi/Connection.php(314): mysqli->query()
#1 /var/www/vhosts/dasbond.club/exam.dasbond.in/system/Database/BaseConnection.php(713): CodeIgniter\Database\MySQLi\Connection->execute()
#2 /var/www/vhosts/dasbond.club/exam.dasbond.in/system/Database/BaseConnection.php(641): CodeIgniter\Database\BaseConnection->simpleQuery()
#3 /var/www/vhosts/dasbond.club/exam.dasbond.in/app/Models/Admin/TopicsModel.php(30): CodeIgniter\Database\BaseConnection->query()
#4 /var/www/vhosts/dasbond.club/exam.dasbond.in/app/Controllers/Admin/Masters/Topics.php(106): App\Models\Admin\TopicsModel->get_topic_details()
#5 /var/www/vhosts/dasbond.club/exam.dasbond.in/system/CodeIgniter.php(936): App\Controllers\Admin\Masters\Topics->topics_edit()
#6 /var/www/vhosts/dasbond.club/exam.dasbond.in/system/CodeIgniter.php(432): CodeIgniter\CodeIgniter->runController()
#7 /var/www/vhosts/dasbond.club/exam.dasbond.in/system/CodeIgniter.php(333): CodeIgniter\CodeIgniter->handleRequest()
#8 /var/www/vhosts/dasbond.club/exam.dasbond.in/index.php(43): CodeIgniter\CodeIgniter->run()
#9 {main}
