CRITICAL - 2021-05-06 00:55:55 --> explode() expects at least 2 parameters, 1 given
#0 [internal function]: CodeIgniter\Debug\Exceptions->errorHandler(2, 'explode() expec...', 'C:\\xampp\\htdocs...', 31, Array)
#1 C:\xampp\htdocs\projects\education-management\app\Controllers\Admin\Schedules\Schedules.php(31): explode('3')
#2 C:\xampp\htdocs\projects\education-management\system\CodeIgniter.php(936): App\Controllers\Admin\Schedules\Schedules->list()
#3 C:\xampp\htdocs\projects\education-management\system\CodeIgniter.php(432): CodeIgniter\CodeIgniter->runController(Object(App\Controllers\Admin\Schedules\Schedules))
#4 C:\xampp\htdocs\projects\education-management\system\CodeIgniter.php(333): CodeIgniter\CodeIgniter->handleRequest(NULL, Object(Config\Cache), false)
#5 C:\xampp\htdocs\projects\education-management\index.php(44): CodeIgniter\CodeIgniter->run()
#6 {main}
CRITICAL - 2021-05-06 15:22:34 --> syntax error, unexpected 'public' (T_PUBLIC), expecting end of file
#0 C:\xampp\htdocs\projects\education-management\system\Autoloader\Autoloader.php(265): CodeIgniter\Autoloader\Autoloader->includeFile('C:\\xampp\\htdocs...')
#1 C:\xampp\htdocs\projects\education-management\system\Autoloader\Autoloader.php(228): CodeIgniter\Autoloader\Autoloader->loadInNamespace('App\\Controllers...')
#2 [internal function]: CodeIgniter\Autoloader\Autoloader->loadClass('App\\Controllers...')
#3 [internal function]: spl_autoload_call('App\\Controllers...')
#4 C:\xampp\htdocs\projects\education-management\system\CodeIgniter.php(893): class_exists('\\App\\Controller...', true)
#5 C:\xampp\htdocs\projects\education-management\system\CodeIgniter.php(417): CodeIgniter\CodeIgniter->startController()
#6 C:\xampp\htdocs\projects\education-management\system\CodeIgniter.php(333): CodeIgniter\CodeIgniter->handleRequest(NULL, Object(Config\Cache), false)
#7 C:\xampp\htdocs\projects\education-management\index.php(44): CodeIgniter\CodeIgniter->run()
#8 {main}
CRITICAL - 2021-05-06 15:44:30 --> syntax error, unexpected ';'
#0 C:\xampp\htdocs\projects\education-management\system\Autoloader\Autoloader.php(265): CodeIgniter\Autoloader\Autoloader->includeFile('C:\\xampp\\htdocs...')
#1 C:\xampp\htdocs\projects\education-management\system\Autoloader\Autoloader.php(228): CodeIgniter\Autoloader\Autoloader->loadInNamespace('App\\Controllers...')
#2 [internal function]: CodeIgniter\Autoloader\Autoloader->loadClass('App\\Controllers...')
#3 [internal function]: spl_autoload_call('App\\Controllers...')
#4 C:\xampp\htdocs\projects\education-management\system\CodeIgniter.php(893): class_exists('\\App\\Controller...', true)
#5 C:\xampp\htdocs\projects\education-management\system\CodeIgniter.php(417): CodeIgniter\CodeIgniter->startController()
#6 C:\xampp\htdocs\projects\education-management\system\CodeIgniter.php(333): CodeIgniter\CodeIgniter->handleRequest(NULL, Object(Config\Cache), false)
#7 C:\xampp\htdocs\projects\education-management\index.php(44): CodeIgniter\CodeIgniter->run()
#8 {main}
