CRITICAL - 2021-05-01 19:27:53 --> The framework needs the following extension(s) installed and loaded: {0}.
#0 C:\xampp\htdocs\projects\education-management\system\CodeIgniter.php(224): CodeIgniter\Exceptions\FrameworkException::forMissingExtension('intl')
#1 C:\xampp\htdocs\projects\education-management\system\CodeIgniter.php(172): CodeIgniter\CodeIgniter->resolvePlatformExtensions()
#2 C:\xampp\htdocs\projects\education-management\system\bootstrap.php(159): CodeIgniter\CodeIgniter->initialize()
#3 C:\xampp\htdocs\projects\education-management\index.php(35): require('C:\\xampp\\htdocs...')
#4 {main}
CRITICAL - 2021-05-01 19:29:26 --> The framework needs the following extension(s) installed and loaded: {0}.
#0 C:\xampp\htdocs\projects\education-management\system\CodeIgniter.php(224): CodeIgniter\Exceptions\FrameworkException::forMissingExtension('intl')
#1 C:\xampp\htdocs\projects\education-management\system\CodeIgniter.php(172): CodeIgniter\CodeIgniter->resolvePlatformExtensions()
#2 C:\xampp\htdocs\projects\education-management\system\bootstrap.php(159): CodeIgniter\CodeIgniter->initialize()
#3 C:\xampp\htdocs\projects\education-management\index.php(35): require('C:\\xampp\\htdocs...')
#4 {main}
CRITICAL - 2021-05-01 19:29:26 --> The framework needs the following extension(s) installed and loaded: {0}.
#0 C:\xampp\htdocs\projects\education-management\system\CodeIgniter.php(224): CodeIgniter\Exceptions\FrameworkException::forMissingExtension('intl')
#1 C:\xampp\htdocs\projects\education-management\system\CodeIgniter.php(172): CodeIgniter\CodeIgniter->resolvePlatformExtensions()
#2 C:\xampp\htdocs\projects\education-management\system\bootstrap.php(159): CodeIgniter\CodeIgniter->initialize()
#3 C:\xampp\htdocs\projects\education-management\index.php(35): require('C:\\xampp\\htdocs...')
#4 {main}
ERROR - 2021-05-01 22:59:39 --> mysqli_sql_exception: The user specified as a definer ('cnsacade'@'localhost') does not exist in C:\xampp\htdocs\projects\education-management\system\Database\MySQLi\Connection.php:314
Stack trace:
#0 C:\xampp\htdocs\projects\education-management\system\Database\MySQLi\Connection.php(314): mysqli->query('SELECT * FROM v...')
#1 C:\xampp\htdocs\projects\education-management\system\Database\BaseConnection.php(713): CodeIgniter\Database\MySQLi\Connection->execute('SELECT * FROM v...')
#2 C:\xampp\htdocs\projects\education-management\system\Database\BaseConnection.php(641): CodeIgniter\Database\BaseConnection->simpleQuery('SELECT * FROM v...')
#3 C:\xampp\htdocs\projects\education-management\app\Models\Admin\BannersModel.php(15): CodeIgniter\Database\BaseConnection->query('SELECT * FROM v...')
#4 C:\xampp\htdocs\projects\education-management\app\Controllers\Home.php(20): App\Models\Admin\BannersModel->get_banners(NULL)
#5 C:\xampp\htdocs\projects\education-management\system\CodeIgniter.php(936): App\Controllers\Home->index()
#6 C:\xampp\htdocs\projects\education-management\system\CodeIgniter.php(432): CodeIgniter\CodeIgniter->runController(Object(App\Controllers\Home))
#7 C:\xampp\htdocs\projects\education-management\system\CodeIgniter.php(333): CodeIgniter\CodeIgniter->handleRequest(NULL, Object(Config\Cache), false)
#8 C:\xampp\htdocs\projects\education-management\index.php(44): CodeIgniter\CodeIgniter->run()
#9 {main}
ERROR - 2021-05-01 22:59:39 --> mysqli_sql_exception: The user specified as a definer ('cnsacade'@'localhost') does not exist in C:\xampp\htdocs\projects\education-management\system\Database\MySQLi\Connection.php:314
Stack trace:
#0 C:\xampp\htdocs\projects\education-management\system\Database\MySQLi\Connection.php(314): mysqli->query('SELECT * FROM v...')
#1 C:\xampp\htdocs\projects\education-management\system\Database\BaseConnection.php(713): CodeIgniter\Database\MySQLi\Connection->execute('SELECT * FROM v...')
#2 C:\xampp\htdocs\projects\education-management\system\Database\BaseConnection.php(641): CodeIgniter\Database\BaseConnection->simpleQuery('SELECT * FROM v...')
#3 C:\xampp\htdocs\projects\education-management\app\Models\CoursesModel.php(21): CodeIgniter\Database\BaseConnection->query('SELECT * FROM v...')
#4 C:\xampp\htdocs\projects\education-management\app\Helpers\widgets_helper.php(16): App\Models\CoursesModel->course_list(Array)
#5 C:\xampp\htdocs\projects\education-management\app\Helpers\widgets_helper.php(47): widget_home_popular_courses(Array)
#6 C:\xampp\htdocs\projects\education-management\app\Views\home.php(98): get_widget('HOME-POPULAR-CO...')
#7 C:\xampp\htdocs\projects\education-management\system\View\View.php(220): include('C:\\xampp\\htdocs...')
#8 C:\xampp\htdocs\projects\education-management\system\View\View.php(222): CodeIgniter\View\View->CodeIgniter\View\{closure}()
#9 C:\xampp\htdocs\projects\education-management\system\Common.php(1217): CodeIgniter\View\View->render('home', Array, true)
#10 C:\xampp\htdocs\projects\education-management\app\Controllers\BaseController.php(96): view('home', Array)
#11 C:\xampp\htdocs\projects\education-management\app\Controllers\Home.php(22): App\Controllers\BaseController->loadtemplate('home', Array)
#12 C:\xampp\htdocs\projects\education-management\system\CodeIgniter.php(936): App\Controllers\Home->index()
#13 C:\xampp\htdocs\projects\education-management\system\CodeIgniter.php(432): CodeIgniter\CodeIgniter->runController(Object(App\Controllers\Home))
#14 C:\xampp\htdocs\projects\education-management\system\CodeIgniter.php(333): CodeIgniter\CodeIgniter->handleRequest(NULL, Object(Config\Cache), false)
#15 C:\xampp\htdocs\projects\education-management\index.php(44): CodeIgniter\CodeIgniter->run()
#16 {main}
ERROR - 2021-05-01 22:59:52 --> mysqli_sql_exception: The user specified as a definer ('cnsacade'@'localhost') does not exist in C:\xampp\htdocs\projects\education-management\system\Database\MySQLi\Connection.php:314
Stack trace:
#0 C:\xampp\htdocs\projects\education-management\system\Database\MySQLi\Connection.php(314): mysqli->query('SELECT * FROM v...')
#1 C:\xampp\htdocs\projects\education-management\system\Database\BaseConnection.php(713): CodeIgniter\Database\MySQLi\Connection->execute('SELECT * FROM v...')
#2 C:\xampp\htdocs\projects\education-management\system\Database\BaseConnection.php(641): CodeIgniter\Database\BaseConnection->simpleQuery('SELECT * FROM v...')
#3 C:\xampp\htdocs\projects\education-management\app\Models\Admin\BannersModel.php(15): CodeIgniter\Database\BaseConnection->query('SELECT * FROM v...')
#4 C:\xampp\htdocs\projects\education-management\app\Controllers\Home.php(20): App\Models\Admin\BannersModel->get_banners(NULL)
#5 C:\xampp\htdocs\projects\education-management\system\CodeIgniter.php(936): App\Controllers\Home->index()
#6 C:\xampp\htdocs\projects\education-management\system\CodeIgniter.php(432): CodeIgniter\CodeIgniter->runController(Object(App\Controllers\Home))
#7 C:\xampp\htdocs\projects\education-management\system\CodeIgniter.php(333): CodeIgniter\CodeIgniter->handleRequest(NULL, Object(Config\Cache), false)
#8 C:\xampp\htdocs\projects\education-management\index.php(44): CodeIgniter\CodeIgniter->run()
#9 {main}
ERROR - 2021-05-01 22:59:52 --> mysqli_sql_exception: The user specified as a definer ('cnsacade'@'localhost') does not exist in C:\xampp\htdocs\projects\education-management\system\Database\MySQLi\Connection.php:314
Stack trace:
#0 C:\xampp\htdocs\projects\education-management\system\Database\MySQLi\Connection.php(314): mysqli->query('SELECT * FROM v...')
#1 C:\xampp\htdocs\projects\education-management\system\Database\BaseConnection.php(713): CodeIgniter\Database\MySQLi\Connection->execute('SELECT * FROM v...')
#2 C:\xampp\htdocs\projects\education-management\system\Database\BaseConnection.php(641): CodeIgniter\Database\BaseConnection->simpleQuery('SELECT * FROM v...')
#3 C:\xampp\htdocs\projects\education-management\app\Models\CoursesModel.php(21): CodeIgniter\Database\BaseConnection->query('SELECT * FROM v...')
#4 C:\xampp\htdocs\projects\education-management\app\Helpers\widgets_helper.php(16): App\Models\CoursesModel->course_list(Array)
#5 C:\xampp\htdocs\projects\education-management\app\Helpers\widgets_helper.php(47): widget_home_popular_courses(Array)
#6 C:\xampp\htdocs\projects\education-management\app\Views\home.php(98): get_widget('HOME-POPULAR-CO...')
#7 C:\xampp\htdocs\projects\education-management\system\View\View.php(220): include('C:\\xampp\\htdocs...')
#8 C:\xampp\htdocs\projects\education-management\system\View\View.php(222): CodeIgniter\View\View->CodeIgniter\View\{closure}()
#9 C:\xampp\htdocs\projects\education-management\system\Common.php(1217): CodeIgniter\View\View->render('home', Array, true)
#10 C:\xampp\htdocs\projects\education-management\app\Controllers\BaseController.php(96): view('home', Array)
#11 C:\xampp\htdocs\projects\education-management\app\Controllers\Home.php(22): App\Controllers\BaseController->loadtemplate('home', Array)
#12 C:\xampp\htdocs\projects\education-management\system\CodeIgniter.php(936): App\Controllers\Home->index()
#13 C:\xampp\htdocs\projects\education-management\system\CodeIgniter.php(432): CodeIgniter\CodeIgniter->runController(Object(App\Controllers\Home))
#14 C:\xampp\htdocs\projects\education-management\system\CodeIgniter.php(333): CodeIgniter\CodeIgniter->handleRequest(NULL, Object(Config\Cache), false)
#15 C:\xampp\htdocs\projects\education-management\index.php(44): CodeIgniter\CodeIgniter->run()
#16 {main}
ERROR - 2021-05-01 22:59:52 --> mysqli_sql_exception: The user specified as a definer ('cnsacade'@'localhost') does not exist in C:\xampp\htdocs\projects\education-management\system\Database\MySQLi\Connection.php:314
Stack trace:
#0 C:\xampp\htdocs\projects\education-management\system\Database\MySQLi\Connection.php(314): mysqli->query('SELECT * FROM v...')
#1 C:\xampp\htdocs\projects\education-management\system\Database\BaseConnection.php(713): CodeIgniter\Database\MySQLi\Connection->execute('SELECT * FROM v...')
#2 C:\xampp\htdocs\projects\education-management\system\Database\BaseConnection.php(641): CodeIgniter\Database\BaseConnection->simpleQuery('SELECT * FROM v...')
#3 C:\xampp\htdocs\projects\education-management\app\Models\Admin\BannersModel.php(15): CodeIgniter\Database\BaseConnection->query('SELECT * FROM v...')
#4 C:\xampp\htdocs\projects\education-management\app\Controllers\Home.php(20): App\Models\Admin\BannersModel->get_banners(NULL)
#5 C:\xampp\htdocs\projects\education-management\system\CodeIgniter.php(936): App\Controllers\Home->index()
#6 C:\xampp\htdocs\projects\education-management\system\CodeIgniter.php(432): CodeIgniter\CodeIgniter->runController(Object(App\Controllers\Home))
#7 C:\xampp\htdocs\projects\education-management\system\CodeIgniter.php(333): CodeIgniter\CodeIgniter->handleRequest(NULL, Object(Config\Cache), false)
#8 C:\xampp\htdocs\projects\education-management\index.php(44): CodeIgniter\CodeIgniter->run()
#9 {main}
ERROR - 2021-05-01 22:59:52 --> mysqli_sql_exception: The user specified as a definer ('cnsacade'@'localhost') does not exist in C:\xampp\htdocs\projects\education-management\system\Database\MySQLi\Connection.php:314
Stack trace:
#0 C:\xampp\htdocs\projects\education-management\system\Database\MySQLi\Connection.php(314): mysqli->query('SELECT * FROM v...')
#1 C:\xampp\htdocs\projects\education-management\system\Database\BaseConnection.php(713): CodeIgniter\Database\MySQLi\Connection->execute('SELECT * FROM v...')
#2 C:\xampp\htdocs\projects\education-management\system\Database\BaseConnection.php(641): CodeIgniter\Database\BaseConnection->simpleQuery('SELECT * FROM v...')
#3 C:\xampp\htdocs\projects\education-management\app\Models\CoursesModel.php(21): CodeIgniter\Database\BaseConnection->query('SELECT * FROM v...')
#4 C:\xampp\htdocs\projects\education-management\app\Helpers\widgets_helper.php(16): App\Models\CoursesModel->course_list(Array)
#5 C:\xampp\htdocs\projects\education-management\app\Helpers\widgets_helper.php(47): widget_home_popular_courses(Array)
#6 C:\xampp\htdocs\projects\education-management\app\Views\home.php(98): get_widget('HOME-POPULAR-CO...')
#7 C:\xampp\htdocs\projects\education-management\system\View\View.php(220): include('C:\\xampp\\htdocs...')
#8 C:\xampp\htdocs\projects\education-management\system\View\View.php(222): CodeIgniter\View\View->CodeIgniter\View\{closure}()
#9 C:\xampp\htdocs\projects\education-management\system\Common.php(1217): CodeIgniter\View\View->render('home', Array, true)
#10 C:\xampp\htdocs\projects\education-management\app\Controllers\BaseController.php(96): view('home', Array)
#11 C:\xampp\htdocs\projects\education-management\app\Controllers\Home.php(22): App\Controllers\BaseController->loadtemplate('home', Array)
#12 C:\xampp\htdocs\projects\education-management\system\CodeIgniter.php(936): App\Controllers\Home->index()
#13 C:\xampp\htdocs\projects\education-management\system\CodeIgniter.php(432): CodeIgniter\CodeIgniter->runController(Object(App\Controllers\Home))
#14 C:\xampp\htdocs\projects\education-management\system\CodeIgniter.php(333): CodeIgniter\CodeIgniter->handleRequest(NULL, Object(Config\Cache), false)
#15 C:\xampp\htdocs\projects\education-management\index.php(44): CodeIgniter\CodeIgniter->run()
#16 {main}
ERROR - 2021-05-01 22:59:58 --> mysqli_sql_exception: The user specified as a definer ('cnsacade'@'localhost') does not exist in C:\xampp\htdocs\projects\education-management\system\Database\MySQLi\Connection.php:314
Stack trace:
#0 C:\xampp\htdocs\projects\education-management\system\Database\MySQLi\Connection.php(314): mysqli->query('SELECT * FROM v...')
#1 C:\xampp\htdocs\projects\education-management\system\Database\BaseConnection.php(713): CodeIgniter\Database\MySQLi\Connection->execute('SELECT * FROM v...')
#2 C:\xampp\htdocs\projects\education-management\system\Database\BaseConnection.php(641): CodeIgniter\Database\BaseConnection->simpleQuery('SELECT * FROM v...')
#3 C:\xampp\htdocs\projects\education-management\app\Models\Admin\BannersModel.php(15): CodeIgniter\Database\BaseConnection->query('SELECT * FROM v...')
#4 C:\xampp\htdocs\projects\education-management\app\Controllers\Home.php(20): App\Models\Admin\BannersModel->get_banners(NULL)
#5 C:\xampp\htdocs\projects\education-management\system\CodeIgniter.php(936): App\Controllers\Home->index()
#6 C:\xampp\htdocs\projects\education-management\system\CodeIgniter.php(432): CodeIgniter\CodeIgniter->runController(Object(App\Controllers\Home))
#7 C:\xampp\htdocs\projects\education-management\system\CodeIgniter.php(333): CodeIgniter\CodeIgniter->handleRequest(NULL, Object(Config\Cache), false)
#8 C:\xampp\htdocs\projects\education-management\index.php(44): CodeIgniter\CodeIgniter->run()
#9 {main}
ERROR - 2021-05-01 22:59:58 --> mysqli_sql_exception: The user specified as a definer ('cnsacade'@'localhost') does not exist in C:\xampp\htdocs\projects\education-management\system\Database\MySQLi\Connection.php:314
Stack trace:
#0 C:\xampp\htdocs\projects\education-management\system\Database\MySQLi\Connection.php(314): mysqli->query('SELECT * FROM v...')
#1 C:\xampp\htdocs\projects\education-management\system\Database\BaseConnection.php(713): CodeIgniter\Database\MySQLi\Connection->execute('SELECT * FROM v...')
#2 C:\xampp\htdocs\projects\education-management\system\Database\BaseConnection.php(641): CodeIgniter\Database\BaseConnection->simpleQuery('SELECT * FROM v...')
#3 C:\xampp\htdocs\projects\education-management\app\Models\CoursesModel.php(21): CodeIgniter\Database\BaseConnection->query('SELECT * FROM v...')
#4 C:\xampp\htdocs\projects\education-management\app\Helpers\widgets_helper.php(16): App\Models\CoursesModel->course_list(Array)
#5 C:\xampp\htdocs\projects\education-management\app\Helpers\widgets_helper.php(47): widget_home_popular_courses(Array)
#6 C:\xampp\htdocs\projects\education-management\app\Views\home.php(98): get_widget('HOME-POPULAR-CO...')
#7 C:\xampp\htdocs\projects\education-management\system\View\View.php(220): include('C:\\xampp\\htdocs...')
#8 C:\xampp\htdocs\projects\education-management\system\View\View.php(222): CodeIgniter\View\View->CodeIgniter\View\{closure}()
#9 C:\xampp\htdocs\projects\education-management\system\Common.php(1217): CodeIgniter\View\View->render('home', Array, true)
#10 C:\xampp\htdocs\projects\education-management\app\Controllers\BaseController.php(96): view('home', Array)
#11 C:\xampp\htdocs\projects\education-management\app\Controllers\Home.php(22): App\Controllers\BaseController->loadtemplate('home', Array)
#12 C:\xampp\htdocs\projects\education-management\system\CodeIgniter.php(936): App\Controllers\Home->index()
#13 C:\xampp\htdocs\projects\education-management\system\CodeIgniter.php(432): CodeIgniter\CodeIgniter->runController(Object(App\Controllers\Home))
#14 C:\xampp\htdocs\projects\education-management\system\CodeIgniter.php(333): CodeIgniter\CodeIgniter->handleRequest(NULL, Object(Config\Cache), false)
#15 C:\xampp\htdocs\projects\education-management\index.php(44): CodeIgniter\CodeIgniter->run()
#16 {main}
ERROR - 2021-05-01 23:01:35 --> mysqli_sql_exception: The user specified as a definer ('cnsacade'@'localhost') does not exist in C:\xampp\htdocs\projects\education-management\system\Database\MySQLi\Connection.php:314
Stack trace:
#0 C:\xampp\htdocs\projects\education-management\system\Database\MySQLi\Connection.php(314): mysqli->query('SELECT * FROM v...')
#1 C:\xampp\htdocs\projects\education-management\system\Database\BaseConnection.php(713): CodeIgniter\Database\MySQLi\Connection->execute('SELECT * FROM v...')
#2 C:\xampp\htdocs\projects\education-management\system\Database\BaseConnection.php(641): CodeIgniter\Database\BaseConnection->simpleQuery('SELECT * FROM v...')
#3 C:\xampp\htdocs\projects\education-management\app\Models\Admin\BannersModel.php(15): CodeIgniter\Database\BaseConnection->query('SELECT * FROM v...')
#4 C:\xampp\htdocs\projects\education-management\app\Controllers\Home.php(20): App\Models\Admin\BannersModel->get_banners(NULL)
#5 C:\xampp\htdocs\projects\education-management\system\CodeIgniter.php(936): App\Controllers\Home->index()
#6 C:\xampp\htdocs\projects\education-management\system\CodeIgniter.php(432): CodeIgniter\CodeIgniter->runController(Object(App\Controllers\Home))
#7 C:\xampp\htdocs\projects\education-management\system\CodeIgniter.php(333): CodeIgniter\CodeIgniter->handleRequest(NULL, Object(Config\Cache), false)
#8 C:\xampp\htdocs\projects\education-management\index.php(44): CodeIgniter\CodeIgniter->run()
#9 {main}
ERROR - 2021-05-01 23:01:35 --> mysqli_sql_exception: The user specified as a definer ('cnsacade'@'localhost') does not exist in C:\xampp\htdocs\projects\education-management\system\Database\MySQLi\Connection.php:314
Stack trace:
#0 C:\xampp\htdocs\projects\education-management\system\Database\MySQLi\Connection.php(314): mysqli->query('SELECT * FROM v...')
#1 C:\xampp\htdocs\projects\education-management\system\Database\BaseConnection.php(713): CodeIgniter\Database\MySQLi\Connection->execute('SELECT * FROM v...')
#2 C:\xampp\htdocs\projects\education-management\system\Database\BaseConnection.php(641): CodeIgniter\Database\BaseConnection->simpleQuery('SELECT * FROM v...')
#3 C:\xampp\htdocs\projects\education-management\app\Models\CoursesModel.php(21): CodeIgniter\Database\BaseConnection->query('SELECT * FROM v...')
#4 C:\xampp\htdocs\projects\education-management\app\Helpers\widgets_helper.php(16): App\Models\CoursesModel->course_list(Array)
#5 C:\xampp\htdocs\projects\education-management\app\Helpers\widgets_helper.php(47): widget_home_popular_courses(Array)
#6 C:\xampp\htdocs\projects\education-management\app\Views\home.php(98): get_widget('HOME-POPULAR-CO...')
#7 C:\xampp\htdocs\projects\education-management\system\View\View.php(220): include('C:\\xampp\\htdocs...')
#8 C:\xampp\htdocs\projects\education-management\system\View\View.php(222): CodeIgniter\View\View->CodeIgniter\View\{closure}()
#9 C:\xampp\htdocs\projects\education-management\system\Common.php(1217): CodeIgniter\View\View->render('home', Array, true)
#10 C:\xampp\htdocs\projects\education-management\app\Controllers\BaseController.php(96): view('home', Array)
#11 C:\xampp\htdocs\projects\education-management\app\Controllers\Home.php(22): App\Controllers\BaseController->loadtemplate('home', Array)
#12 C:\xampp\htdocs\projects\education-management\system\CodeIgniter.php(936): App\Controllers\Home->index()
#13 C:\xampp\htdocs\projects\education-management\system\CodeIgniter.php(432): CodeIgniter\CodeIgniter->runController(Object(App\Controllers\Home))
#14 C:\xampp\htdocs\projects\education-management\system\CodeIgniter.php(333): CodeIgniter\CodeIgniter->handleRequest(NULL, Object(Config\Cache), false)
#15 C:\xampp\htdocs\projects\education-management\index.php(44): CodeIgniter\CodeIgniter->run()
#16 {main}
ERROR - 2021-05-01 23:01:43 --> mysqli_sql_exception: The user specified as a definer ('cnsacade'@'localhost') does not exist in C:\xampp\htdocs\projects\education-management\system\Database\MySQLi\Connection.php:314
Stack trace:
#0 C:\xampp\htdocs\projects\education-management\system\Database\MySQLi\Connection.php(314): mysqli->query('SELECT * FROM v...')
#1 C:\xampp\htdocs\projects\education-management\system\Database\BaseConnection.php(713): CodeIgniter\Database\MySQLi\Connection->execute('SELECT * FROM v...')
#2 C:\xampp\htdocs\projects\education-management\system\Database\BaseConnection.php(641): CodeIgniter\Database\BaseConnection->simpleQuery('SELECT * FROM v...')
#3 C:\xampp\htdocs\projects\education-management\app\Models\Admin\BannersModel.php(15): CodeIgniter\Database\BaseConnection->query('SELECT * FROM v...')
#4 C:\xampp\htdocs\projects\education-management\app\Controllers\Home.php(20): App\Models\Admin\BannersModel->get_banners(NULL)
#5 C:\xampp\htdocs\projects\education-management\system\CodeIgniter.php(936): App\Controllers\Home->index()
#6 C:\xampp\htdocs\projects\education-management\system\CodeIgniter.php(432): CodeIgniter\CodeIgniter->runController(Object(App\Controllers\Home))
#7 C:\xampp\htdocs\projects\education-management\system\CodeIgniter.php(333): CodeIgniter\CodeIgniter->handleRequest(NULL, Object(Config\Cache), false)
#8 C:\xampp\htdocs\projects\education-management\index.php(44): CodeIgniter\CodeIgniter->run()
#9 {main}
ERROR - 2021-05-01 23:01:43 --> mysqli_sql_exception: The user specified as a definer ('cnsacade'@'localhost') does not exist in C:\xampp\htdocs\projects\education-management\system\Database\MySQLi\Connection.php:314
Stack trace:
#0 C:\xampp\htdocs\projects\education-management\system\Database\MySQLi\Connection.php(314): mysqli->query('SELECT * FROM v...')
#1 C:\xampp\htdocs\projects\education-management\system\Database\BaseConnection.php(713): CodeIgniter\Database\MySQLi\Connection->execute('SELECT * FROM v...')
#2 C:\xampp\htdocs\projects\education-management\system\Database\BaseConnection.php(641): CodeIgniter\Database\BaseConnection->simpleQuery('SELECT * FROM v...')
#3 C:\xampp\htdocs\projects\education-management\app\Models\CoursesModel.php(21): CodeIgniter\Database\BaseConnection->query('SELECT * FROM v...')
#4 C:\xampp\htdocs\projects\education-management\app\Helpers\widgets_helper.php(16): App\Models\CoursesModel->course_list(Array)
#5 C:\xampp\htdocs\projects\education-management\app\Helpers\widgets_helper.php(47): widget_home_popular_courses(Array)
#6 C:\xampp\htdocs\projects\education-management\app\Views\home.php(98): get_widget('HOME-POPULAR-CO...')
#7 C:\xampp\htdocs\projects\education-management\system\View\View.php(220): include('C:\\xampp\\htdocs...')
#8 C:\xampp\htdocs\projects\education-management\system\View\View.php(222): CodeIgniter\View\View->CodeIgniter\View\{closure}()
#9 C:\xampp\htdocs\projects\education-management\system\Common.php(1217): CodeIgniter\View\View->render('home', Array, true)
#10 C:\xampp\htdocs\projects\education-management\app\Controllers\BaseController.php(96): view('home', Array)
#11 C:\xampp\htdocs\projects\education-management\app\Controllers\Home.php(22): App\Controllers\BaseController->loadtemplate('home', Array)
#12 C:\xampp\htdocs\projects\education-management\system\CodeIgniter.php(936): App\Controllers\Home->index()
#13 C:\xampp\htdocs\projects\education-management\system\CodeIgniter.php(432): CodeIgniter\CodeIgniter->runController(Object(App\Controllers\Home))
#14 C:\xampp\htdocs\projects\education-management\system\CodeIgniter.php(333): CodeIgniter\CodeIgniter->handleRequest(NULL, Object(Config\Cache), false)
#15 C:\xampp\htdocs\projects\education-management\index.php(44): CodeIgniter\CodeIgniter->run()
#16 {main}
ERROR - 2021-05-01 23:01:44 --> mysqli_sql_exception: The user specified as a definer ('cnsacade'@'localhost') does not exist in C:\xampp\htdocs\projects\education-management\system\Database\MySQLi\Connection.php:314
Stack trace:
#0 C:\xampp\htdocs\projects\education-management\system\Database\MySQLi\Connection.php(314): mysqli->query('SELECT * FROM v...')
#1 C:\xampp\htdocs\projects\education-management\system\Database\BaseConnection.php(713): CodeIgniter\Database\MySQLi\Connection->execute('SELECT * FROM v...')
#2 C:\xampp\htdocs\projects\education-management\system\Database\BaseConnection.php(641): CodeIgniter\Database\BaseConnection->simpleQuery('SELECT * FROM v...')
#3 C:\xampp\htdocs\projects\education-management\app\Models\Admin\BannersModel.php(15): CodeIgniter\Database\BaseConnection->query('SELECT * FROM v...')
#4 C:\xampp\htdocs\projects\education-management\app\Controllers\Home.php(20): App\Models\Admin\BannersModel->get_banners(NULL)
#5 C:\xampp\htdocs\projects\education-management\system\CodeIgniter.php(936): App\Controllers\Home->index()
#6 C:\xampp\htdocs\projects\education-management\system\CodeIgniter.php(432): CodeIgniter\CodeIgniter->runController(Object(App\Controllers\Home))
#7 C:\xampp\htdocs\projects\education-management\system\CodeIgniter.php(333): CodeIgniter\CodeIgniter->handleRequest(NULL, Object(Config\Cache), false)
#8 C:\xampp\htdocs\projects\education-management\index.php(44): CodeIgniter\CodeIgniter->run()
#9 {main}
ERROR - 2021-05-01 23:01:44 --> mysqli_sql_exception: The user specified as a definer ('cnsacade'@'localhost') does not exist in C:\xampp\htdocs\projects\education-management\system\Database\MySQLi\Connection.php:314
Stack trace:
#0 C:\xampp\htdocs\projects\education-management\system\Database\MySQLi\Connection.php(314): mysqli->query('SELECT * FROM v...')
#1 C:\xampp\htdocs\projects\education-management\system\Database\BaseConnection.php(713): CodeIgniter\Database\MySQLi\Connection->execute('SELECT * FROM v...')
#2 C:\xampp\htdocs\projects\education-management\system\Database\BaseConnection.php(641): CodeIgniter\Database\BaseConnection->simpleQuery('SELECT * FROM v...')
#3 C:\xampp\htdocs\projects\education-management\app\Models\CoursesModel.php(21): CodeIgniter\Database\BaseConnection->query('SELECT * FROM v...')
#4 C:\xampp\htdocs\projects\education-management\app\Helpers\widgets_helper.php(16): App\Models\CoursesModel->course_list(Array)
#5 C:\xampp\htdocs\projects\education-management\app\Helpers\widgets_helper.php(47): widget_home_popular_courses(Array)
#6 C:\xampp\htdocs\projects\education-management\app\Views\home.php(98): get_widget('HOME-POPULAR-CO...')
#7 C:\xampp\htdocs\projects\education-management\system\View\View.php(220): include('C:\\xampp\\htdocs...')
#8 C:\xampp\htdocs\projects\education-management\system\View\View.php(222): CodeIgniter\View\View->CodeIgniter\View\{closure}()
#9 C:\xampp\htdocs\projects\education-management\system\Common.php(1217): CodeIgniter\View\View->render('home', Array, true)
#10 C:\xampp\htdocs\projects\education-management\app\Controllers\BaseController.php(96): view('home', Array)
#11 C:\xampp\htdocs\projects\education-management\app\Controllers\Home.php(22): App\Controllers\BaseController->loadtemplate('home', Array)
#12 C:\xampp\htdocs\projects\education-management\system\CodeIgniter.php(936): App\Controllers\Home->index()
#13 C:\xampp\htdocs\projects\education-management\system\CodeIgniter.php(432): CodeIgniter\CodeIgniter->runController(Object(App\Controllers\Home))
#14 C:\xampp\htdocs\projects\education-management\system\CodeIgniter.php(333): CodeIgniter\CodeIgniter->handleRequest(NULL, Object(Config\Cache), false)
#15 C:\xampp\htdocs\projects\education-management\index.php(44): CodeIgniter\CodeIgniter->run()
#16 {main}
ERROR - 2021-05-01 23:01:51 --> mysqli_sql_exception: The user specified as a definer ('cnsacade'@'localhost') does not exist in C:\xampp\htdocs\projects\education-management\system\Database\MySQLi\Connection.php:314
Stack trace:
#0 C:\xampp\htdocs\projects\education-management\system\Database\MySQLi\Connection.php(314): mysqli->query('SELECT * FROM v...')
#1 C:\xampp\htdocs\projects\education-management\system\Database\BaseConnection.php(713): CodeIgniter\Database\MySQLi\Connection->execute('SELECT * FROM v...')
#2 C:\xampp\htdocs\projects\education-management\system\Database\BaseConnection.php(641): CodeIgniter\Database\BaseConnection->simpleQuery('SELECT * FROM v...')
#3 C:\xampp\htdocs\projects\education-management\app\Models\Admin\BannersModel.php(15): CodeIgniter\Database\BaseConnection->query('SELECT * FROM v...')
#4 C:\xampp\htdocs\projects\education-management\app\Controllers\Home.php(20): App\Models\Admin\BannersModel->get_banners(NULL)
#5 C:\xampp\htdocs\projects\education-management\system\CodeIgniter.php(936): App\Controllers\Home->index()
#6 C:\xampp\htdocs\projects\education-management\system\CodeIgniter.php(432): CodeIgniter\CodeIgniter->runController(Object(App\Controllers\Home))
#7 C:\xampp\htdocs\projects\education-management\system\CodeIgniter.php(333): CodeIgniter\CodeIgniter->handleRequest(NULL, Object(Config\Cache), false)
#8 C:\xampp\htdocs\projects\education-management\index.php(44): CodeIgniter\CodeIgniter->run()
#9 {main}
ERROR - 2021-05-01 23:01:51 --> mysqli_sql_exception: The user specified as a definer ('cnsacade'@'localhost') does not exist in C:\xampp\htdocs\projects\education-management\system\Database\MySQLi\Connection.php:314
Stack trace:
#0 C:\xampp\htdocs\projects\education-management\system\Database\MySQLi\Connection.php(314): mysqli->query('SELECT * FROM v...')
#1 C:\xampp\htdocs\projects\education-management\system\Database\BaseConnection.php(713): CodeIgniter\Database\MySQLi\Connection->execute('SELECT * FROM v...')
#2 C:\xampp\htdocs\projects\education-management\system\Database\BaseConnection.php(641): CodeIgniter\Database\BaseConnection->simpleQuery('SELECT * FROM v...')
#3 C:\xampp\htdocs\projects\education-management\app\Models\CoursesModel.php(21): CodeIgniter\Database\BaseConnection->query('SELECT * FROM v...')
#4 C:\xampp\htdocs\projects\education-management\app\Helpers\widgets_helper.php(16): App\Models\CoursesModel->course_list(Array)
#5 C:\xampp\htdocs\projects\education-management\app\Helpers\widgets_helper.php(47): widget_home_popular_courses(Array)
#6 C:\xampp\htdocs\projects\education-management\app\Views\home.php(98): get_widget('HOME-POPULAR-CO...')
#7 C:\xampp\htdocs\projects\education-management\system\View\View.php(220): include('C:\\xampp\\htdocs...')
#8 C:\xampp\htdocs\projects\education-management\system\View\View.php(222): CodeIgniter\View\View->CodeIgniter\View\{closure}()
#9 C:\xampp\htdocs\projects\education-management\system\Common.php(1217): CodeIgniter\View\View->render('home', Array, true)
#10 C:\xampp\htdocs\projects\education-management\app\Controllers\BaseController.php(96): view('home', Array)
#11 C:\xampp\htdocs\projects\education-management\app\Controllers\Home.php(22): App\Controllers\BaseController->loadtemplate('home', Array)
#12 C:\xampp\htdocs\projects\education-management\system\CodeIgniter.php(936): App\Controllers\Home->index()
#13 C:\xampp\htdocs\projects\education-management\system\CodeIgniter.php(432): CodeIgniter\CodeIgniter->runController(Object(App\Controllers\Home))
#14 C:\xampp\htdocs\projects\education-management\system\CodeIgniter.php(333): CodeIgniter\CodeIgniter->handleRequest(NULL, Object(Config\Cache), false)
#15 C:\xampp\htdocs\projects\education-management\index.php(44): CodeIgniter\CodeIgniter->run()
#16 {main}
ERROR - 2021-05-01 23:01:52 --> mysqli_sql_exception: The user specified as a definer ('cnsacade'@'localhost') does not exist in C:\xampp\htdocs\projects\education-management\system\Database\MySQLi\Connection.php:314
Stack trace:
#0 C:\xampp\htdocs\projects\education-management\system\Database\MySQLi\Connection.php(314): mysqli->query('SELECT * FROM v...')
#1 C:\xampp\htdocs\projects\education-management\system\Database\BaseConnection.php(713): CodeIgniter\Database\MySQLi\Connection->execute('SELECT * FROM v...')
#2 C:\xampp\htdocs\projects\education-management\system\Database\BaseConnection.php(641): CodeIgniter\Database\BaseConnection->simpleQuery('SELECT * FROM v...')
#3 C:\xampp\htdocs\projects\education-management\app\Models\Admin\BannersModel.php(15): CodeIgniter\Database\BaseConnection->query('SELECT * FROM v...')
#4 C:\xampp\htdocs\projects\education-management\app\Controllers\Home.php(20): App\Models\Admin\BannersModel->get_banners(NULL)
#5 C:\xampp\htdocs\projects\education-management\system\CodeIgniter.php(936): App\Controllers\Home->index()
#6 C:\xampp\htdocs\projects\education-management\system\CodeIgniter.php(432): CodeIgniter\CodeIgniter->runController(Object(App\Controllers\Home))
#7 C:\xampp\htdocs\projects\education-management\system\CodeIgniter.php(333): CodeIgniter\CodeIgniter->handleRequest(NULL, Object(Config\Cache), false)
#8 C:\xampp\htdocs\projects\education-management\index.php(44): CodeIgniter\CodeIgniter->run()
#9 {main}
ERROR - 2021-05-01 23:01:52 --> mysqli_sql_exception: The user specified as a definer ('cnsacade'@'localhost') does not exist in C:\xampp\htdocs\projects\education-management\system\Database\MySQLi\Connection.php:314
Stack trace:
#0 C:\xampp\htdocs\projects\education-management\system\Database\MySQLi\Connection.php(314): mysqli->query('SELECT * FROM v...')
#1 C:\xampp\htdocs\projects\education-management\system\Database\BaseConnection.php(713): CodeIgniter\Database\MySQLi\Connection->execute('SELECT * FROM v...')
#2 C:\xampp\htdocs\projects\education-management\system\Database\BaseConnection.php(641): CodeIgniter\Database\BaseConnection->simpleQuery('SELECT * FROM v...')
#3 C:\xampp\htdocs\projects\education-management\app\Models\CoursesModel.php(21): CodeIgniter\Database\BaseConnection->query('SELECT * FROM v...')
#4 C:\xampp\htdocs\projects\education-management\app\Helpers\widgets_helper.php(16): App\Models\CoursesModel->course_list(Array)
#5 C:\xampp\htdocs\projects\education-management\app\Helpers\widgets_helper.php(47): widget_home_popular_courses(Array)
#6 C:\xampp\htdocs\projects\education-management\app\Views\home.php(98): get_widget('HOME-POPULAR-CO...')
#7 C:\xampp\htdocs\projects\education-management\system\View\View.php(220): include('C:\\xampp\\htdocs...')
#8 C:\xampp\htdocs\projects\education-management\system\View\View.php(222): CodeIgniter\View\View->CodeIgniter\View\{closure}()
#9 C:\xampp\htdocs\projects\education-management\system\Common.php(1217): CodeIgniter\View\View->render('home', Array, true)
#10 C:\xampp\htdocs\projects\education-management\app\Controllers\BaseController.php(96): view('home', Array)
#11 C:\xampp\htdocs\projects\education-management\app\Controllers\Home.php(22): App\Controllers\BaseController->loadtemplate('home', Array)
#12 C:\xampp\htdocs\projects\education-management\system\CodeIgniter.php(936): App\Controllers\Home->index()
#13 C:\xampp\htdocs\projects\education-management\system\CodeIgniter.php(432): CodeIgniter\CodeIgniter->runController(Object(App\Controllers\Home))
#14 C:\xampp\htdocs\projects\education-management\system\CodeIgniter.php(333): CodeIgniter\CodeIgniter->handleRequest(NULL, Object(Config\Cache), false)
#15 C:\xampp\htdocs\projects\education-management\index.php(44): CodeIgniter\CodeIgniter->run()
#16 {main}
ERROR - 2021-05-01 23:01:53 --> mysqli_sql_exception: The user specified as a definer ('cnsacade'@'localhost') does not exist in C:\xampp\htdocs\projects\education-management\system\Database\MySQLi\Connection.php:314
Stack trace:
#0 C:\xampp\htdocs\projects\education-management\system\Database\MySQLi\Connection.php(314): mysqli->query('SELECT * FROM v...')
#1 C:\xampp\htdocs\projects\education-management\system\Database\BaseConnection.php(713): CodeIgniter\Database\MySQLi\Connection->execute('SELECT * FROM v...')
#2 C:\xampp\htdocs\projects\education-management\system\Database\BaseConnection.php(641): CodeIgniter\Database\BaseConnection->simpleQuery('SELECT * FROM v...')
#3 C:\xampp\htdocs\projects\education-management\app\Models\Admin\BannersModel.php(15): CodeIgniter\Database\BaseConnection->query('SELECT * FROM v...')
#4 C:\xampp\htdocs\projects\education-management\app\Controllers\Home.php(20): App\Models\Admin\BannersModel->get_banners(NULL)
#5 C:\xampp\htdocs\projects\education-management\system\CodeIgniter.php(936): App\Controllers\Home->index()
#6 C:\xampp\htdocs\projects\education-management\system\CodeIgniter.php(432): CodeIgniter\CodeIgniter->runController(Object(App\Controllers\Home))
#7 C:\xampp\htdocs\projects\education-management\system\CodeIgniter.php(333): CodeIgniter\CodeIgniter->handleRequest(NULL, Object(Config\Cache), false)
#8 C:\xampp\htdocs\projects\education-management\index.php(44): CodeIgniter\CodeIgniter->run()
#9 {main}
ERROR - 2021-05-01 23:01:53 --> mysqli_sql_exception: The user specified as a definer ('cnsacade'@'localhost') does not exist in C:\xampp\htdocs\projects\education-management\system\Database\MySQLi\Connection.php:314
Stack trace:
#0 C:\xampp\htdocs\projects\education-management\system\Database\MySQLi\Connection.php(314): mysqli->query('SELECT * FROM v...')
#1 C:\xampp\htdocs\projects\education-management\system\Database\BaseConnection.php(713): CodeIgniter\Database\MySQLi\Connection->execute('SELECT * FROM v...')
#2 C:\xampp\htdocs\projects\education-management\system\Database\BaseConnection.php(641): CodeIgniter\Database\BaseConnection->simpleQuery('SELECT * FROM v...')
#3 C:\xampp\htdocs\projects\education-management\app\Models\CoursesModel.php(21): CodeIgniter\Database\BaseConnection->query('SELECT * FROM v...')
#4 C:\xampp\htdocs\projects\education-management\app\Helpers\widgets_helper.php(16): App\Models\CoursesModel->course_list(Array)
#5 C:\xampp\htdocs\projects\education-management\app\Helpers\widgets_helper.php(47): widget_home_popular_courses(Array)
#6 C:\xampp\htdocs\projects\education-management\app\Views\home.php(98): get_widget('HOME-POPULAR-CO...')
#7 C:\xampp\htdocs\projects\education-management\system\View\View.php(220): include('C:\\xampp\\htdocs...')
#8 C:\xampp\htdocs\projects\education-management\system\View\View.php(222): CodeIgniter\View\View->CodeIgniter\View\{closure}()
#9 C:\xampp\htdocs\projects\education-management\system\Common.php(1217): CodeIgniter\View\View->render('home', Array, true)
#10 C:\xampp\htdocs\projects\education-management\app\Controllers\BaseController.php(96): view('home', Array)
#11 C:\xampp\htdocs\projects\education-management\app\Controllers\Home.php(22): App\Controllers\BaseController->loadtemplate('home', Array)
#12 C:\xampp\htdocs\projects\education-management\system\CodeIgniter.php(936): App\Controllers\Home->index()
#13 C:\xampp\htdocs\projects\education-management\system\CodeIgniter.php(432): CodeIgniter\CodeIgniter->runController(Object(App\Controllers\Home))
#14 C:\xampp\htdocs\projects\education-management\system\CodeIgniter.php(333): CodeIgniter\CodeIgniter->handleRequest(NULL, Object(Config\Cache), false)
#15 C:\xampp\htdocs\projects\education-management\index.php(44): CodeIgniter\CodeIgniter->run()
#16 {main}
ERROR - 2021-05-01 23:02:08 --> mysqli_sql_exception: The user specified as a definer ('cnsacade'@'localhost') does not exist in C:\xampp\htdocs\projects\education-management\system\Database\MySQLi\Connection.php:314
Stack trace:
#0 C:\xampp\htdocs\projects\education-management\system\Database\MySQLi\Connection.php(314): mysqli->query('SELECT * FROM v...')
#1 C:\xampp\htdocs\projects\education-management\system\Database\BaseConnection.php(713): CodeIgniter\Database\MySQLi\Connection->execute('SELECT * FROM v...')
#2 C:\xampp\htdocs\projects\education-management\system\Database\BaseConnection.php(641): CodeIgniter\Database\BaseConnection->simpleQuery('SELECT * FROM v...')
#3 C:\xampp\htdocs\projects\education-management\app\Models\CoursesModel.php(21): CodeIgniter\Database\BaseConnection->query('SELECT * FROM v...')
#4 C:\xampp\htdocs\projects\education-management\app\Controllers\Courses.php(23): App\Models\CoursesModel->course_list(Array)
#5 C:\xampp\htdocs\projects\education-management\system\CodeIgniter.php(936): App\Controllers\Courses->course_list('c-programming')
#6 C:\xampp\htdocs\projects\education-management\system\CodeIgniter.php(432): CodeIgniter\CodeIgniter->runController(Object(App\Controllers\Courses))
#7 C:\xampp\htdocs\projects\education-management\system\CodeIgniter.php(333): CodeIgniter\CodeIgniter->handleRequest(NULL, Object(Config\Cache), false)
#8 C:\xampp\htdocs\projects\education-management\index.php(44): CodeIgniter\CodeIgniter->run()
#9 {main}
CRITICAL - 2021-05-01 15:30:51 --> syntax error, unexpected '->' (T_OBJECT_OPERATOR), expecting ';'
#0 C:\xampp\htdocs\projects\education-management\system\Autoloader\Autoloader.php(265): CodeIgniter\Autoloader\Autoloader->includeFile('C:\\xampp\\htdocs...')
#1 C:\xampp\htdocs\projects\education-management\system\Autoloader\Autoloader.php(228): CodeIgniter\Autoloader\Autoloader->loadInNamespace('App\\Controllers...')
#2 [internal function]: CodeIgniter\Autoloader\Autoloader->loadClass('App\\Controllers...')
#3 [internal function]: spl_autoload_call('App\\Controllers...')
#4 C:\xampp\htdocs\projects\education-management\system\CodeIgniter.php(893): class_exists('\\App\\Controller...', true)
#5 C:\xampp\htdocs\projects\education-management\system\CodeIgniter.php(417): CodeIgniter\CodeIgniter->startController()
#6 C:\xampp\htdocs\projects\education-management\system\CodeIgniter.php(333): CodeIgniter\CodeIgniter->handleRequest(NULL, Object(Config\Cache), false)
#7 C:\xampp\htdocs\projects\education-management\index.php(44): CodeIgniter\CodeIgniter->run()
#8 {main}
CRITICAL - 2021-05-01 15:30:51 --> syntax error, unexpected '->' (T_OBJECT_OPERATOR), expecting ';'
#0 C:\xampp\htdocs\projects\education-management\system\Autoloader\Autoloader.php(265): CodeIgniter\Autoloader\Autoloader->includeFile('C:\\xampp\\htdocs...')
#1 C:\xampp\htdocs\projects\education-management\system\Autoloader\Autoloader.php(228): CodeIgniter\Autoloader\Autoloader->loadInNamespace('App\\Controllers...')
#2 [internal function]: CodeIgniter\Autoloader\Autoloader->loadClass('App\\Controllers...')
#3 [internal function]: spl_autoload_call('App\\Controllers...')
#4 C:\xampp\htdocs\projects\education-management\system\CodeIgniter.php(893): class_exists('\\App\\Controller...', true)
#5 C:\xampp\htdocs\projects\education-management\system\CodeIgniter.php(417): CodeIgniter\CodeIgniter->startController()
#6 C:\xampp\htdocs\projects\education-management\system\CodeIgniter.php(333): CodeIgniter\CodeIgniter->handleRequest(NULL, Object(Config\Cache), false)
#7 C:\xampp\htdocs\projects\education-management\index.php(44): CodeIgniter\CodeIgniter->run()
#8 {main}
