ERROR - 2021-04-09 01:15:09 --> mysqli_sql_exception: Table 'education_management.view_courses' doesn't exist in /home/pe2itb2zyhdo/public_html/system/Database/MySQLi/Connection.php:314
Stack trace:
#0 /home/pe2itb2zyhdo/public_html/system/Database/MySQLi/Connection.php(314): mysqli->query('SELECT * FROM v...')
#1 /home/pe2itb2zyhdo/public_html/system/Database/BaseConnection.php(713): CodeIgniter\Database\MySQLi\Connection->execute('SELECT * FROM v...')
#2 /home/pe2itb2zyhdo/public_html/system/Database/BaseConnection.php(641): CodeIgniter\Database\BaseConnection->simpleQuery('SELECT * FROM v...')
#3 /home/pe2itb2zyhdo/public_html/app/Models/CoursesModel.php(16): CodeIgniter\Database\BaseConnection->query('SELECT * FROM v...')
#4 /home/pe2itb2zyhdo/public_html/app/Controllers/Courses.php(21): App\Models\CoursesModel->course_list(Array)
#5 /home/pe2itb2zyhdo/public_html/system/CodeIgniter.php(936): App\Controllers\Courses->course_list('zxjcbsh-nbsjchh...')
#6 /home/pe2itb2zyhdo/public_html/system/CodeIgniter.php(432): CodeIgniter\CodeIgniter->runController(Object(App\Controllers\Courses))
#7 /home/pe2itb2zyhdo/public_html/system/CodeIgniter.php(333): CodeIgniter\CodeIgniter->handleRequest(NULL, Object(Config\Cache), false)
#8 /home/pe2itb2zyhdo/public_html/index.php(44): CodeIgniter\CodeIgniter->run()
#9 {main}
ERROR - 2021-04-09 01:15:24 --> mysqli_sql_exception: Table 'education_management.view_courses' doesn't exist in /home/pe2itb2zyhdo/public_html/system/Database/MySQLi/Connection.php:314
Stack trace:
#0 /home/pe2itb2zyhdo/public_html/system/Database/MySQLi/Connection.php(314): mysqli->query('SELECT * FROM v...')
#1 /home/pe2itb2zyhdo/public_html/system/Database/BaseConnection.php(713): CodeIgniter\Database\MySQLi\Connection->execute('SELECT * FROM v...')
#2 /home/pe2itb2zyhdo/public_html/system/Database/BaseConnection.php(641): CodeIgniter\Database\BaseConnection->simpleQuery('SELECT * FROM v...')
#3 /home/pe2itb2zyhdo/public_html/app/Models/CoursesModel.php(16): CodeIgniter\Database\BaseConnection->query('SELECT * FROM v...')
#4 /home/pe2itb2zyhdo/public_html/app/Controllers/Courses.php(21): App\Models\CoursesModel->course_list(Array)
#5 /home/pe2itb2zyhdo/public_html/system/CodeIgniter.php(936): App\Controllers\Courses->course_list('zxjcbsh-nbsjchh...')
#6 /home/pe2itb2zyhdo/public_html/system/CodeIgniter.php(432): CodeIgniter\CodeIgniter->runController(Object(App\Controllers\Courses))
#7 /home/pe2itb2zyhdo/public_html/system/CodeIgniter.php(333): CodeIgniter\CodeIgniter->handleRequest(NULL, Object(Config\Cache), false)
#8 /home/pe2itb2zyhdo/public_html/index.php(44): CodeIgniter\CodeIgniter->run()
#9 {main}
ERROR - 2021-04-09 01:15:27 --> mysqli_sql_exception: Table 'education_management.view_courses' doesn't exist in /home/pe2itb2zyhdo/public_html/system/Database/MySQLi/Connection.php:314
Stack trace:
#0 /home/pe2itb2zyhdo/public_html/system/Database/MySQLi/Connection.php(314): mysqli->query('SELECT * FROM v...')
#1 /home/pe2itb2zyhdo/public_html/system/Database/BaseConnection.php(713): CodeIgniter\Database\MySQLi\Connection->execute('SELECT * FROM v...')
#2 /home/pe2itb2zyhdo/public_html/system/Database/BaseConnection.php(641): CodeIgniter\Database\BaseConnection->simpleQuery('SELECT * FROM v...')
#3 /home/pe2itb2zyhdo/public_html/app/Models/CoursesModel.php(16): CodeIgniter\Database\BaseConnection->query('SELECT * FROM v...')
#4 /home/pe2itb2zyhdo/public_html/app/Controllers/Courses.php(21): App\Models\CoursesModel->course_list(Array)
#5 /home/pe2itb2zyhdo/public_html/system/CodeIgniter.php(936): App\Controllers\Courses->course_list('zxjcbsh-nbsjchh...')
#6 /home/pe2itb2zyhdo/public_html/system/CodeIgniter.php(432): CodeIgniter\CodeIgniter->runController(Object(App\Controllers\Courses))
#7 /home/pe2itb2zyhdo/public_html/system/CodeIgniter.php(333): CodeIgniter\CodeIgniter->handleRequest(NULL, Object(Config\Cache), false)
#8 /home/pe2itb2zyhdo/public_html/index.php(44): CodeIgniter\CodeIgniter->run()
#9 {main}
ERROR - 2021-04-09 01:20:51 --> mysqli_sql_exception: Table 'education_management.view_courses' doesn't exist in /home/pe2itb2zyhdo/public_html/system/Database/MySQLi/Connection.php:314
Stack trace:
#0 /home/pe2itb2zyhdo/public_html/system/Database/MySQLi/Connection.php(314): mysqli->query('SELECT * FROM v...')
#1 /home/pe2itb2zyhdo/public_html/system/Database/BaseConnection.php(713): CodeIgniter\Database\MySQLi\Connection->execute('SELECT * FROM v...')
#2 /home/pe2itb2zyhdo/public_html/system/Database/BaseConnection.php(641): CodeIgniter\Database\BaseConnection->simpleQuery('SELECT * FROM v...')
#3 /home/pe2itb2zyhdo/public_html/app/Models/CoursesModel.php(16): CodeIgniter\Database\BaseConnection->query('SELECT * FROM v...')
#4 /home/pe2itb2zyhdo/public_html/app/Controllers/Courses.php(21): App\Models\CoursesModel->course_list(Array)
#5 /home/pe2itb2zyhdo/public_html/system/CodeIgniter.php(936): App\Controllers\Courses->course_list('database-manage...')
#6 /home/pe2itb2zyhdo/public_html/system/CodeIgniter.php(432): CodeIgniter\CodeIgniter->runController(Object(App\Controllers\Courses))
#7 /home/pe2itb2zyhdo/public_html/system/CodeIgniter.php(333): CodeIgniter\CodeIgniter->handleRequest(NULL, Object(Config\Cache), false)
#8 /home/pe2itb2zyhdo/public_html/index.php(44): CodeIgniter\CodeIgniter->run()
#9 {main}
ERROR - 2021-04-09 03:15:44 --> mysqli_sql_exception: Table 'education_management.view_courses' doesn't exist in /home/pe2itb2zyhdo/public_html/system/Database/MySQLi/Connection.php:314
Stack trace:
#0 /home/pe2itb2zyhdo/public_html/system/Database/MySQLi/Connection.php(314): mysqli->query('SELECT * FROM v...')
#1 /home/pe2itb2zyhdo/public_html/system/Database/BaseConnection.php(713): CodeIgniter\Database\MySQLi\Connection->execute('SELECT * FROM v...')
#2 /home/pe2itb2zyhdo/public_html/system/Database/BaseConnection.php(641): CodeIgniter\Database\BaseConnection->simpleQuery('SELECT * FROM v...')
#3 /home/pe2itb2zyhdo/public_html/app/Models/CoursesModel.php(16): CodeIgniter\Database\BaseConnection->query('SELECT * FROM v...')
#4 /home/pe2itb2zyhdo/public_html/app/Controllers/Courses.php(21): App\Models\CoursesModel->course_list(Array)
#5 /home/pe2itb2zyhdo/public_html/system/CodeIgniter.php(936): App\Controllers\Courses->course_list('c-programming')
#6 /home/pe2itb2zyhdo/public_html/system/CodeIgniter.php(432): CodeIgniter\CodeIgniter->runController(Object(App\Controllers\Courses))
#7 /home/pe2itb2zyhdo/public_html/system/CodeIgniter.php(333): CodeIgniter\CodeIgniter->handleRequest(NULL, Object(Config\Cache), false)
#8 /home/pe2itb2zyhdo/public_html/index.php(44): CodeIgniter\CodeIgniter->run()
#9 {main}
