CRITICAL - 2022-09-19 11:51:36 --> Invalid file: Admin/masters/classes/classes-form.php
#0 C:\xampp\htdocs\projects\student-exam\system\View\View.php(203): CodeIgniter\Exceptions\FrameworkException::forInvalidFile('Admin/masters/c...')
#1 C:\xampp\htdocs\projects\student-exam\system\Common.php(1217): CodeIgniter\View\View->render('Admin/masters/c...', Array, true)
#2 C:\xampp\htdocs\projects\student-exam\app\Controllers\BaseController.php(110): view('Admin/masters/c...', Array)
#3 C:\xampp\htdocs\projects\student-exam\app\Controllers\Admin\Masters\Classes.php(52): App\Controllers\BaseController->loadtemplateadmin('Admin/masters/c...', Array)
#4 C:\xampp\htdocs\projects\student-exam\system\CodeIgniter.php(936): App\Controllers\Admin\Masters\Classes->class_add()
#5 C:\xampp\htdocs\projects\student-exam\system\CodeIgniter.php(432): CodeIgniter\CodeIgniter->runController(Object(App\Controllers\Admin\Masters\Classes))
#6 C:\xampp\htdocs\projects\student-exam\system\CodeIgniter.php(333): CodeIgniter\CodeIgniter->handleRequest(NULL, Object(Config\Cache), false)
#7 C:\xampp\htdocs\projects\student-exam\index.php(44): CodeIgniter\CodeIgniter->run()
#8 {main}
CRITICAL - 2022-09-19 11:55:54 --> Invalid file: Admin/masters/classes/classes-form.php
#0 C:\xampp\htdocs\projects\student-exam\system\View\View.php(203): CodeIgniter\Exceptions\FrameworkException::forInvalidFile('Admin/masters/c...')
#1 C:\xampp\htdocs\projects\student-exam\system\Common.php(1217): CodeIgniter\View\View->render('Admin/masters/c...', Array, true)
#2 C:\xampp\htdocs\projects\student-exam\app\Controllers\BaseController.php(110): view('Admin/masters/c...', Array)
#3 C:\xampp\htdocs\projects\student-exam\app\Controllers\Admin\Masters\Classes.php(52): App\Controllers\BaseController->loadtemplateadmin('Admin/masters/c...', Array)
#4 C:\xampp\htdocs\projects\student-exam\system\CodeIgniter.php(936): App\Controllers\Admin\Masters\Classes->class_add()
#5 C:\xampp\htdocs\projects\student-exam\system\CodeIgniter.php(432): CodeIgniter\CodeIgniter->runController(Object(App\Controllers\Admin\Masters\Classes))
#6 C:\xampp\htdocs\projects\student-exam\system\CodeIgniter.php(333): CodeIgniter\CodeIgniter->handleRequest(NULL, Object(Config\Cache), false)
#7 C:\xampp\htdocs\projects\student-exam\index.php(44): CodeIgniter\CodeIgniter->run()
#8 {main}
CRITICAL - 2022-09-19 11:56:02 --> Invalid file: Admin/masters/classes/classes-form.php
#0 C:\xampp\htdocs\projects\student-exam\system\View\View.php(203): CodeIgniter\Exceptions\FrameworkException::forInvalidFile('Admin/masters/c...')
#1 C:\xampp\htdocs\projects\student-exam\system\Common.php(1217): CodeIgniter\View\View->render('Admin/masters/c...', Array, true)
#2 C:\xampp\htdocs\projects\student-exam\app\Controllers\BaseController.php(110): view('Admin/masters/c...', Array)
#3 C:\xampp\htdocs\projects\student-exam\app\Controllers\Admin\Masters\Classes.php(52): App\Controllers\BaseController->loadtemplateadmin('Admin/masters/c...', Array)
#4 C:\xampp\htdocs\projects\student-exam\system\CodeIgniter.php(936): App\Controllers\Admin\Masters\Classes->class_add()
#5 C:\xampp\htdocs\projects\student-exam\system\CodeIgniter.php(432): CodeIgniter\CodeIgniter->runController(Object(App\Controllers\Admin\Masters\Classes))
#6 C:\xampp\htdocs\projects\student-exam\system\CodeIgniter.php(333): CodeIgniter\CodeIgniter->handleRequest(NULL, Object(Config\Cache), false)
#7 C:\xampp\htdocs\projects\student-exam\index.php(44): CodeIgniter\CodeIgniter->run()
#8 {main}
CRITICAL - 2022-09-19 11:56:41 --> Invalid file: Admin/masters/classes/classes-form.php
#0 C:\xampp\htdocs\projects\student-exam\system\View\View.php(203): CodeIgniter\Exceptions\FrameworkException::forInvalidFile('Admin/masters/c...')
#1 C:\xampp\htdocs\projects\student-exam\system\Common.php(1217): CodeIgniter\View\View->render('Admin/masters/c...', Array, true)
#2 C:\xampp\htdocs\projects\student-exam\app\Controllers\BaseController.php(110): view('Admin/masters/c...', Array)
#3 C:\xampp\htdocs\projects\student-exam\app\Controllers\Admin\Masters\Classes.php(52): App\Controllers\BaseController->loadtemplateadmin('Admin/masters/c...', Array)
#4 C:\xampp\htdocs\projects\student-exam\system\CodeIgniter.php(936): App\Controllers\Admin\Masters\Classes->class_add()
#5 C:\xampp\htdocs\projects\student-exam\system\CodeIgniter.php(432): CodeIgniter\CodeIgniter->runController(Object(App\Controllers\Admin\Masters\Classes))
#6 C:\xampp\htdocs\projects\student-exam\system\CodeIgniter.php(333): CodeIgniter\CodeIgniter->handleRequest(NULL, Object(Config\Cache), false)
#7 C:\xampp\htdocs\projects\student-exam\index.php(44): CodeIgniter\CodeIgniter->run()
#8 {main}
CRITICAL - 2022-09-19 12:48:24 --> You must set the database table to be used with your query.
#0 C:\xampp\htdocs\projects\student-exam\system\Model.php(615): CodeIgniter\Database\BaseConnection->table(NULL)
#1 C:\xampp\htdocs\projects\student-exam\system\Model.php(834): CodeIgniter\Model->builder()
#2 C:\xampp\htdocs\projects\student-exam\app\Controllers\Admin\Masters\Classes.php(20): CodeIgniter\Model->__call('get_classes_lis...', Array)
#3 C:\xampp\htdocs\projects\student-exam\system\CodeIgniter.php(936): App\Controllers\Admin\Masters\Classes->classes_list()
#4 C:\xampp\htdocs\projects\student-exam\system\CodeIgniter.php(432): CodeIgniter\CodeIgniter->runController(Object(App\Controllers\Admin\Masters\Classes))
#5 C:\xampp\htdocs\projects\student-exam\system\CodeIgniter.php(333): CodeIgniter\CodeIgniter->handleRequest(NULL, Object(Config\Cache), false)
#6 C:\xampp\htdocs\projects\student-exam\index.php(44): CodeIgniter\CodeIgniter->run()
#7 {main}
CRITICAL - 2022-09-19 12:48:52 --> You must set the database table to be used with your query.
#0 C:\xampp\htdocs\projects\student-exam\system\Model.php(615): CodeIgniter\Database\BaseConnection->table(NULL)
#1 C:\xampp\htdocs\projects\student-exam\system\Model.php(834): CodeIgniter\Model->builder()
#2 C:\xampp\htdocs\projects\student-exam\app\Controllers\Admin\Masters\Classes.php(20): CodeIgniter\Model->__call('get_classes_lis...', Array)
#3 C:\xampp\htdocs\projects\student-exam\system\CodeIgniter.php(936): App\Controllers\Admin\Masters\Classes->classes_list()
#4 C:\xampp\htdocs\projects\student-exam\system\CodeIgniter.php(432): CodeIgniter\CodeIgniter->runController(Object(App\Controllers\Admin\Masters\Classes))
#5 C:\xampp\htdocs\projects\student-exam\system\CodeIgniter.php(333): CodeIgniter\CodeIgniter->handleRequest(NULL, Object(Config\Cache), false)
#6 C:\xampp\htdocs\projects\student-exam\index.php(44): CodeIgniter\CodeIgniter->run()
#7 {main}
CRITICAL - 2022-09-19 12:48:56 --> You must set the database table to be used with your query.
#0 C:\xampp\htdocs\projects\student-exam\system\Model.php(615): CodeIgniter\Database\BaseConnection->table(NULL)
#1 C:\xampp\htdocs\projects\student-exam\system\Model.php(834): CodeIgniter\Model->builder()
#2 C:\xampp\htdocs\projects\student-exam\app\Controllers\Admin\Masters\Classes.php(20): CodeIgniter\Model->__call('get_classes_lis...', Array)
#3 C:\xampp\htdocs\projects\student-exam\system\CodeIgniter.php(936): App\Controllers\Admin\Masters\Classes->classes_list()
#4 C:\xampp\htdocs\projects\student-exam\system\CodeIgniter.php(432): CodeIgniter\CodeIgniter->runController(Object(App\Controllers\Admin\Masters\Classes))
#5 C:\xampp\htdocs\projects\student-exam\system\CodeIgniter.php(333): CodeIgniter\CodeIgniter->handleRequest(NULL, Object(Config\Cache), false)
#6 C:\xampp\htdocs\projects\student-exam\index.php(44): CodeIgniter\CodeIgniter->run()
#7 {main}
CRITICAL - 2022-09-19 12:48:57 --> You must set the database table to be used with your query.
#0 C:\xampp\htdocs\projects\student-exam\system\Model.php(615): CodeIgniter\Database\BaseConnection->table(NULL)
#1 C:\xampp\htdocs\projects\student-exam\system\Model.php(834): CodeIgniter\Model->builder()
#2 C:\xampp\htdocs\projects\student-exam\app\Controllers\Admin\Masters\Classes.php(20): CodeIgniter\Model->__call('get_classes_lis...', Array)
#3 C:\xampp\htdocs\projects\student-exam\system\CodeIgniter.php(936): App\Controllers\Admin\Masters\Classes->classes_list()
#4 C:\xampp\htdocs\projects\student-exam\system\CodeIgniter.php(432): CodeIgniter\CodeIgniter->runController(Object(App\Controllers\Admin\Masters\Classes))
#5 C:\xampp\htdocs\projects\student-exam\system\CodeIgniter.php(333): CodeIgniter\CodeIgniter->handleRequest(NULL, Object(Config\Cache), false)
#6 C:\xampp\htdocs\projects\student-exam\index.php(44): CodeIgniter\CodeIgniter->run()
#7 {main}
CRITICAL - 2022-09-19 13:16:43 --> Invalid file: Admin/masters/classes/classes-form.php
#0 C:\xampp\htdocs\projects\student-exam\system\View\View.php(203): CodeIgniter\Exceptions\FrameworkException::forInvalidFile('Admin/masters/c...')
#1 C:\xampp\htdocs\projects\student-exam\system\Common.php(1217): CodeIgniter\View\View->render('Admin/masters/c...', Array, true)
#2 C:\xampp\htdocs\projects\student-exam\app\Controllers\BaseController.php(110): view('Admin/masters/c...', Array)
#3 C:\xampp\htdocs\projects\student-exam\app\Controllers\Admin\Masters\Classes.php(52): App\Controllers\BaseController->loadtemplateadmin('Admin/masters/c...', Array)
#4 C:\xampp\htdocs\projects\student-exam\system\CodeIgniter.php(936): App\Controllers\Admin\Masters\Classes->class_add()
#5 C:\xampp\htdocs\projects\student-exam\system\CodeIgniter.php(432): CodeIgniter\CodeIgniter->runController(Object(App\Controllers\Admin\Masters\Classes))
#6 C:\xampp\htdocs\projects\student-exam\system\CodeIgniter.php(333): CodeIgniter\CodeIgniter->handleRequest(NULL, Object(Config\Cache), false)
#7 C:\xampp\htdocs\projects\student-exam\index.php(44): CodeIgniter\CodeIgniter->run()
#8 {main}
CRITICAL - 2022-09-19 13:30:05 --> Invalid file: Admin/masters/classes/classes-form.php
#0 C:\xampp\htdocs\projects\student-exam\system\View\View.php(203): CodeIgniter\Exceptions\FrameworkException::forInvalidFile('Admin/masters/c...')
#1 C:\xampp\htdocs\projects\student-exam\system\Common.php(1217): CodeIgniter\View\View->render('Admin/masters/c...', Array, true)
#2 C:\xampp\htdocs\projects\student-exam\app\Controllers\BaseController.php(110): view('Admin/masters/c...', Array)
#3 C:\xampp\htdocs\projects\student-exam\app\Controllers\Admin\Masters\Classes.php(52): App\Controllers\BaseController->loadtemplateadmin('Admin/masters/c...', Array)
#4 C:\xampp\htdocs\projects\student-exam\system\CodeIgniter.php(936): App\Controllers\Admin\Masters\Classes->class_add()
#5 C:\xampp\htdocs\projects\student-exam\system\CodeIgniter.php(432): CodeIgniter\CodeIgniter->runController(Object(App\Controllers\Admin\Masters\Classes))
#6 C:\xampp\htdocs\projects\student-exam\system\CodeIgniter.php(333): CodeIgniter\CodeIgniter->handleRequest(NULL, Object(Config\Cache), false)
#7 C:\xampp\htdocs\projects\student-exam\index.php(44): CodeIgniter\CodeIgniter->run()
#8 {main}
CRITICAL - 2022-09-19 13:30:37 --> Invalid file: Admin/masters/classes/classes-form.php
#0 C:\xampp\htdocs\projects\student-exam\system\View\View.php(203): CodeIgniter\Exceptions\FrameworkException::forInvalidFile('Admin/masters/c...')
#1 C:\xampp\htdocs\projects\student-exam\system\Common.php(1217): CodeIgniter\View\View->render('Admin/masters/c...', Array, true)
#2 C:\xampp\htdocs\projects\student-exam\app\Controllers\BaseController.php(110): view('Admin/masters/c...', Array)
#3 C:\xampp\htdocs\projects\student-exam\app\Controllers\Admin\Masters\Classes.php(52): App\Controllers\BaseController->loadtemplateadmin('Admin/masters/c...', Array)
#4 C:\xampp\htdocs\projects\student-exam\system\CodeIgniter.php(936): App\Controllers\Admin\Masters\Classes->class_add()
#5 C:\xampp\htdocs\projects\student-exam\system\CodeIgniter.php(432): CodeIgniter\CodeIgniter->runController(Object(App\Controllers\Admin\Masters\Classes))
#6 C:\xampp\htdocs\projects\student-exam\system\CodeIgniter.php(333): CodeIgniter\CodeIgniter->handleRequest(NULL, Object(Config\Cache), false)
#7 C:\xampp\htdocs\projects\student-exam\index.php(44): CodeIgniter\CodeIgniter->run()
#8 {main}
CRITICAL - 2022-09-19 21:40:22 --> Invalid file: Admin/masters/classes/classes-form.php
#0 C:\xampp\htdocs\projects\student-exam\system\View\View.php(203): CodeIgniter\Exceptions\FrameworkException::forInvalidFile('Admin/masters/c...')
#1 C:\xampp\htdocs\projects\student-exam\system\Common.php(1217): CodeIgniter\View\View->render('Admin/masters/c...', Array, true)
#2 C:\xampp\htdocs\projects\student-exam\app\Controllers\BaseController.php(110): view('Admin/masters/c...', Array)
#3 C:\xampp\htdocs\projects\student-exam\app\Controllers\Admin\Masters\Classes.php(52): App\Controllers\BaseController->loadtemplateadmin('Admin/masters/c...', Array)
#4 C:\xampp\htdocs\projects\student-exam\system\CodeIgniter.php(936): App\Controllers\Admin\Masters\Classes->class_add()
#5 C:\xampp\htdocs\projects\student-exam\system\CodeIgniter.php(432): CodeIgniter\CodeIgniter->runController(Object(App\Controllers\Admin\Masters\Classes))
#6 C:\xampp\htdocs\projects\student-exam\system\CodeIgniter.php(333): CodeIgniter\CodeIgniter->handleRequest(NULL, Object(Config\Cache), false)
#7 C:\xampp\htdocs\projects\student-exam\index.php(44): CodeIgniter\CodeIgniter->run()
#8 {main}
CRITICAL - 2022-09-19 21:40:36 --> Invalid file: Admin/masters/classes/classes-form.php
#0 C:\xampp\htdocs\projects\student-exam\system\View\View.php(203): CodeIgniter\Exceptions\FrameworkException::forInvalidFile('Admin/masters/c...')
#1 C:\xampp\htdocs\projects\student-exam\system\Common.php(1217): CodeIgniter\View\View->render('Admin/masters/c...', Array, true)
#2 C:\xampp\htdocs\projects\student-exam\app\Controllers\BaseController.php(110): view('Admin/masters/c...', Array)
#3 C:\xampp\htdocs\projects\student-exam\app\Controllers\Admin\Masters\Classes.php(52): App\Controllers\BaseController->loadtemplateadmin('Admin/masters/c...', Array)
#4 C:\xampp\htdocs\projects\student-exam\system\CodeIgniter.php(936): App\Controllers\Admin\Masters\Classes->class_add()
#5 C:\xampp\htdocs\projects\student-exam\system\CodeIgniter.php(432): CodeIgniter\CodeIgniter->runController(Object(App\Controllers\Admin\Masters\Classes))
#6 C:\xampp\htdocs\projects\student-exam\system\CodeIgniter.php(333): CodeIgniter\CodeIgniter->handleRequest(NULL, Object(Config\Cache), false)
#7 C:\xampp\htdocs\projects\student-exam\index.php(44): CodeIgniter\CodeIgniter->run()
#8 {main}
CRITICAL - 2022-09-19 21:56:13 --> Invalid file: Admin/masters/classes/classes-form.php
#0 C:\xampp\htdocs\projects\student-exam\system\View\View.php(203): CodeIgniter\Exceptions\FrameworkException::forInvalidFile('Admin/masters/c...')
#1 C:\xampp\htdocs\projects\student-exam\system\Common.php(1217): CodeIgniter\View\View->render('Admin/masters/c...', Array, true)
#2 C:\xampp\htdocs\projects\student-exam\app\Controllers\BaseController.php(110): view('Admin/masters/c...', Array)
#3 C:\xampp\htdocs\projects\student-exam\app\Controllers\Admin\Masters\Classes.php(53): App\Controllers\BaseController->loadtemplateadmin('Admin/masters/c...', Array)
#4 C:\xampp\htdocs\projects\student-exam\system\CodeIgniter.php(936): App\Controllers\Admin\Masters\Classes->class_add()
#5 C:\xampp\htdocs\projects\student-exam\system\CodeIgniter.php(432): CodeIgniter\CodeIgniter->runController(Object(App\Controllers\Admin\Masters\Classes))
#6 C:\xampp\htdocs\projects\student-exam\system\CodeIgniter.php(333): CodeIgniter\CodeIgniter->handleRequest(NULL, Object(Config\Cache), false)
#7 C:\xampp\htdocs\projects\student-exam\index.php(44): CodeIgniter\CodeIgniter->run()
#8 {main}
