CRITICAL - 2022-09-18 05:43:55 --> The framework needs the following extension(s) installed and loaded: {0}.
#0 C:\xampp\htdocs\projects\student-exam\system\CodeIgniter.php(224): CodeIgniter\Exceptions\FrameworkException::forMissingExtension('intl')
#1 C:\xampp\htdocs\projects\student-exam\system\CodeIgniter.php(172): CodeIgniter\CodeIgniter->resolvePlatformExtensions()
#2 C:\xampp\htdocs\projects\student-exam\system\bootstrap.php(159): CodeIgniter\CodeIgniter->initialize()
#3 C:\xampp\htdocs\projects\student-exam\index.php(35): require('C:\\xampp\\htdocs...')
#4 {main}
ERROR - 2022-09-18 09:21:56 --> Error connecting to the database: Unknown database 'tija_product'
CRITICAL - 2022-09-18 09:21:56 --> Unable to connect to the database.
#0 C:\xampp\htdocs\projects\student-exam\system\Database\BaseConnection.php(618): CodeIgniter\Database\BaseConnection->initialize()
#1 C:\xampp\htdocs\projects\student-exam\app\Models\Admin\SettingsModel.php(11): CodeIgniter\Database\BaseConnection->query('SELECT * FROM s...')
#2 C:\xampp\htdocs\projects\student-exam\app\Controllers\BaseController.php(59): App\Models\Admin\SettingsModel->get_site_details()
#3 C:\xampp\htdocs\projects\student-exam\system\CodeIgniter.php(909): App\Controllers\BaseController->initController(Object(CodeIgniter\HTTP\IncomingRequest), Object(CodeIgniter\HTTP\Response), Object(CodeIgniter\Log\Logger))
#4 C:\xampp\htdocs\projects\student-exam\system\CodeIgniter.php(422): CodeIgniter\CodeIgniter->createController()
#5 C:\xampp\htdocs\projects\student-exam\system\CodeIgniter.php(333): CodeIgniter\CodeIgniter->handleRequest(NULL, Object(Config\Cache), false)
#6 C:\xampp\htdocs\projects\student-exam\index.php(44): CodeIgniter\CodeIgniter->run()
#7 {main}
ERROR - 2022-09-18 09:24:49 --> mysqli_sql_exception: Table 'student_exam.view_user_accounts' doesn't exist in C:\xampp\htdocs\projects\student-exam\system\Database\MySQLi\Connection.php:314
Stack trace:
#0 C:\xampp\htdocs\projects\student-exam\system\Database\MySQLi\Connection.php(314): mysqli->query('SELECT * FROM v...')
#1 C:\xampp\htdocs\projects\student-exam\system\Database\BaseConnection.php(713): CodeIgniter\Database\MySQLi\Connection->execute('SELECT * FROM v...')
#2 C:\xampp\htdocs\projects\student-exam\system\Database\BaseConnection.php(641): CodeIgniter\Database\BaseConnection->simpleQuery('SELECT * FROM v...')
#3 C:\xampp\htdocs\projects\student-exam\app\Models\Admin\CustomersModel.php(17): CodeIgniter\Database\BaseConnection->query('SELECT * FROM v...')
#4 C:\xampp\htdocs\projects\student-exam\app\Controllers\Admin\Customers\Customers.php(21): App\Models\Admin\CustomersModel->get_customer_list()
#5 C:\xampp\htdocs\projects\student-exam\system\CodeIgniter.php(936): App\Controllers\Admin\Customers\Customers->customer_list()
#6 C:\xampp\htdocs\projects\student-exam\system\CodeIgniter.php(432): CodeIgniter\CodeIgniter->runController(Object(App\Controllers\Admin\Customers\Customers))
#7 C:\xampp\htdocs\projects\student-exam\system\CodeIgniter.php(333): CodeIgniter\CodeIgniter->handleRequest(NULL, Object(Config\Cache), false)
#8 C:\xampp\htdocs\projects\student-exam\index.php(44): CodeIgniter\CodeIgniter->run()
#9 {main}
ERROR - 2022-09-18 09:38:53 --> mysqli_sql_exception: Table 'student_exam.view_user_accounts' doesn't exist in C:\xampp\htdocs\projects\student-exam\system\Database\MySQLi\Connection.php:314
Stack trace:
#0 C:\xampp\htdocs\projects\student-exam\system\Database\MySQLi\Connection.php(314): mysqli->query('SELECT * FROM v...')
#1 C:\xampp\htdocs\projects\student-exam\system\Database\BaseConnection.php(713): CodeIgniter\Database\MySQLi\Connection->execute('SELECT * FROM v...')
#2 C:\xampp\htdocs\projects\student-exam\system\Database\BaseConnection.php(641): CodeIgniter\Database\BaseConnection->simpleQuery('SELECT * FROM v...')
#3 C:\xampp\htdocs\projects\student-exam\app\Models\Admin\CustomersModel.php(17): CodeIgniter\Database\BaseConnection->query('SELECT * FROM v...')
#4 C:\xampp\htdocs\projects\student-exam\app\Controllers\Admin\Customers\Customers.php(21): App\Models\Admin\CustomersModel->get_customer_list()
#5 C:\xampp\htdocs\projects\student-exam\system\CodeIgniter.php(936): App\Controllers\Admin\Customers\Customers->customer_list()
#6 C:\xampp\htdocs\projects\student-exam\system\CodeIgniter.php(432): CodeIgniter\CodeIgniter->runController(Object(App\Controllers\Admin\Customers\Customers))
#7 C:\xampp\htdocs\projects\student-exam\system\CodeIgniter.php(333): CodeIgniter\CodeIgniter->handleRequest(NULL, Object(Config\Cache), false)
#8 C:\xampp\htdocs\projects\student-exam\index.php(44): CodeIgniter\CodeIgniter->run()
#9 {main}
ERROR - 2022-09-18 09:43:45 --> mysqli_sql_exception: Table 'student_exam.view_user_accounts' doesn't exist in C:\xampp\htdocs\projects\student-exam\system\Database\MySQLi\Connection.php:314
Stack trace:
#0 C:\xampp\htdocs\projects\student-exam\system\Database\MySQLi\Connection.php(314): mysqli->query('SELECT * FROM v...')
#1 C:\xampp\htdocs\projects\student-exam\system\Database\BaseConnection.php(713): CodeIgniter\Database\MySQLi\Connection->execute('SELECT * FROM v...')
#2 C:\xampp\htdocs\projects\student-exam\system\Database\BaseConnection.php(641): CodeIgniter\Database\BaseConnection->simpleQuery('SELECT * FROM v...')
#3 C:\xampp\htdocs\projects\student-exam\app\Models\Admin\StudentsModel.php(17): CodeIgniter\Database\BaseConnection->query('SELECT * FROM v...')
#4 C:\xampp\htdocs\projects\student-exam\app\Controllers\Admin\Students\Students.php(21): App\Models\Admin\StudentsModel->get_student_list()
#5 C:\xampp\htdocs\projects\student-exam\system\CodeIgniter.php(936): App\Controllers\Admin\Students\Students->students_list()
#6 C:\xampp\htdocs\projects\student-exam\system\CodeIgniter.php(432): CodeIgniter\CodeIgniter->runController(Object(App\Controllers\Admin\Students\Students))
#7 C:\xampp\htdocs\projects\student-exam\system\CodeIgniter.php(333): CodeIgniter\CodeIgniter->handleRequest(NULL, Object(Config\Cache), false)
#8 C:\xampp\htdocs\projects\student-exam\index.php(44): CodeIgniter\CodeIgniter->run()
#9 {main}
ERROR - 2022-09-18 09:43:49 --> mysqli_sql_exception: Table 'student_exam.view_user_accounts' doesn't exist in C:\xampp\htdocs\projects\student-exam\system\Database\MySQLi\Connection.php:314
Stack trace:
#0 C:\xampp\htdocs\projects\student-exam\system\Database\MySQLi\Connection.php(314): mysqli->query('SELECT * FROM v...')
#1 C:\xampp\htdocs\projects\student-exam\system\Database\BaseConnection.php(713): CodeIgniter\Database\MySQLi\Connection->execute('SELECT * FROM v...')
#2 C:\xampp\htdocs\projects\student-exam\system\Database\BaseConnection.php(641): CodeIgniter\Database\BaseConnection->simpleQuery('SELECT * FROM v...')
#3 C:\xampp\htdocs\projects\student-exam\app\Models\Admin\StudentsModel.php(17): CodeIgniter\Database\BaseConnection->query('SELECT * FROM v...')
#4 C:\xampp\htdocs\projects\student-exam\app\Controllers\Admin\Students\Students.php(21): App\Models\Admin\StudentsModel->get_student_list()
#5 C:\xampp\htdocs\projects\student-exam\system\CodeIgniter.php(936): App\Controllers\Admin\Students\Students->students_list()
#6 C:\xampp\htdocs\projects\student-exam\system\CodeIgniter.php(432): CodeIgniter\CodeIgniter->runController(Object(App\Controllers\Admin\Students\Students))
#7 C:\xampp\htdocs\projects\student-exam\system\CodeIgniter.php(333): CodeIgniter\CodeIgniter->handleRequest(NULL, Object(Config\Cache), false)
#8 C:\xampp\htdocs\projects\student-exam\index.php(44): CodeIgniter\CodeIgniter->run()
#9 {main}
ERROR - 2022-09-18 09:44:01 --> mysqli_sql_exception: Table 'student_exam.view_user_accounts' doesn't exist in C:\xampp\htdocs\projects\student-exam\system\Database\MySQLi\Connection.php:314
Stack trace:
#0 C:\xampp\htdocs\projects\student-exam\system\Database\MySQLi\Connection.php(314): mysqli->query('SELECT * FROM v...')
#1 C:\xampp\htdocs\projects\student-exam\system\Database\BaseConnection.php(713): CodeIgniter\Database\MySQLi\Connection->execute('SELECT * FROM v...')
#2 C:\xampp\htdocs\projects\student-exam\system\Database\BaseConnection.php(641): CodeIgniter\Database\BaseConnection->simpleQuery('SELECT * FROM v...')
#3 C:\xampp\htdocs\projects\student-exam\app\Models\Admin\StudentsModel.php(17): CodeIgniter\Database\BaseConnection->query('SELECT * FROM v...')
#4 C:\xampp\htdocs\projects\student-exam\app\Controllers\Admin\Students\Students.php(21): App\Models\Admin\StudentsModel->get_student_list()
#5 C:\xampp\htdocs\projects\student-exam\system\CodeIgniter.php(936): App\Controllers\Admin\Students\Students->students_list()
#6 C:\xampp\htdocs\projects\student-exam\system\CodeIgniter.php(432): CodeIgniter\CodeIgniter->runController(Object(App\Controllers\Admin\Students\Students))
#7 C:\xampp\htdocs\projects\student-exam\system\CodeIgniter.php(333): CodeIgniter\CodeIgniter->handleRequest(NULL, Object(Config\Cache), false)
#8 C:\xampp\htdocs\projects\student-exam\index.php(44): CodeIgniter\CodeIgniter->run()
#9 {main}
ERROR - 2022-09-18 09:44:09 --> mysqli_sql_exception: Table 'student_exam.view_user_accounts' doesn't exist in C:\xampp\htdocs\projects\student-exam\system\Database\MySQLi\Connection.php:314
Stack trace:
#0 C:\xampp\htdocs\projects\student-exam\system\Database\MySQLi\Connection.php(314): mysqli->query('SELECT * FROM v...')
#1 C:\xampp\htdocs\projects\student-exam\system\Database\BaseConnection.php(713): CodeIgniter\Database\MySQLi\Connection->execute('SELECT * FROM v...')
#2 C:\xampp\htdocs\projects\student-exam\system\Database\BaseConnection.php(641): CodeIgniter\Database\BaseConnection->simpleQuery('SELECT * FROM v...')
#3 C:\xampp\htdocs\projects\student-exam\app\Models\Admin\StudentsModel.php(17): CodeIgniter\Database\BaseConnection->query('SELECT * FROM v...')
#4 C:\xampp\htdocs\projects\student-exam\app\Controllers\Admin\Students\Students.php(21): App\Models\Admin\StudentsModel->get_student_list()
#5 C:\xampp\htdocs\projects\student-exam\system\CodeIgniter.php(936): App\Controllers\Admin\Students\Students->students_list()
#6 C:\xampp\htdocs\projects\student-exam\system\CodeIgniter.php(432): CodeIgniter\CodeIgniter->runController(Object(App\Controllers\Admin\Students\Students))
#7 C:\xampp\htdocs\projects\student-exam\system\CodeIgniter.php(333): CodeIgniter\CodeIgniter->handleRequest(NULL, Object(Config\Cache), false)
#8 C:\xampp\htdocs\projects\student-exam\index.php(44): CodeIgniter\CodeIgniter->run()
#9 {main}
ERROR - 2022-09-18 09:44:17 --> mysqli_sql_exception: Table 'student_exam.view_user_accounts' doesn't exist in C:\xampp\htdocs\projects\student-exam\system\Database\MySQLi\Connection.php:314
Stack trace:
#0 C:\xampp\htdocs\projects\student-exam\system\Database\MySQLi\Connection.php(314): mysqli->query('SELECT * FROM v...')
#1 C:\xampp\htdocs\projects\student-exam\system\Database\BaseConnection.php(713): CodeIgniter\Database\MySQLi\Connection->execute('SELECT * FROM v...')
#2 C:\xampp\htdocs\projects\student-exam\system\Database\BaseConnection.php(641): CodeIgniter\Database\BaseConnection->simpleQuery('SELECT * FROM v...')
#3 C:\xampp\htdocs\projects\student-exam\app\Models\Admin\StudentsModel.php(17): CodeIgniter\Database\BaseConnection->query('SELECT * FROM v...')
#4 C:\xampp\htdocs\projects\student-exam\app\Controllers\Admin\Students\Students.php(21): App\Models\Admin\StudentsModel->get_student_list()
#5 C:\xampp\htdocs\projects\student-exam\system\CodeIgniter.php(936): App\Controllers\Admin\Students\Students->students_list()
#6 C:\xampp\htdocs\projects\student-exam\system\CodeIgniter.php(432): CodeIgniter\CodeIgniter->runController(Object(App\Controllers\Admin\Students\Students))
#7 C:\xampp\htdocs\projects\student-exam\system\CodeIgniter.php(333): CodeIgniter\CodeIgniter->handleRequest(NULL, Object(Config\Cache), false)
#8 C:\xampp\htdocs\projects\student-exam\index.php(44): CodeIgniter\CodeIgniter->run()
#9 {main}
ERROR - 2022-09-18 09:44:27 --> mysqli_sql_exception: Table 'student_exam.view_user_accounts' doesn't exist in C:\xampp\htdocs\projects\student-exam\system\Database\MySQLi\Connection.php:314
Stack trace:
#0 C:\xampp\htdocs\projects\student-exam\system\Database\MySQLi\Connection.php(314): mysqli->query('SELECT * FROM v...')
#1 C:\xampp\htdocs\projects\student-exam\system\Database\BaseConnection.php(713): CodeIgniter\Database\MySQLi\Connection->execute('SELECT * FROM v...')
#2 C:\xampp\htdocs\projects\student-exam\system\Database\BaseConnection.php(641): CodeIgniter\Database\BaseConnection->simpleQuery('SELECT * FROM v...')
#3 C:\xampp\htdocs\projects\student-exam\app\Models\Admin\StudentsModel.php(17): CodeIgniter\Database\BaseConnection->query('SELECT * FROM v...')
#4 C:\xampp\htdocs\projects\student-exam\app\Controllers\Admin\Students\Students.php(21): App\Models\Admin\StudentsModel->get_student_list()
#5 C:\xampp\htdocs\projects\student-exam\system\CodeIgniter.php(936): App\Controllers\Admin\Students\Students->students_list()
#6 C:\xampp\htdocs\projects\student-exam\system\CodeIgniter.php(432): CodeIgniter\CodeIgniter->runController(Object(App\Controllers\Admin\Students\Students))
#7 C:\xampp\htdocs\projects\student-exam\system\CodeIgniter.php(333): CodeIgniter\CodeIgniter->handleRequest(NULL, Object(Config\Cache), false)
#8 C:\xampp\htdocs\projects\student-exam\index.php(44): CodeIgniter\CodeIgniter->run()
#9 {main}
CRITICAL - 2022-09-18 09:45:32 --> Class 'App\Models\Admin\ProductsModel' not found
#0 C:\xampp\htdocs\projects\student-exam\system\CodeIgniter.php(908): App\Controllers\Home->__construct()
#1 C:\xampp\htdocs\projects\student-exam\system\CodeIgniter.php(422): CodeIgniter\CodeIgniter->createController()
#2 C:\xampp\htdocs\projects\student-exam\system\CodeIgniter.php(333): CodeIgniter\CodeIgniter->handleRequest(NULL, Object(Config\Cache), false)
#3 C:\xampp\htdocs\projects\student-exam\index.php(44): CodeIgniter\CodeIgniter->run()
#4 {main}
ERROR - 2022-09-18 09:47:01 --> mysqli_sql_exception: Table 'student_exam.view_user_accounts' doesn't exist in C:\xampp\htdocs\projects\student-exam\system\Database\MySQLi\Connection.php:314
Stack trace:
#0 C:\xampp\htdocs\projects\student-exam\system\Database\MySQLi\Connection.php(314): mysqli->query('SELECT * FROM v...')
#1 C:\xampp\htdocs\projects\student-exam\system\Database\BaseConnection.php(713): CodeIgniter\Database\MySQLi\Connection->execute('SELECT * FROM v...')
#2 C:\xampp\htdocs\projects\student-exam\system\Database\BaseConnection.php(641): CodeIgniter\Database\BaseConnection->simpleQuery('SELECT * FROM v...')
#3 C:\xampp\htdocs\projects\student-exam\app\Models\Admin\StudentsModel.php(17): CodeIgniter\Database\BaseConnection->query('SELECT * FROM v...')
#4 C:\xampp\htdocs\projects\student-exam\app\Controllers\Admin\Students\Students.php(21): App\Models\Admin\StudentsModel->get_student_list()
#5 C:\xampp\htdocs\projects\student-exam\system\CodeIgniter.php(936): App\Controllers\Admin\Students\Students->students_list()
#6 C:\xampp\htdocs\projects\student-exam\system\CodeIgniter.php(432): CodeIgniter\CodeIgniter->runController(Object(App\Controllers\Admin\Students\Students))
#7 C:\xampp\htdocs\projects\student-exam\system\CodeIgniter.php(333): CodeIgniter\CodeIgniter->handleRequest(NULL, Object(Config\Cache), false)
#8 C:\xampp\htdocs\projects\student-exam\index.php(44): CodeIgniter\CodeIgniter->run()
#9 {main}
ERROR - 2022-09-18 09:47:33 --> mysqli_sql_exception: Table 'student_exam.view_user_accounts' doesn't exist in C:\xampp\htdocs\projects\student-exam\system\Database\MySQLi\Connection.php:314
Stack trace:
#0 C:\xampp\htdocs\projects\student-exam\system\Database\MySQLi\Connection.php(314): mysqli->query('SELECT * FROM v...')
#1 C:\xampp\htdocs\projects\student-exam\system\Database\BaseConnection.php(713): CodeIgniter\Database\MySQLi\Connection->execute('SELECT * FROM v...')
#2 C:\xampp\htdocs\projects\student-exam\system\Database\BaseConnection.php(641): CodeIgniter\Database\BaseConnection->simpleQuery('SELECT * FROM v...')
#3 C:\xampp\htdocs\projects\student-exam\app\Models\Admin\StudentsModel.php(17): CodeIgniter\Database\BaseConnection->query('SELECT * FROM v...')
#4 C:\xampp\htdocs\projects\student-exam\app\Controllers\Admin\Students\Students.php(21): App\Models\Admin\StudentsModel->get_student_list()
#5 C:\xampp\htdocs\projects\student-exam\system\CodeIgniter.php(936): App\Controllers\Admin\Students\Students->students_list()
#6 C:\xampp\htdocs\projects\student-exam\system\CodeIgniter.php(432): CodeIgniter\CodeIgniter->runController(Object(App\Controllers\Admin\Students\Students))
#7 C:\xampp\htdocs\projects\student-exam\system\CodeIgniter.php(333): CodeIgniter\CodeIgniter->handleRequest(NULL, Object(Config\Cache), false)
#8 C:\xampp\htdocs\projects\student-exam\index.php(44): CodeIgniter\CodeIgniter->run()
#9 {main}
ERROR - 2022-09-18 09:47:43 --> mysqli_sql_exception: Table 'student_exam.view_user_accounts' doesn't exist in C:\xampp\htdocs\projects\student-exam\system\Database\MySQLi\Connection.php:314
Stack trace:
#0 C:\xampp\htdocs\projects\student-exam\system\Database\MySQLi\Connection.php(314): mysqli->query('SELECT * FROM v...')
#1 C:\xampp\htdocs\projects\student-exam\system\Database\BaseConnection.php(713): CodeIgniter\Database\MySQLi\Connection->execute('SELECT * FROM v...')
#2 C:\xampp\htdocs\projects\student-exam\system\Database\BaseConnection.php(641): CodeIgniter\Database\BaseConnection->simpleQuery('SELECT * FROM v...')
#3 C:\xampp\htdocs\projects\student-exam\app\Models\Admin\StudentsModel.php(17): CodeIgniter\Database\BaseConnection->query('SELECT * FROM v...')
#4 C:\xampp\htdocs\projects\student-exam\app\Controllers\Admin\Students\Students.php(21): App\Models\Admin\StudentsModel->get_student_list()
#5 C:\xampp\htdocs\projects\student-exam\system\CodeIgniter.php(936): App\Controllers\Admin\Students\Students->students_list()
#6 C:\xampp\htdocs\projects\student-exam\system\CodeIgniter.php(432): CodeIgniter\CodeIgniter->runController(Object(App\Controllers\Admin\Students\Students))
#7 C:\xampp\htdocs\projects\student-exam\system\CodeIgniter.php(333): CodeIgniter\CodeIgniter->handleRequest(NULL, Object(Config\Cache), false)
#8 C:\xampp\htdocs\projects\student-exam\index.php(44): CodeIgniter\CodeIgniter->run()
#9 {main}
ERROR - 2022-09-18 09:56:53 --> mysqli_sql_exception: Table 'student_exam.view_user_accounts' doesn't exist in C:\xampp\htdocs\projects\student-exam\system\Database\MySQLi\Connection.php:314
Stack trace:
#0 C:\xampp\htdocs\projects\student-exam\system\Database\MySQLi\Connection.php(314): mysqli->query('SELECT * FROM v...')
#1 C:\xampp\htdocs\projects\student-exam\system\Database\BaseConnection.php(713): CodeIgniter\Database\MySQLi\Connection->execute('SELECT * FROM v...')
#2 C:\xampp\htdocs\projects\student-exam\system\Database\BaseConnection.php(641): CodeIgniter\Database\BaseConnection->simpleQuery('SELECT * FROM v...')
#3 C:\xampp\htdocs\projects\student-exam\app\Models\Admin\StudentsModel.php(17): CodeIgniter\Database\BaseConnection->query('SELECT * FROM v...')
#4 C:\xampp\htdocs\projects\student-exam\app\Controllers\Admin\Students\Students.php(21): App\Models\Admin\StudentsModel->get_student_list()
#5 C:\xampp\htdocs\projects\student-exam\system\CodeIgniter.php(936): App\Controllers\Admin\Students\Students->students_list()
#6 C:\xampp\htdocs\projects\student-exam\system\CodeIgniter.php(432): CodeIgniter\CodeIgniter->runController(Object(App\Controllers\Admin\Students\Students))
#7 C:\xampp\htdocs\projects\student-exam\system\CodeIgniter.php(333): CodeIgniter\CodeIgniter->handleRequest(NULL, Object(Config\Cache), false)
#8 C:\xampp\htdocs\projects\student-exam\index.php(44): CodeIgniter\CodeIgniter->run()
#9 {main}
ERROR - 2022-09-18 09:56:57 --> mysqli_sql_exception: Table 'student_exam.view_user_accounts' doesn't exist in C:\xampp\htdocs\projects\student-exam\system\Database\MySQLi\Connection.php:314
Stack trace:
#0 C:\xampp\htdocs\projects\student-exam\system\Database\MySQLi\Connection.php(314): mysqli->query('SELECT * FROM v...')
#1 C:\xampp\htdocs\projects\student-exam\system\Database\BaseConnection.php(713): CodeIgniter\Database\MySQLi\Connection->execute('SELECT * FROM v...')
#2 C:\xampp\htdocs\projects\student-exam\system\Database\BaseConnection.php(641): CodeIgniter\Database\BaseConnection->simpleQuery('SELECT * FROM v...')
#3 C:\xampp\htdocs\projects\student-exam\app\Models\Admin\StudentsModel.php(17): CodeIgniter\Database\BaseConnection->query('SELECT * FROM v...')
#4 C:\xampp\htdocs\projects\student-exam\app\Controllers\Admin\Students\Students.php(21): App\Models\Admin\StudentsModel->get_student_list()
#5 C:\xampp\htdocs\projects\student-exam\system\CodeIgniter.php(936): App\Controllers\Admin\Students\Students->students_list()
#6 C:\xampp\htdocs\projects\student-exam\system\CodeIgniter.php(432): CodeIgniter\CodeIgniter->runController(Object(App\Controllers\Admin\Students\Students))
#7 C:\xampp\htdocs\projects\student-exam\system\CodeIgniter.php(333): CodeIgniter\CodeIgniter->handleRequest(NULL, Object(Config\Cache), false)
#8 C:\xampp\htdocs\projects\student-exam\index.php(44): CodeIgniter\CodeIgniter->run()
#9 {main}
ERROR - 2022-09-18 09:56:59 --> mysqli_sql_exception: Table 'student_exam.view_user_accounts' doesn't exist in C:\xampp\htdocs\projects\student-exam\system\Database\MySQLi\Connection.php:314
Stack trace:
#0 C:\xampp\htdocs\projects\student-exam\system\Database\MySQLi\Connection.php(314): mysqli->query('SELECT * FROM v...')
#1 C:\xampp\htdocs\projects\student-exam\system\Database\BaseConnection.php(713): CodeIgniter\Database\MySQLi\Connection->execute('SELECT * FROM v...')
#2 C:\xampp\htdocs\projects\student-exam\system\Database\BaseConnection.php(641): CodeIgniter\Database\BaseConnection->simpleQuery('SELECT * FROM v...')
#3 C:\xampp\htdocs\projects\student-exam\app\Models\Admin\StudentsModel.php(17): CodeIgniter\Database\BaseConnection->query('SELECT * FROM v...')
#4 C:\xampp\htdocs\projects\student-exam\app\Controllers\Admin\Students\Students.php(21): App\Models\Admin\StudentsModel->get_student_list()
#5 C:\xampp\htdocs\projects\student-exam\system\CodeIgniter.php(936): App\Controllers\Admin\Students\Students->students_list()
#6 C:\xampp\htdocs\projects\student-exam\system\CodeIgniter.php(432): CodeIgniter\CodeIgniter->runController(Object(App\Controllers\Admin\Students\Students))
#7 C:\xampp\htdocs\projects\student-exam\system\CodeIgniter.php(333): CodeIgniter\CodeIgniter->handleRequest(NULL, Object(Config\Cache), false)
#8 C:\xampp\htdocs\projects\student-exam\index.php(44): CodeIgniter\CodeIgniter->run()
#9 {main}
ERROR - 2022-09-18 10:07:18 --> mysqli_sql_exception: Table 'student_exam.view_user_accounts' doesn't exist in C:\xampp\htdocs\projects\student-exam\system\Database\MySQLi\Connection.php:314
Stack trace:
#0 C:\xampp\htdocs\projects\student-exam\system\Database\MySQLi\Connection.php(314): mysqli->query('SELECT * FROM v...')
#1 C:\xampp\htdocs\projects\student-exam\system\Database\BaseConnection.php(713): CodeIgniter\Database\MySQLi\Connection->execute('SELECT * FROM v...')
#2 C:\xampp\htdocs\projects\student-exam\system\Database\BaseConnection.php(641): CodeIgniter\Database\BaseConnection->simpleQuery('SELECT * FROM v...')
#3 C:\xampp\htdocs\projects\student-exam\app\Models\Admin\StudentsModel.php(17): CodeIgniter\Database\BaseConnection->query('SELECT * FROM v...')
#4 C:\xampp\htdocs\projects\student-exam\app\Controllers\Admin\Students\Students.php(21): App\Models\Admin\StudentsModel->get_student_list()
#5 C:\xampp\htdocs\projects\student-exam\system\CodeIgniter.php(936): App\Controllers\Admin\Students\Students->students_list()
#6 C:\xampp\htdocs\projects\student-exam\system\CodeIgniter.php(432): CodeIgniter\CodeIgniter->runController(Object(App\Controllers\Admin\Students\Students))
#7 C:\xampp\htdocs\projects\student-exam\system\CodeIgniter.php(333): CodeIgniter\CodeIgniter->handleRequest(NULL, Object(Config\Cache), false)
#8 C:\xampp\htdocs\projects\student-exam\index.php(44): CodeIgniter\CodeIgniter->run()
#9 {main}
ERROR - 2022-09-18 10:07:43 --> mysqli_sql_exception: Table 'student_exam.view_user_accounts' doesn't exist in C:\xampp\htdocs\projects\student-exam\system\Database\MySQLi\Connection.php:314
Stack trace:
#0 C:\xampp\htdocs\projects\student-exam\system\Database\MySQLi\Connection.php(314): mysqli->query('SELECT * FROM v...')
#1 C:\xampp\htdocs\projects\student-exam\system\Database\BaseConnection.php(713): CodeIgniter\Database\MySQLi\Connection->execute('SELECT * FROM v...')
#2 C:\xampp\htdocs\projects\student-exam\system\Database\BaseConnection.php(641): CodeIgniter\Database\BaseConnection->simpleQuery('SELECT * FROM v...')
#3 C:\xampp\htdocs\projects\student-exam\app\Models\Admin\StudentsModel.php(17): CodeIgniter\Database\BaseConnection->query('SELECT * FROM v...')
#4 C:\xampp\htdocs\projects\student-exam\app\Controllers\Admin\Students\Students.php(21): App\Models\Admin\StudentsModel->get_student_list()
#5 C:\xampp\htdocs\projects\student-exam\system\CodeIgniter.php(936): App\Controllers\Admin\Students\Students->students_list()
#6 C:\xampp\htdocs\projects\student-exam\system\CodeIgniter.php(432): CodeIgniter\CodeIgniter->runController(Object(App\Controllers\Admin\Students\Students))
#7 C:\xampp\htdocs\projects\student-exam\system\CodeIgniter.php(333): CodeIgniter\CodeIgniter->handleRequest(NULL, Object(Config\Cache), false)
#8 C:\xampp\htdocs\projects\student-exam\index.php(44): CodeIgniter\CodeIgniter->run()
#9 {main}
ERROR - 2022-09-18 10:08:00 --> mysqli_sql_exception: Table 'student_exam.view_user_accounts' doesn't exist in C:\xampp\htdocs\projects\student-exam\system\Database\MySQLi\Connection.php:314
Stack trace:
#0 C:\xampp\htdocs\projects\student-exam\system\Database\MySQLi\Connection.php(314): mysqli->query('SELECT * FROM v...')
#1 C:\xampp\htdocs\projects\student-exam\system\Database\BaseConnection.php(713): CodeIgniter\Database\MySQLi\Connection->execute('SELECT * FROM v...')
#2 C:\xampp\htdocs\projects\student-exam\system\Database\BaseConnection.php(641): CodeIgniter\Database\BaseConnection->simpleQuery('SELECT * FROM v...')
#3 C:\xampp\htdocs\projects\student-exam\app\Models\Admin\StudentsModel.php(17): CodeIgniter\Database\BaseConnection->query('SELECT * FROM v...')
#4 C:\xampp\htdocs\projects\student-exam\app\Controllers\Admin\Students\Students.php(21): App\Models\Admin\StudentsModel->get_student_list()
#5 C:\xampp\htdocs\projects\student-exam\system\CodeIgniter.php(936): App\Controllers\Admin\Students\Students->students_list()
#6 C:\xampp\htdocs\projects\student-exam\system\CodeIgniter.php(432): CodeIgniter\CodeIgniter->runController(Object(App\Controllers\Admin\Students\Students))
#7 C:\xampp\htdocs\projects\student-exam\system\CodeIgniter.php(333): CodeIgniter\CodeIgniter->handleRequest(NULL, Object(Config\Cache), false)
#8 C:\xampp\htdocs\projects\student-exam\index.php(44): CodeIgniter\CodeIgniter->run()
#9 {main}
ERROR - 2022-09-18 10:08:03 --> mysqli_sql_exception: Table 'student_exam.view_user_accounts' doesn't exist in C:\xampp\htdocs\projects\student-exam\system\Database\MySQLi\Connection.php:314
Stack trace:
#0 C:\xampp\htdocs\projects\student-exam\system\Database\MySQLi\Connection.php(314): mysqli->query('SELECT * FROM v...')
#1 C:\xampp\htdocs\projects\student-exam\system\Database\BaseConnection.php(713): CodeIgniter\Database\MySQLi\Connection->execute('SELECT * FROM v...')
#2 C:\xampp\htdocs\projects\student-exam\system\Database\BaseConnection.php(641): CodeIgniter\Database\BaseConnection->simpleQuery('SELECT * FROM v...')
#3 C:\xampp\htdocs\projects\student-exam\app\Models\Admin\StudentsModel.php(17): CodeIgniter\Database\BaseConnection->query('SELECT * FROM v...')
#4 C:\xampp\htdocs\projects\student-exam\app\Controllers\Admin\Students\Students.php(21): App\Models\Admin\StudentsModel->get_student_list()
#5 C:\xampp\htdocs\projects\student-exam\system\CodeIgniter.php(936): App\Controllers\Admin\Students\Students->students_list()
#6 C:\xampp\htdocs\projects\student-exam\system\CodeIgniter.php(432): CodeIgniter\CodeIgniter->runController(Object(App\Controllers\Admin\Students\Students))
#7 C:\xampp\htdocs\projects\student-exam\system\CodeIgniter.php(333): CodeIgniter\CodeIgniter->handleRequest(NULL, Object(Config\Cache), false)
#8 C:\xampp\htdocs\projects\student-exam\index.php(44): CodeIgniter\CodeIgniter->run()
#9 {main}
ERROR - 2022-09-18 22:24:06 --> mysqli_sql_exception: Table 'student_exam.view_user_accounts' doesn't exist in C:\xampp\htdocs\projects\student-exam\system\Database\MySQLi\Connection.php:314
Stack trace:
#0 C:\xampp\htdocs\projects\student-exam\system\Database\MySQLi\Connection.php(314): mysqli->query('SELECT * FROM v...')
#1 C:\xampp\htdocs\projects\student-exam\system\Database\BaseConnection.php(713): CodeIgniter\Database\MySQLi\Connection->execute('SELECT * FROM v...')
#2 C:\xampp\htdocs\projects\student-exam\system\Database\BaseConnection.php(641): CodeIgniter\Database\BaseConnection->simpleQuery('SELECT * FROM v...')
#3 C:\xampp\htdocs\projects\student-exam\app\Models\Admin\StudentsModel.php(17): CodeIgniter\Database\BaseConnection->query('SELECT * FROM v...')
#4 C:\xampp\htdocs\projects\student-exam\app\Controllers\Admin\Students\Students.php(21): App\Models\Admin\StudentsModel->get_student_list()
#5 C:\xampp\htdocs\projects\student-exam\system\CodeIgniter.php(936): App\Controllers\Admin\Students\Students->students_list()
#6 C:\xampp\htdocs\projects\student-exam\system\CodeIgniter.php(432): CodeIgniter\CodeIgniter->runController(Object(App\Controllers\Admin\Students\Students))
#7 C:\xampp\htdocs\projects\student-exam\system\CodeIgniter.php(333): CodeIgniter\CodeIgniter->handleRequest(NULL, Object(Config\Cache), false)
#8 C:\xampp\htdocs\projects\student-exam\index.php(44): CodeIgniter\CodeIgniter->run()
#9 {main}
ERROR - 2022-09-18 22:31:53 --> mysqli_sql_exception: Table 'student_exam.view_user_accounts' doesn't exist in C:\xampp\htdocs\projects\student-exam\system\Database\MySQLi\Connection.php:314
Stack trace:
#0 C:\xampp\htdocs\projects\student-exam\system\Database\MySQLi\Connection.php(314): mysqli->query('SELECT * FROM v...')
#1 C:\xampp\htdocs\projects\student-exam\system\Database\BaseConnection.php(713): CodeIgniter\Database\MySQLi\Connection->execute('SELECT * FROM v...')
#2 C:\xampp\htdocs\projects\student-exam\system\Database\BaseConnection.php(641): CodeIgniter\Database\BaseConnection->simpleQuery('SELECT * FROM v...')
#3 C:\xampp\htdocs\projects\student-exam\app\Models\Admin\StudentsModel.php(17): CodeIgniter\Database\BaseConnection->query('SELECT * FROM v...')
#4 C:\xampp\htdocs\projects\student-exam\app\Controllers\Admin\Students\Students.php(21): App\Models\Admin\StudentsModel->get_student_list()
#5 C:\xampp\htdocs\projects\student-exam\system\CodeIgniter.php(936): App\Controllers\Admin\Students\Students->students_list()
#6 C:\xampp\htdocs\projects\student-exam\system\CodeIgniter.php(432): CodeIgniter\CodeIgniter->runController(Object(App\Controllers\Admin\Students\Students))
#7 C:\xampp\htdocs\projects\student-exam\system\CodeIgniter.php(333): CodeIgniter\CodeIgniter->handleRequest(NULL, Object(Config\Cache), false)
#8 C:\xampp\htdocs\projects\student-exam\index.php(44): CodeIgniter\CodeIgniter->run()
#9 {main}
ERROR - 2022-09-18 22:36:34 --> mysqli_sql_exception: Table 'student_exam.view_user_accounts' doesn't exist in C:\xampp\htdocs\projects\student-exam\system\Database\MySQLi\Connection.php:314
Stack trace:
#0 C:\xampp\htdocs\projects\student-exam\system\Database\MySQLi\Connection.php(314): mysqli->query('SELECT * FROM v...')
#1 C:\xampp\htdocs\projects\student-exam\system\Database\BaseConnection.php(713): CodeIgniter\Database\MySQLi\Connection->execute('SELECT * FROM v...')
#2 C:\xampp\htdocs\projects\student-exam\system\Database\BaseConnection.php(641): CodeIgniter\Database\BaseConnection->simpleQuery('SELECT * FROM v...')
#3 C:\xampp\htdocs\projects\student-exam\app\Models\Admin\StudentsModel.php(17): CodeIgniter\Database\BaseConnection->query('SELECT * FROM v...')
#4 C:\xampp\htdocs\projects\student-exam\app\Controllers\Admin\Students\Students.php(21): App\Models\Admin\StudentsModel->get_student_list()
#5 C:\xampp\htdocs\projects\student-exam\system\CodeIgniter.php(936): App\Controllers\Admin\Students\Students->students_list()
#6 C:\xampp\htdocs\projects\student-exam\system\CodeIgniter.php(432): CodeIgniter\CodeIgniter->runController(Object(App\Controllers\Admin\Students\Students))
#7 C:\xampp\htdocs\projects\student-exam\system\CodeIgniter.php(333): CodeIgniter\CodeIgniter->handleRequest(NULL, Object(Config\Cache), false)
#8 C:\xampp\htdocs\projects\student-exam\index.php(44): CodeIgniter\CodeIgniter->run()
#9 {main}
CRITICAL - 2022-09-18 13:18:21 --> syntax error, unexpected 'if' (T_IF), expecting function (T_FUNCTION) or const (T_CONST)
#0 C:\xampp\htdocs\projects\student-exam\system\Autoloader\Autoloader.php(265): CodeIgniter\Autoloader\Autoloader->includeFile('C:\\xampp\\htdocs...')
#1 C:\xampp\htdocs\projects\student-exam\system\Autoloader\Autoloader.php(228): CodeIgniter\Autoloader\Autoloader->loadInNamespace('App\\Controllers...')
#2 [internal function]: CodeIgniter\Autoloader\Autoloader->loadClass('App\\Controllers...')
#3 [internal function]: spl_autoload_call('App\\Controllers...')
#4 C:\xampp\htdocs\projects\student-exam\system\CodeIgniter.php(893): class_exists('\\App\\Controller...', true)
#5 C:\xampp\htdocs\projects\student-exam\system\CodeIgniter.php(417): CodeIgniter\CodeIgniter->startController()
#6 C:\xampp\htdocs\projects\student-exam\system\CodeIgniter.php(333): CodeIgniter\CodeIgniter->handleRequest(NULL, Object(Config\Cache), false)
#7 C:\xampp\htdocs\projects\student-exam\index.php(44): CodeIgniter\CodeIgniter->run()
#8 {main}
