ERROR - 2021-04-29 14:43:53 --> mysqli_sql_exception: Unknown column 'qualification' in 'field list' in /home/cnsacade/public_html/system/Database/MySQLi/Connection.php:314
Stack trace:
#0 /home/cnsacade/public_html/system/Database/MySQLi/Connection.php(314): mysqli->query('INSERT INTO `us...')
#1 /home/cnsacade/public_html/system/Database/BaseConnection.php(713): CodeIgniter\Database\MySQLi\Connection->execute('INSERT INTO `us...')
#2 /home/cnsacade/public_html/system/Database/BaseConnection.php(641): CodeIgniter\Database\BaseConnection->simpleQuery('INSERT INTO `us...')
#3 /home/cnsacade/public_html/system/Database/BaseBuilder.php(2263): CodeIgniter\Database\BaseConnection->query('INSERT INTO `us...', Array, false)
#4 /home/cnsacade/public_html/app/Models/RegistrationModel.php(16): CodeIgniter\Database\BaseBuilder->insert(Array)
#5 /home/cnsacade/public_html/app/Controllers/Registration.php(57): App\Models\RegistrationModel->user_data_insert(Array)
#6 /home/cnsacade/public_html/system/CodeIgniter.php(936): App\Controllers\Registration->index()
#7 /home/cnsacade/public_html/system/CodeIgniter.php(432): CodeIgniter\CodeIgniter->runController(Object(App\Controllers\Registration))
#8 /home/cnsacade/public_html/system/CodeIgniter.php(333): CodeIgniter\CodeIgniter->handleRequest(NULL, Object(Config\Cache), false)
#9 /home/cnsacade/public_html/index.php(44): CodeIgniter\CodeIgniter->run()
#10 {main}
ERROR - 2021-04-29 14:44:19 --> mysqli_sql_exception: Unknown column 'qualification' in 'field list' in /home/cnsacade/public_html/system/Database/MySQLi/Connection.php:314
Stack trace:
#0 /home/cnsacade/public_html/system/Database/MySQLi/Connection.php(314): mysqli->query('INSERT INTO `us...')
#1 /home/cnsacade/public_html/system/Database/BaseConnection.php(713): CodeIgniter\Database\MySQLi\Connection->execute('INSERT INTO `us...')
#2 /home/cnsacade/public_html/system/Database/BaseConnection.php(641): CodeIgniter\Database\BaseConnection->simpleQuery('INSERT INTO `us...')
#3 /home/cnsacade/public_html/system/Database/BaseBuilder.php(2263): CodeIgniter\Database\BaseConnection->query('INSERT INTO `us...', Array, false)
#4 /home/cnsacade/public_html/app/Models/RegistrationModel.php(16): CodeIgniter\Database\BaseBuilder->insert(Array)
#5 /home/cnsacade/public_html/app/Controllers/Registration.php(57): App\Models\RegistrationModel->user_data_insert(Array)
#6 /home/cnsacade/public_html/system/CodeIgniter.php(936): App\Controllers\Registration->index()
#7 /home/cnsacade/public_html/system/CodeIgniter.php(432): CodeIgniter\CodeIgniter->runController(Object(App\Controllers\Registration))
#8 /home/cnsacade/public_html/system/CodeIgniter.php(333): CodeIgniter\CodeIgniter->handleRequest(NULL, Object(Config\Cache), false)
#9 /home/cnsacade/public_html/index.php(44): CodeIgniter\CodeIgniter->run()
#10 {main}
ERROR - 2021-04-29 14:45:46 --> mysqli_sql_exception: Unknown column 'qualification' in 'field list' in /home/cnsacade/public_html/system/Database/MySQLi/Connection.php:314
Stack trace:
#0 /home/cnsacade/public_html/system/Database/MySQLi/Connection.php(314): mysqli->query('INSERT INTO `us...')
#1 /home/cnsacade/public_html/system/Database/BaseConnection.php(713): CodeIgniter\Database\MySQLi\Connection->execute('INSERT INTO `us...')
#2 /home/cnsacade/public_html/system/Database/BaseConnection.php(641): CodeIgniter\Database\BaseConnection->simpleQuery('INSERT INTO `us...')
#3 /home/cnsacade/public_html/system/Database/BaseBuilder.php(2263): CodeIgniter\Database\BaseConnection->query('INSERT INTO `us...', Array, false)
#4 /home/cnsacade/public_html/app/Models/RegistrationModel.php(16): CodeIgniter\Database\BaseBuilder->insert(Array)
#5 /home/cnsacade/public_html/app/Controllers/Registration.php(57): App\Models\RegistrationModel->user_data_insert(Array)
#6 /home/cnsacade/public_html/system/CodeIgniter.php(936): App\Controllers\Registration->index()
#7 /home/cnsacade/public_html/system/CodeIgniter.php(432): CodeIgniter\CodeIgniter->runController(Object(App\Controllers\Registration))
#8 /home/cnsacade/public_html/system/CodeIgniter.php(333): CodeIgniter\CodeIgniter->handleRequest(NULL, Object(Config\Cache), false)
#9 /home/cnsacade/public_html/index.php(44): CodeIgniter\CodeIgniter->run()
#10 {main}
