CRITICAL - 2021-05-02 01:58:59 --> Call to undefined function App\Controllers\url()
#0 C:\xampp\htdocs\projects\education-management\system\CodeIgniter.php(936): App\Controllers\Courses->course_enroll('aaaa-7371-76004...')
#1 C:\xampp\htdocs\projects\education-management\system\CodeIgniter.php(432): CodeIgniter\CodeIgniter->runController(Object(App\Controllers\Courses))
#2 C:\xampp\htdocs\projects\education-management\system\CodeIgniter.php(333): CodeIgniter\CodeIgniter->handleRequest(NULL, Object(Config\Cache), false)
#3 C:\xampp\htdocs\projects\education-management\index.php(44): CodeIgniter\CodeIgniter->run()
#4 {main}
CRITICAL - 2021-05-02 01:59:15 --> Call to undefined function App\Controllers\url()
#0 C:\xampp\htdocs\projects\education-management\system\CodeIgniter.php(936): App\Controllers\Courses->course_enroll('aaaa-7371-76004...')
#1 C:\xampp\htdocs\projects\education-management\system\CodeIgniter.php(432): CodeIgniter\CodeIgniter->runController(Object(App\Controllers\Courses))
#2 C:\xampp\htdocs\projects\education-management\system\CodeIgniter.php(333): CodeIgniter\CodeIgniter->handleRequest(NULL, Object(Config\Cache), false)
#3 C:\xampp\htdocs\projects\education-management\index.php(44): CodeIgniter\CodeIgniter->run()
#4 {main}
CRITICAL - 2021-05-02 01:59:16 --> Call to undefined function App\Controllers\url()
#0 C:\xampp\htdocs\projects\education-management\system\CodeIgniter.php(936): App\Controllers\Courses->course_enroll('aaaa-7371-76004...')
#1 C:\xampp\htdocs\projects\education-management\system\CodeIgniter.php(432): CodeIgniter\CodeIgniter->runController(Object(App\Controllers\Courses))
#2 C:\xampp\htdocs\projects\education-management\system\CodeIgniter.php(333): CodeIgniter\CodeIgniter->handleRequest(NULL, Object(Config\Cache), false)
#3 C:\xampp\htdocs\projects\education-management\index.php(44): CodeIgniter\CodeIgniter->run()
#4 {main}
CRITICAL - 2021-05-02 01:59:16 --> Call to undefined function App\Controllers\url()
#0 C:\xampp\htdocs\projects\education-management\system\CodeIgniter.php(936): App\Controllers\Courses->course_enroll('aaaa-7371-76004...')
#1 C:\xampp\htdocs\projects\education-management\system\CodeIgniter.php(432): CodeIgniter\CodeIgniter->runController(Object(App\Controllers\Courses))
#2 C:\xampp\htdocs\projects\education-management\system\CodeIgniter.php(333): CodeIgniter\CodeIgniter->handleRequest(NULL, Object(Config\Cache), false)
#3 C:\xampp\htdocs\projects\education-management\index.php(44): CodeIgniter\CodeIgniter->run()
#4 {main}
CRITICAL - 2021-05-02 02:00:44 --> Call to undefined method CodeIgniter\HTTP\RedirectResponse::url()
#0 C:\xampp\htdocs\projects\education-management\system\CodeIgniter.php(936): App\Controllers\Courses->course_enroll('aaaa-7371-76004...')
#1 C:\xampp\htdocs\projects\education-management\system\CodeIgniter.php(432): CodeIgniter\CodeIgniter->runController(Object(App\Controllers\Courses))
#2 C:\xampp\htdocs\projects\education-management\system\CodeIgniter.php(333): CodeIgniter\CodeIgniter->handleRequest(NULL, Object(Config\Cache), false)
#3 C:\xampp\htdocs\projects\education-management\index.php(44): CodeIgniter\CodeIgniter->run()
#4 {main}
CRITICAL - 2021-05-02 02:00:45 --> Call to undefined method CodeIgniter\HTTP\RedirectResponse::url()
#0 C:\xampp\htdocs\projects\education-management\system\CodeIgniter.php(936): App\Controllers\Courses->course_enroll('aaaa-7371-76004...')
#1 C:\xampp\htdocs\projects\education-management\system\CodeIgniter.php(432): CodeIgniter\CodeIgniter->runController(Object(App\Controllers\Courses))
#2 C:\xampp\htdocs\projects\education-management\system\CodeIgniter.php(333): CodeIgniter\CodeIgniter->handleRequest(NULL, Object(Config\Cache), false)
#3 C:\xampp\htdocs\projects\education-management\index.php(44): CodeIgniter\CodeIgniter->run()
#4 {main}
CRITICAL - 2021-05-02 02:00:45 --> Call to undefined method CodeIgniter\HTTP\RedirectResponse::url()
#0 C:\xampp\htdocs\projects\education-management\system\CodeIgniter.php(936): App\Controllers\Courses->course_enroll('aaaa-7371-76004...')
#1 C:\xampp\htdocs\projects\education-management\system\CodeIgniter.php(432): CodeIgniter\CodeIgniter->runController(Object(App\Controllers\Courses))
#2 C:\xampp\htdocs\projects\education-management\system\CodeIgniter.php(333): CodeIgniter\CodeIgniter->handleRequest(NULL, Object(Config\Cache), false)
#3 C:\xampp\htdocs\projects\education-management\index.php(44): CodeIgniter\CodeIgniter->run()
#4 {main}
CRITICAL - 2021-05-02 02:02:01 -->  route cannot be found while reverse-routing.
#0 C:\xampp\htdocs\projects\education-management\system\HTTP\RedirectResponse.php(63): CodeIgniter\HTTP\Exceptions\HTTPException::forInvalidRedirectRoute('')
#1 C:\xampp\htdocs\projects\education-management\system\Common.php(918): CodeIgniter\HTTP\RedirectResponse->route(false)
#2 C:\xampp\htdocs\projects\education-management\app\Controllers\Courses.php(50): redirect('student')
#3 C:\xampp\htdocs\projects\education-management\system\CodeIgniter.php(936): App\Controllers\Courses->course_enroll('aaaa-7371-76004...')
#4 C:\xampp\htdocs\projects\education-management\system\CodeIgniter.php(432): CodeIgniter\CodeIgniter->runController(Object(App\Controllers\Courses))
#5 C:\xampp\htdocs\projects\education-management\system\CodeIgniter.php(333): CodeIgniter\CodeIgniter->handleRequest(NULL, Object(Config\Cache), false)
#6 C:\xampp\htdocs\projects\education-management\index.php(44): CodeIgniter\CodeIgniter->run()
#7 {main}
CRITICAL - 2021-05-02 02:04:42 -->  route cannot be found while reverse-routing.
#0 C:\xampp\htdocs\projects\education-management\system\HTTP\RedirectResponse.php(63): CodeIgniter\HTTP\Exceptions\HTTPException::forInvalidRedirectRoute('')
#1 C:\xampp\htdocs\projects\education-management\system\Common.php(918): CodeIgniter\HTTP\RedirectResponse->route(false)
#2 C:\xampp\htdocs\projects\education-management\app\Controllers\Courses.php(50): redirect('http://localhos...')
#3 C:\xampp\htdocs\projects\education-management\system\CodeIgniter.php(936): App\Controllers\Courses->course_enroll('aaaa-7371-76004...')
#4 C:\xampp\htdocs\projects\education-management\system\CodeIgniter.php(432): CodeIgniter\CodeIgniter->runController(Object(App\Controllers\Courses))
#5 C:\xampp\htdocs\projects\education-management\system\CodeIgniter.php(333): CodeIgniter\CodeIgniter->handleRequest(NULL, Object(Config\Cache), false)
#6 C:\xampp\htdocs\projects\education-management\index.php(44): CodeIgniter\CodeIgniter->run()
#7 {main}
CRITICAL - 2021-05-02 02:04:57 --> Call to undefined method CodeIgniter\HTTP\RedirectResponse::base_url()
#0 C:\xampp\htdocs\projects\education-management\system\CodeIgniter.php(936): App\Controllers\Courses->course_enroll('aaaa-7371-76004...')
#1 C:\xampp\htdocs\projects\education-management\system\CodeIgniter.php(432): CodeIgniter\CodeIgniter->runController(Object(App\Controllers\Courses))
#2 C:\xampp\htdocs\projects\education-management\system\CodeIgniter.php(333): CodeIgniter\CodeIgniter->handleRequest(NULL, Object(Config\Cache), false)
#3 C:\xampp\htdocs\projects\education-management\index.php(44): CodeIgniter\CodeIgniter->run()
#4 {main}
CRITICAL - 2021-05-02 02:04:58 --> Call to undefined method CodeIgniter\HTTP\RedirectResponse::base_url()
#0 C:\xampp\htdocs\projects\education-management\system\CodeIgniter.php(936): App\Controllers\Courses->course_enroll('aaaa-7371-76004...')
#1 C:\xampp\htdocs\projects\education-management\system\CodeIgniter.php(432): CodeIgniter\CodeIgniter->runController(Object(App\Controllers\Courses))
#2 C:\xampp\htdocs\projects\education-management\system\CodeIgniter.php(333): CodeIgniter\CodeIgniter->handleRequest(NULL, Object(Config\Cache), false)
#3 C:\xampp\htdocs\projects\education-management\index.php(44): CodeIgniter\CodeIgniter->run()
#4 {main}
CRITICAL - 2021-05-02 02:04:58 --> Call to undefined method CodeIgniter\HTTP\RedirectResponse::base_url()
#0 C:\xampp\htdocs\projects\education-management\system\CodeIgniter.php(936): App\Controllers\Courses->course_enroll('aaaa-7371-76004...')
#1 C:\xampp\htdocs\projects\education-management\system\CodeIgniter.php(432): CodeIgniter\CodeIgniter->runController(Object(App\Controllers\Courses))
#2 C:\xampp\htdocs\projects\education-management\system\CodeIgniter.php(333): CodeIgniter\CodeIgniter->handleRequest(NULL, Object(Config\Cache), false)
#3 C:\xampp\htdocs\projects\education-management\index.php(44): CodeIgniter\CodeIgniter->run()
#4 {main}
CRITICAL - 2021-05-02 23:56:22 --> Cannot redeclare App\Models\Admin\SettingsModel::site_details_update()
#0 [internal function]: CodeIgniter\Debug\Exceptions->shutdownHandler()
#1 {main}
CRITICAL - 2021-05-02 23:56:27 --> Cannot redeclare App\Models\Admin\SettingsModel::site_details_update()
#0 [internal function]: CodeIgniter\Debug\Exceptions->shutdownHandler()
#1 {main}
CRITICAL - 2021-05-02 23:56:30 --> Cannot redeclare App\Models\Admin\SettingsModel::site_details_update()
#0 [internal function]: CodeIgniter\Debug\Exceptions->shutdownHandler()
#1 {main}
