CRITICAL - 2021-03-21 14:21:18 --> Class 'App\Models\Admin\LoginModel' not found
#0 C:\xampp\htdocs\Projects\education-management\system\CodeIgniter.php(908): App\Controllers\Admin\Login->__construct()
#1 C:\xampp\htdocs\Projects\education-management\system\CodeIgniter.php(422): CodeIgniter\CodeIgniter->createController()
#2 C:\xampp\htdocs\Projects\education-management\system\CodeIgniter.php(333): CodeIgniter\CodeIgniter->handleRequest(NULL, Object(Config\Cache), false)
#3 C:\xampp\htdocs\Projects\education-management\index.php(44): CodeIgniter\CodeIgniter->run()
#4 {main}
CRITICAL - 2021-03-21 14:21:18 --> Class 'App\Models\Admin\LoginModel' not found
#0 C:\xampp\htdocs\Projects\education-management\system\CodeIgniter.php(908): App\Controllers\Admin\Login->__construct()
#1 C:\xampp\htdocs\Projects\education-management\system\CodeIgniter.php(422): CodeIgniter\CodeIgniter->createController()
#2 C:\xampp\htdocs\Projects\education-management\system\CodeIgniter.php(333): CodeIgniter\CodeIgniter->handleRequest(NULL, Object(Config\Cache), false)
#3 C:\xampp\htdocs\Projects\education-management\index.php(44): CodeIgniter\CodeIgniter->run()
#4 {main}
CRITICAL - 2021-03-21 14:21:50 --> Class 'App\Models\Admin\LoginModel' not found
#0 C:\xampp\htdocs\Projects\education-management\system\CodeIgniter.php(908): App\Controllers\Admin\Login->__construct()
#1 C:\xampp\htdocs\Projects\education-management\system\CodeIgniter.php(422): CodeIgniter\CodeIgniter->createController()
#2 C:\xampp\htdocs\Projects\education-management\system\CodeIgniter.php(333): CodeIgniter\CodeIgniter->handleRequest(NULL, Object(Config\Cache), false)
#3 C:\xampp\htdocs\Projects\education-management\index.php(44): CodeIgniter\CodeIgniter->run()
#4 {main}
CRITICAL - 2021-03-21 14:21:50 --> Class 'App\Models\Admin\LoginModel' not found
#0 C:\xampp\htdocs\Projects\education-management\system\CodeIgniter.php(908): App\Controllers\Admin\Login->__construct()
#1 C:\xampp\htdocs\Projects\education-management\system\CodeIgniter.php(422): CodeIgniter\CodeIgniter->createController()
#2 C:\xampp\htdocs\Projects\education-management\system\CodeIgniter.php(333): CodeIgniter\CodeIgniter->handleRequest(NULL, Object(Config\Cache), false)
#3 C:\xampp\htdocs\Projects\education-management\index.php(44): CodeIgniter\CodeIgniter->run()
#4 {main}
