ERROR - 2021-05-10 00:22:09 --> mysqli_sql_exception: Unknown column 'HOME' in 'where clause' in C:\xampp\htdocs\projects\education-management\system\Database\MySQLi\Connection.php:314
Stack trace:
#0 C:\xampp\htdocs\projects\education-management\system\Database\MySQLi\Connection.php(314): mysqli->query('SELECT * FROM v...')
#1 C:\xampp\htdocs\projects\education-management\system\Database\BaseConnection.php(713): CodeIgniter\Database\MySQLi\Connection->execute('SELECT * FROM v...')
#2 C:\xampp\htdocs\projects\education-management\system\Database\BaseConnection.php(641): CodeIgniter\Database\BaseConnection->simpleQuery('SELECT * FROM v...')
#3 C:\xampp\htdocs\projects\education-management\app\Models\Admin\BannersModel.php(28): CodeIgniter\Database\BaseConnection->query('SELECT * FROM v...')
#4 C:\xampp\htdocs\projects\education-management\app\Helpers\common_helper.php(121): App\Models\Admin\BannersModel->get_banners(Array)
#5 C:\xampp\htdocs\projects\education-management\app\Views\home.php(4): get_banners('HOME')
#6 C:\xampp\htdocs\projects\education-management\system\View\View.php(220): include('C:\\xampp\\htdocs...')
#7 C:\xampp\htdocs\projects\education-management\system\View\View.php(222): CodeIgniter\View\View->CodeIgniter\View\{closure}()
#8 C:\xampp\htdocs\projects\education-management\system\Common.php(1217): CodeIgniter\View\View->render('home', Array, true)
#9 C:\xampp\htdocs\projects\education-management\app\Controllers\BaseController.php(96): view('home', Array)
#10 C:\xampp\htdocs\projects\education-management\app\Controllers\Home.php(22): App\Controllers\BaseController->loadtemplate('home', Array)
#11 C:\xampp\htdocs\projects\education-management\system\CodeIgniter.php(936): App\Controllers\Home->index()
#12 C:\xampp\htdocs\projects\education-management\system\CodeIgniter.php(432): CodeIgniter\CodeIgniter->runController(Object(App\Controllers\Home))
#13 C:\xampp\htdocs\projects\education-management\system\CodeIgniter.php(333): CodeIgniter\CodeIgniter->handleRequest(NULL, Object(Config\Cache), false)
#14 C:\xampp\htdocs\projects\education-management\index.php(44): CodeIgniter\CodeIgniter->run()
#15 {main}
ERROR - 2021-05-10 00:22:40 --> mysqli_sql_exception: Unknown column 'HOME' in 'where clause' in C:\xampp\htdocs\projects\education-management\system\Database\MySQLi\Connection.php:314
Stack trace:
#0 C:\xampp\htdocs\projects\education-management\system\Database\MySQLi\Connection.php(314): mysqli->query('SELECT * FROM v...')
#1 C:\xampp\htdocs\projects\education-management\system\Database\BaseConnection.php(713): CodeIgniter\Database\MySQLi\Connection->execute('SELECT * FROM v...')
#2 C:\xampp\htdocs\projects\education-management\system\Database\BaseConnection.php(641): CodeIgniter\Database\BaseConnection->simpleQuery('SELECT * FROM v...')
#3 C:\xampp\htdocs\projects\education-management\app\Models\Admin\BannersModel.php(28): CodeIgniter\Database\BaseConnection->query('SELECT * FROM v...')
#4 C:\xampp\htdocs\projects\education-management\app\Helpers\common_helper.php(121): App\Models\Admin\BannersModel->get_banners(Array)
#5 C:\xampp\htdocs\projects\education-management\app\Views\home.php(4): get_banners('HOME')
#6 C:\xampp\htdocs\projects\education-management\system\View\View.php(220): include('C:\\xampp\\htdocs...')
#7 C:\xampp\htdocs\projects\education-management\system\View\View.php(222): CodeIgniter\View\View->CodeIgniter\View\{closure}()
#8 C:\xampp\htdocs\projects\education-management\system\Common.php(1217): CodeIgniter\View\View->render('home', Array, true)
#9 C:\xampp\htdocs\projects\education-management\app\Controllers\BaseController.php(96): view('home', Array)
#10 C:\xampp\htdocs\projects\education-management\app\Controllers\Home.php(22): App\Controllers\BaseController->loadtemplate('home', Array)
#11 C:\xampp\htdocs\projects\education-management\system\CodeIgniter.php(936): App\Controllers\Home->index()
#12 C:\xampp\htdocs\projects\education-management\system\CodeIgniter.php(432): CodeIgniter\CodeIgniter->runController(Object(App\Controllers\Home))
#13 C:\xampp\htdocs\projects\education-management\system\CodeIgniter.php(333): CodeIgniter\CodeIgniter->handleRequest(NULL, Object(Config\Cache), false)
#14 C:\xampp\htdocs\projects\education-management\index.php(44): CodeIgniter\CodeIgniter->run()
#15 {main}
ERROR - 2021-05-10 00:22:41 --> mysqli_sql_exception: Unknown column 'HOME' in 'where clause' in C:\xampp\htdocs\projects\education-management\system\Database\MySQLi\Connection.php:314
Stack trace:
#0 C:\xampp\htdocs\projects\education-management\system\Database\MySQLi\Connection.php(314): mysqli->query('SELECT * FROM v...')
#1 C:\xampp\htdocs\projects\education-management\system\Database\BaseConnection.php(713): CodeIgniter\Database\MySQLi\Connection->execute('SELECT * FROM v...')
#2 C:\xampp\htdocs\projects\education-management\system\Database\BaseConnection.php(641): CodeIgniter\Database\BaseConnection->simpleQuery('SELECT * FROM v...')
#3 C:\xampp\htdocs\projects\education-management\app\Models\Admin\BannersModel.php(28): CodeIgniter\Database\BaseConnection->query('SELECT * FROM v...')
#4 C:\xampp\htdocs\projects\education-management\app\Helpers\common_helper.php(121): App\Models\Admin\BannersModel->get_banners(Array)
#5 C:\xampp\htdocs\projects\education-management\app\Views\home.php(4): get_banners('HOME')
#6 C:\xampp\htdocs\projects\education-management\system\View\View.php(220): include('C:\\xampp\\htdocs...')
#7 C:\xampp\htdocs\projects\education-management\system\View\View.php(222): CodeIgniter\View\View->CodeIgniter\View\{closure}()
#8 C:\xampp\htdocs\projects\education-management\system\Common.php(1217): CodeIgniter\View\View->render('home', Array, true)
#9 C:\xampp\htdocs\projects\education-management\app\Controllers\BaseController.php(96): view('home', Array)
#10 C:\xampp\htdocs\projects\education-management\app\Controllers\Home.php(22): App\Controllers\BaseController->loadtemplate('home', Array)
#11 C:\xampp\htdocs\projects\education-management\system\CodeIgniter.php(936): App\Controllers\Home->index()
#12 C:\xampp\htdocs\projects\education-management\system\CodeIgniter.php(432): CodeIgniter\CodeIgniter->runController(Object(App\Controllers\Home))
#13 C:\xampp\htdocs\projects\education-management\system\CodeIgniter.php(333): CodeIgniter\CodeIgniter->handleRequest(NULL, Object(Config\Cache), false)
#14 C:\xampp\htdocs\projects\education-management\index.php(44): CodeIgniter\CodeIgniter->run()
#15 {main}
ERROR - 2021-05-10 00:22:42 --> mysqli_sql_exception: Unknown column 'HOME' in 'where clause' in C:\xampp\htdocs\projects\education-management\system\Database\MySQLi\Connection.php:314
Stack trace:
#0 C:\xampp\htdocs\projects\education-management\system\Database\MySQLi\Connection.php(314): mysqli->query('SELECT * FROM v...')
#1 C:\xampp\htdocs\projects\education-management\system\Database\BaseConnection.php(713): CodeIgniter\Database\MySQLi\Connection->execute('SELECT * FROM v...')
#2 C:\xampp\htdocs\projects\education-management\system\Database\BaseConnection.php(641): CodeIgniter\Database\BaseConnection->simpleQuery('SELECT * FROM v...')
#3 C:\xampp\htdocs\projects\education-management\app\Models\Admin\BannersModel.php(28): CodeIgniter\Database\BaseConnection->query('SELECT * FROM v...')
#4 C:\xampp\htdocs\projects\education-management\app\Helpers\common_helper.php(121): App\Models\Admin\BannersModel->get_banners(Array)
#5 C:\xampp\htdocs\projects\education-management\app\Views\home.php(4): get_banners('HOME')
#6 C:\xampp\htdocs\projects\education-management\system\View\View.php(220): include('C:\\xampp\\htdocs...')
#7 C:\xampp\htdocs\projects\education-management\system\View\View.php(222): CodeIgniter\View\View->CodeIgniter\View\{closure}()
#8 C:\xampp\htdocs\projects\education-management\system\Common.php(1217): CodeIgniter\View\View->render('home', Array, true)
#9 C:\xampp\htdocs\projects\education-management\app\Controllers\BaseController.php(96): view('home', Array)
#10 C:\xampp\htdocs\projects\education-management\app\Controllers\Home.php(22): App\Controllers\BaseController->loadtemplate('home', Array)
#11 C:\xampp\htdocs\projects\education-management\system\CodeIgniter.php(936): App\Controllers\Home->index()
#12 C:\xampp\htdocs\projects\education-management\system\CodeIgniter.php(432): CodeIgniter\CodeIgniter->runController(Object(App\Controllers\Home))
#13 C:\xampp\htdocs\projects\education-management\system\CodeIgniter.php(333): CodeIgniter\CodeIgniter->handleRequest(NULL, Object(Config\Cache), false)
#14 C:\xampp\htdocs\projects\education-management\index.php(44): CodeIgniter\CodeIgniter->run()
#15 {main}
CRITICAL - 2021-05-10 00:29:20 --> You must set the database table to be used with your query.
#0 C:\xampp\htdocs\projects\education-management\system\Model.php(615): CodeIgniter\Database\BaseConnection->table(NULL)
#1 C:\xampp\htdocs\projects\education-management\system\Model.php(834): CodeIgniter\Model->builder()
#2 C:\xampp\htdocs\projects\education-management\app\Controllers\Home.php(20): CodeIgniter\Model->__call('get_banners', Array)
#3 C:\xampp\htdocs\projects\education-management\system\CodeIgniter.php(936): App\Controllers\Home->index()
#4 C:\xampp\htdocs\projects\education-management\system\CodeIgniter.php(432): CodeIgniter\CodeIgniter->runController(Object(App\Controllers\Home))
#5 C:\xampp\htdocs\projects\education-management\system\CodeIgniter.php(333): CodeIgniter\CodeIgniter->handleRequest(NULL, Object(Config\Cache), false)
#6 C:\xampp\htdocs\projects\education-management\index.php(44): CodeIgniter\CodeIgniter->run()
#7 {main}
CRITICAL - 2021-05-10 00:29:33 --> You must set the database table to be used with your query.
#0 C:\xampp\htdocs\projects\education-management\system\Model.php(615): CodeIgniter\Database\BaseConnection->table(NULL)
#1 C:\xampp\htdocs\projects\education-management\system\Model.php(834): CodeIgniter\Model->builder()
#2 C:\xampp\htdocs\projects\education-management\app\Controllers\Home.php(20): CodeIgniter\Model->__call('get_banners', Array)
#3 C:\xampp\htdocs\projects\education-management\system\CodeIgniter.php(936): App\Controllers\Home->index()
#4 C:\xampp\htdocs\projects\education-management\system\CodeIgniter.php(432): CodeIgniter\CodeIgniter->runController(Object(App\Controllers\Home))
#5 C:\xampp\htdocs\projects\education-management\system\CodeIgniter.php(333): CodeIgniter\CodeIgniter->handleRequest(NULL, Object(Config\Cache), false)
#6 C:\xampp\htdocs\projects\education-management\index.php(44): CodeIgniter\CodeIgniter->run()
#7 {main}
CRITICAL - 2021-05-10 00:29:33 --> You must set the database table to be used with your query.
#0 C:\xampp\htdocs\projects\education-management\system\Model.php(615): CodeIgniter\Database\BaseConnection->table(NULL)
#1 C:\xampp\htdocs\projects\education-management\system\Model.php(834): CodeIgniter\Model->builder()
#2 C:\xampp\htdocs\projects\education-management\app\Controllers\Home.php(20): CodeIgniter\Model->__call('get_banners', Array)
#3 C:\xampp\htdocs\projects\education-management\system\CodeIgniter.php(936): App\Controllers\Home->index()
#4 C:\xampp\htdocs\projects\education-management\system\CodeIgniter.php(432): CodeIgniter\CodeIgniter->runController(Object(App\Controllers\Home))
#5 C:\xampp\htdocs\projects\education-management\system\CodeIgniter.php(333): CodeIgniter\CodeIgniter->handleRequest(NULL, Object(Config\Cache), false)
#6 C:\xampp\htdocs\projects\education-management\index.php(44): CodeIgniter\CodeIgniter->run()
#7 {main}
CRITICAL - 2021-05-10 00:31:02 --> Call to undefined function get_banners()
#0 C:\xampp\htdocs\projects\education-management\system\View\View.php(220): include()
#1 C:\xampp\htdocs\projects\education-management\system\View\View.php(222): CodeIgniter\View\View->CodeIgniter\View\{closure}()
#2 C:\xampp\htdocs\projects\education-management\system\Common.php(1217): CodeIgniter\View\View->render('home', Array, true)
#3 C:\xampp\htdocs\projects\education-management\app\Controllers\BaseController.php(96): view('home', Array)
#4 C:\xampp\htdocs\projects\education-management\app\Controllers\Home.php(21): App\Controllers\BaseController->loadtemplate('home', Array)
#5 C:\xampp\htdocs\projects\education-management\system\CodeIgniter.php(936): App\Controllers\Home->index()
#6 C:\xampp\htdocs\projects\education-management\system\CodeIgniter.php(432): CodeIgniter\CodeIgniter->runController(Object(App\Controllers\Home))
#7 C:\xampp\htdocs\projects\education-management\system\CodeIgniter.php(333): CodeIgniter\CodeIgniter->handleRequest(NULL, Object(Config\Cache), false)
#8 C:\xampp\htdocs\projects\education-management\index.php(44): CodeIgniter\CodeIgniter->run()
#9 {main}
CRITICAL - 2021-05-10 00:31:03 --> Call to undefined function get_banners()
#0 C:\xampp\htdocs\projects\education-management\system\View\View.php(220): include()
#1 C:\xampp\htdocs\projects\education-management\system\View\View.php(222): CodeIgniter\View\View->CodeIgniter\View\{closure}()
#2 C:\xampp\htdocs\projects\education-management\system\Common.php(1217): CodeIgniter\View\View->render('home', Array, true)
#3 C:\xampp\htdocs\projects\education-management\app\Controllers\BaseController.php(96): view('home', Array)
#4 C:\xampp\htdocs\projects\education-management\app\Controllers\Home.php(21): App\Controllers\BaseController->loadtemplate('home', Array)
#5 C:\xampp\htdocs\projects\education-management\system\CodeIgniter.php(936): App\Controllers\Home->index()
#6 C:\xampp\htdocs\projects\education-management\system\CodeIgniter.php(432): CodeIgniter\CodeIgniter->runController(Object(App\Controllers\Home))
#7 C:\xampp\htdocs\projects\education-management\system\CodeIgniter.php(333): CodeIgniter\CodeIgniter->handleRequest(NULL, Object(Config\Cache), false)
#8 C:\xampp\htdocs\projects\education-management\index.php(44): CodeIgniter\CodeIgniter->run()
#9 {main}
ERROR - 2021-05-10 00:32:42 --> mysqli_sql_exception: Unknown column 'HOME' in 'where clause' in C:\xampp\htdocs\projects\education-management\system\Database\MySQLi\Connection.php:314
Stack trace:
#0 C:\xampp\htdocs\projects\education-management\system\Database\MySQLi\Connection.php(314): mysqli->query('SELECT * FROM v...')
#1 C:\xampp\htdocs\projects\education-management\system\Database\BaseConnection.php(713): CodeIgniter\Database\MySQLi\Connection->execute('SELECT * FROM v...')
#2 C:\xampp\htdocs\projects\education-management\system\Database\BaseConnection.php(641): CodeIgniter\Database\BaseConnection->simpleQuery('SELECT * FROM v...')
#3 C:\xampp\htdocs\projects\education-management\app\Models\Admin\BannersModel.php(29): CodeIgniter\Database\BaseConnection->query('SELECT * FROM v...')
#4 C:\xampp\htdocs\projects\education-management\app\Helpers\common_helper.php(121): App\Models\Admin\BannersModel->get_bannersaa(Array)
#5 C:\xampp\htdocs\projects\education-management\app\Views\home.php(4): get_banners('HOME')
#6 C:\xampp\htdocs\projects\education-management\system\View\View.php(220): include('C:\\xampp\\htdocs...')
#7 C:\xampp\htdocs\projects\education-management\system\View\View.php(222): CodeIgniter\View\View->CodeIgniter\View\{closure}()
#8 C:\xampp\htdocs\projects\education-management\system\Common.php(1217): CodeIgniter\View\View->render('home', Array, true)
#9 C:\xampp\htdocs\projects\education-management\app\Controllers\BaseController.php(96): view('home', Array)
#10 C:\xampp\htdocs\projects\education-management\app\Controllers\Home.php(21): App\Controllers\BaseController->loadtemplate('home', Array)
#11 C:\xampp\htdocs\projects\education-management\system\CodeIgniter.php(936): App\Controllers\Home->index()
#12 C:\xampp\htdocs\projects\education-management\system\CodeIgniter.php(432): CodeIgniter\CodeIgniter->runController(Object(App\Controllers\Home))
#13 C:\xampp\htdocs\projects\education-management\system\CodeIgniter.php(333): CodeIgniter\CodeIgniter->handleRequest(NULL, Object(Config\Cache), false)
#14 C:\xampp\htdocs\projects\education-management\index.php(44): CodeIgniter\CodeIgniter->run()
#15 {main}
ERROR - 2021-05-10 00:32:42 --> mysqli_sql_exception: Unknown column 'HOME' in 'where clause' in C:\xampp\htdocs\projects\education-management\system\Database\MySQLi\Connection.php:314
Stack trace:
#0 C:\xampp\htdocs\projects\education-management\system\Database\MySQLi\Connection.php(314): mysqli->query('SELECT * FROM v...')
#1 C:\xampp\htdocs\projects\education-management\system\Database\BaseConnection.php(713): CodeIgniter\Database\MySQLi\Connection->execute('SELECT * FROM v...')
#2 C:\xampp\htdocs\projects\education-management\system\Database\BaseConnection.php(641): CodeIgniter\Database\BaseConnection->simpleQuery('SELECT * FROM v...')
#3 C:\xampp\htdocs\projects\education-management\app\Models\Admin\BannersModel.php(29): CodeIgniter\Database\BaseConnection->query('SELECT * FROM v...')
#4 C:\xampp\htdocs\projects\education-management\app\Helpers\common_helper.php(121): App\Models\Admin\BannersModel->get_bannersaa(Array)
#5 C:\xampp\htdocs\projects\education-management\app\Views\home.php(4): get_banners('HOME')
#6 C:\xampp\htdocs\projects\education-management\system\View\View.php(220): include('C:\\xampp\\htdocs...')
#7 C:\xampp\htdocs\projects\education-management\system\View\View.php(222): CodeIgniter\View\View->CodeIgniter\View\{closure}()
#8 C:\xampp\htdocs\projects\education-management\system\Common.php(1217): CodeIgniter\View\View->render('home', Array, true)
#9 C:\xampp\htdocs\projects\education-management\app\Controllers\BaseController.php(96): view('home', Array)
#10 C:\xampp\htdocs\projects\education-management\app\Controllers\Home.php(21): App\Controllers\BaseController->loadtemplate('home', Array)
#11 C:\xampp\htdocs\projects\education-management\system\CodeIgniter.php(936): App\Controllers\Home->index()
#12 C:\xampp\htdocs\projects\education-management\system\CodeIgniter.php(432): CodeIgniter\CodeIgniter->runController(Object(App\Controllers\Home))
#13 C:\xampp\htdocs\projects\education-management\system\CodeIgniter.php(333): CodeIgniter\CodeIgniter->handleRequest(NULL, Object(Config\Cache), false)
#14 C:\xampp\htdocs\projects\education-management\index.php(44): CodeIgniter\CodeIgniter->run()
#15 {main}
ERROR - 2021-05-10 00:40:34 --> mysqli_sql_exception: Unknown column 'HOME' in 'where clause' in C:\xampp\htdocs\projects\education-management\system\Database\MySQLi\Connection.php:314
Stack trace:
#0 C:\xampp\htdocs\projects\education-management\system\Database\MySQLi\Connection.php(314): mysqli->query('SELECT * FROM v...')
#1 C:\xampp\htdocs\projects\education-management\system\Database\BaseConnection.php(713): CodeIgniter\Database\MySQLi\Connection->execute('SELECT * FROM v...')
#2 C:\xampp\htdocs\projects\education-management\system\Database\BaseConnection.php(641): CodeIgniter\Database\BaseConnection->simpleQuery('SELECT * FROM v...')
#3 C:\xampp\htdocs\projects\education-management\app\Models\Admin\BannersModel.php(29): CodeIgniter\Database\BaseConnection->query('SELECT * FROM v...')
#4 C:\xampp\htdocs\projects\education-management\app\Helpers\common_helper.php(121): App\Models\Admin\BannersModel->get_bannersaa(Array)
#5 C:\xampp\htdocs\projects\education-management\app\Views\home.php(4): get_banners('HOME')
#6 C:\xampp\htdocs\projects\education-management\system\View\View.php(220): include('C:\\xampp\\htdocs...')
#7 C:\xampp\htdocs\projects\education-management\system\View\View.php(222): CodeIgniter\View\View->CodeIgniter\View\{closure}()
#8 C:\xampp\htdocs\projects\education-management\system\Common.php(1217): CodeIgniter\View\View->render('home', Array, true)
#9 C:\xampp\htdocs\projects\education-management\app\Controllers\BaseController.php(96): view('home', Array)
#10 C:\xampp\htdocs\projects\education-management\app\Controllers\Home.php(21): App\Controllers\BaseController->loadtemplate('home', Array)
#11 C:\xampp\htdocs\projects\education-management\system\CodeIgniter.php(936): App\Controllers\Home->index()
#12 C:\xampp\htdocs\projects\education-management\system\CodeIgniter.php(432): CodeIgniter\CodeIgniter->runController(Object(App\Controllers\Home))
#13 C:\xampp\htdocs\projects\education-management\system\CodeIgniter.php(333): CodeIgniter\CodeIgniter->handleRequest(NULL, Object(Config\Cache), false)
#14 C:\xampp\htdocs\projects\education-management\index.php(44): CodeIgniter\CodeIgniter->run()
#15 {main}
ERROR - 2021-05-10 00:40:59 --> mysqli_sql_exception: Unknown column 'HOME' in 'where clause' in C:\xampp\htdocs\projects\education-management\system\Database\MySQLi\Connection.php:314
Stack trace:
#0 C:\xampp\htdocs\projects\education-management\system\Database\MySQLi\Connection.php(314): mysqli->query('SELECT * FROM v...')
#1 C:\xampp\htdocs\projects\education-management\system\Database\BaseConnection.php(713): CodeIgniter\Database\MySQLi\Connection->execute('SELECT * FROM v...')
#2 C:\xampp\htdocs\projects\education-management\system\Database\BaseConnection.php(641): CodeIgniter\Database\BaseConnection->simpleQuery('SELECT * FROM v...')
#3 C:\xampp\htdocs\projects\education-management\app\Models\Admin\BannersModel.php(29): CodeIgniter\Database\BaseConnection->query('SELECT * FROM v...')
#4 C:\xampp\htdocs\projects\education-management\app\Helpers\common_helper.php(121): App\Models\Admin\BannersModel->get_banners(Array)
#5 C:\xampp\htdocs\projects\education-management\app\Views\home.php(4): get_banners('HOME')
#6 C:\xampp\htdocs\projects\education-management\system\View\View.php(220): include('C:\\xampp\\htdocs...')
#7 C:\xampp\htdocs\projects\education-management\system\View\View.php(222): CodeIgniter\View\View->CodeIgniter\View\{closure}()
#8 C:\xampp\htdocs\projects\education-management\system\Common.php(1217): CodeIgniter\View\View->render('home', Array, true)
#9 C:\xampp\htdocs\projects\education-management\app\Controllers\BaseController.php(96): view('home', Array)
#10 C:\xampp\htdocs\projects\education-management\app\Controllers\Home.php(21): App\Controllers\BaseController->loadtemplate('home', Array)
#11 C:\xampp\htdocs\projects\education-management\system\CodeIgniter.php(936): App\Controllers\Home->index()
#12 C:\xampp\htdocs\projects\education-management\system\CodeIgniter.php(432): CodeIgniter\CodeIgniter->runController(Object(App\Controllers\Home))
#13 C:\xampp\htdocs\projects\education-management\system\CodeIgniter.php(333): CodeIgniter\CodeIgniter->handleRequest(NULL, Object(Config\Cache), false)
#14 C:\xampp\htdocs\projects\education-management\index.php(44): CodeIgniter\CodeIgniter->run()
#15 {main}
ERROR - 2021-05-10 00:41:00 --> mysqli_sql_exception: Unknown column 'HOME' in 'where clause' in C:\xampp\htdocs\projects\education-management\system\Database\MySQLi\Connection.php:314
Stack trace:
#0 C:\xampp\htdocs\projects\education-management\system\Database\MySQLi\Connection.php(314): mysqli->query('SELECT * FROM v...')
#1 C:\xampp\htdocs\projects\education-management\system\Database\BaseConnection.php(713): CodeIgniter\Database\MySQLi\Connection->execute('SELECT * FROM v...')
#2 C:\xampp\htdocs\projects\education-management\system\Database\BaseConnection.php(641): CodeIgniter\Database\BaseConnection->simpleQuery('SELECT * FROM v...')
#3 C:\xampp\htdocs\projects\education-management\app\Models\Admin\BannersModel.php(29): CodeIgniter\Database\BaseConnection->query('SELECT * FROM v...')
#4 C:\xampp\htdocs\projects\education-management\app\Helpers\common_helper.php(121): App\Models\Admin\BannersModel->get_banners(Array)
#5 C:\xampp\htdocs\projects\education-management\app\Views\home.php(4): get_banners('HOME')
#6 C:\xampp\htdocs\projects\education-management\system\View\View.php(220): include('C:\\xampp\\htdocs...')
#7 C:\xampp\htdocs\projects\education-management\system\View\View.php(222): CodeIgniter\View\View->CodeIgniter\View\{closure}()
#8 C:\xampp\htdocs\projects\education-management\system\Common.php(1217): CodeIgniter\View\View->render('home', Array, true)
#9 C:\xampp\htdocs\projects\education-management\app\Controllers\BaseController.php(96): view('home', Array)
#10 C:\xampp\htdocs\projects\education-management\app\Controllers\Home.php(21): App\Controllers\BaseController->loadtemplate('home', Array)
#11 C:\xampp\htdocs\projects\education-management\system\CodeIgniter.php(936): App\Controllers\Home->index()
#12 C:\xampp\htdocs\projects\education-management\system\CodeIgniter.php(432): CodeIgniter\CodeIgniter->runController(Object(App\Controllers\Home))
#13 C:\xampp\htdocs\projects\education-management\system\CodeIgniter.php(333): CodeIgniter\CodeIgniter->handleRequest(NULL, Object(Config\Cache), false)
#14 C:\xampp\htdocs\projects\education-management\index.php(44): CodeIgniter\CodeIgniter->run()
#15 {main}
ERROR - 2021-05-10 00:41:00 --> mysqli_sql_exception: Unknown column 'HOME' in 'where clause' in C:\xampp\htdocs\projects\education-management\system\Database\MySQLi\Connection.php:314
Stack trace:
#0 C:\xampp\htdocs\projects\education-management\system\Database\MySQLi\Connection.php(314): mysqli->query('SELECT * FROM v...')
#1 C:\xampp\htdocs\projects\education-management\system\Database\BaseConnection.php(713): CodeIgniter\Database\MySQLi\Connection->execute('SELECT * FROM v...')
#2 C:\xampp\htdocs\projects\education-management\system\Database\BaseConnection.php(641): CodeIgniter\Database\BaseConnection->simpleQuery('SELECT * FROM v...')
#3 C:\xampp\htdocs\projects\education-management\app\Models\Admin\BannersModel.php(29): CodeIgniter\Database\BaseConnection->query('SELECT * FROM v...')
#4 C:\xampp\htdocs\projects\education-management\app\Helpers\common_helper.php(121): App\Models\Admin\BannersModel->get_banners(Array)
#5 C:\xampp\htdocs\projects\education-management\app\Views\home.php(4): get_banners('HOME')
#6 C:\xampp\htdocs\projects\education-management\system\View\View.php(220): include('C:\\xampp\\htdocs...')
#7 C:\xampp\htdocs\projects\education-management\system\View\View.php(222): CodeIgniter\View\View->CodeIgniter\View\{closure}()
#8 C:\xampp\htdocs\projects\education-management\system\Common.php(1217): CodeIgniter\View\View->render('home', Array, true)
#9 C:\xampp\htdocs\projects\education-management\app\Controllers\BaseController.php(96): view('home', Array)
#10 C:\xampp\htdocs\projects\education-management\app\Controllers\Home.php(21): App\Controllers\BaseController->loadtemplate('home', Array)
#11 C:\xampp\htdocs\projects\education-management\system\CodeIgniter.php(936): App\Controllers\Home->index()
#12 C:\xampp\htdocs\projects\education-management\system\CodeIgniter.php(432): CodeIgniter\CodeIgniter->runController(Object(App\Controllers\Home))
#13 C:\xampp\htdocs\projects\education-management\system\CodeIgniter.php(333): CodeIgniter\CodeIgniter->handleRequest(NULL, Object(Config\Cache), false)
#14 C:\xampp\htdocs\projects\education-management\index.php(44): CodeIgniter\CodeIgniter->run()
#15 {main}
CRITICAL - 2021-05-10 00:58:06 --> syntax error, unexpected '=', expecting end of file
#0 C:\xampp\htdocs\projects\education-management\system\View\View.php(222): CodeIgniter\View\View->CodeIgniter\View\{closure}()
#1 C:\xampp\htdocs\projects\education-management\system\Common.php(1217): CodeIgniter\View\View->render('contact-us', Array, true)
#2 C:\xampp\htdocs\projects\education-management\app\Controllers\BaseController.php(96): view('contact-us', Array)
#3 C:\xampp\htdocs\projects\education-management\app\Controllers\Home.php(165): App\Controllers\BaseController->loadtemplate('contact-us', Array)
#4 C:\xampp\htdocs\projects\education-management\system\CodeIgniter.php(936): App\Controllers\Home->contact_us()
#5 C:\xampp\htdocs\projects\education-management\system\CodeIgniter.php(432): CodeIgniter\CodeIgniter->runController(Object(App\Controllers\Home))
#6 C:\xampp\htdocs\projects\education-management\system\CodeIgniter.php(333): CodeIgniter\CodeIgniter->handleRequest(NULL, Object(Config\Cache), false)
#7 C:\xampp\htdocs\projects\education-management\index.php(44): CodeIgniter\CodeIgniter->run()
#8 {main}
CRITICAL - 2021-05-10 01:49:12 --> Call to a member function get_banner_categories() on null
#0 C:\xampp\htdocs\projects\education-management\system\CodeIgniter.php(936): App\Controllers\Admin\ContentPages\ContentPages->add()
#1 C:\xampp\htdocs\projects\education-management\system\CodeIgniter.php(432): CodeIgniter\CodeIgniter->runController(Object(App\Controllers\Admin\ContentPages\ContentPages))
#2 C:\xampp\htdocs\projects\education-management\system\CodeIgniter.php(333): CodeIgniter\CodeIgniter->handleRequest(NULL, Object(Config\Cache), false)
#3 C:\xampp\htdocs\projects\education-management\index.php(44): CodeIgniter\CodeIgniter->run()
#4 {main}
CRITICAL - 2021-05-10 01:55:27 --> Invalid file: Admin/content-pages/content-pages-form.php
#0 C:\xampp\htdocs\projects\education-management\system\View\View.php(203): CodeIgniter\Exceptions\FrameworkException::forInvalidFile('Admin/content-p...')
#1 C:\xampp\htdocs\projects\education-management\system\Common.php(1217): CodeIgniter\View\View->render('Admin/content-p...', Array, true)
#2 C:\xampp\htdocs\projects\education-management\app\Controllers\BaseController.php(108): view('Admin/content-p...', Array)
#3 C:\xampp\htdocs\projects\education-management\app\Controllers\Admin\ContentPages\ContentPages.php(89): App\Controllers\BaseController->loadtemplateadmin('Admin/content-p...', Array)
#4 C:\xampp\htdocs\projects\education-management\system\CodeIgniter.php(936): App\Controllers\Admin\ContentPages\ContentPages->add()
#5 C:\xampp\htdocs\projects\education-management\system\CodeIgniter.php(432): CodeIgniter\CodeIgniter->runController(Object(App\Controllers\Admin\ContentPages\ContentPages))
#6 C:\xampp\htdocs\projects\education-management\system\CodeIgniter.php(333): CodeIgniter\CodeIgniter->handleRequest(NULL, Object(Config\Cache), false)
#7 C:\xampp\htdocs\projects\education-management\index.php(44): CodeIgniter\CodeIgniter->run()
#8 {main}
CRITICAL - 2021-05-10 02:00:44 --> syntax error, unexpected ','
#0 C:\xampp\htdocs\projects\education-management\system\View\View.php(222): CodeIgniter\View\View->CodeIgniter\View\{closure}()
#1 C:\xampp\htdocs\projects\education-management\system\Common.php(1217): CodeIgniter\View\View->render('Admin/content-p...', Array, true)
#2 C:\xampp\htdocs\projects\education-management\app\Controllers\BaseController.php(108): view('Admin/content-p...', Array)
#3 C:\xampp\htdocs\projects\education-management\app\Controllers\Admin\ContentPages\ContentPages.php(89): App\Controllers\BaseController->loadtemplateadmin('Admin/content-p...', Array)
#4 C:\xampp\htdocs\projects\education-management\system\CodeIgniter.php(936): App\Controllers\Admin\ContentPages\ContentPages->add()
#5 C:\xampp\htdocs\projects\education-management\system\CodeIgniter.php(432): CodeIgniter\CodeIgniter->runController(Object(App\Controllers\Admin\ContentPages\ContentPages))
#6 C:\xampp\htdocs\projects\education-management\system\CodeIgniter.php(333): CodeIgniter\CodeIgniter->handleRequest(NULL, Object(Config\Cache), false)
#7 C:\xampp\htdocs\projects\education-management\index.php(44): CodeIgniter\CodeIgniter->run()
#8 {main}
CRITICAL - 2021-05-10 02:28:37 --> Class 'App\Models\Admin\ContentPagesModel' not found
#0 C:\xampp\htdocs\projects\education-management\system\CodeIgniter.php(908): App\Controllers\Admin\ContentPages\ContentPages->__construct()
#1 C:\xampp\htdocs\projects\education-management\system\CodeIgniter.php(422): CodeIgniter\CodeIgniter->createController()
#2 C:\xampp\htdocs\projects\education-management\system\CodeIgniter.php(333): CodeIgniter\CodeIgniter->handleRequest(NULL, Object(Config\Cache), false)
#3 C:\xampp\htdocs\projects\education-management\index.php(44): CodeIgniter\CodeIgniter->run()
#4 {main}
CRITICAL - 2021-05-10 02:29:21 --> Class 'App\Models\Admin\ContentPagesModel' not found
#0 C:\xampp\htdocs\projects\education-management\system\CodeIgniter.php(908): App\Controllers\Admin\ContentPages\ContentPages->__construct()
#1 C:\xampp\htdocs\projects\education-management\system\CodeIgniter.php(422): CodeIgniter\CodeIgniter->createController()
#2 C:\xampp\htdocs\projects\education-management\system\CodeIgniter.php(333): CodeIgniter\CodeIgniter->handleRequest(NULL, Object(Config\Cache), false)
#3 C:\xampp\htdocs\projects\education-management\index.php(44): CodeIgniter\CodeIgniter->run()
#4 {main}
CRITICAL - 2021-05-10 02:29:22 --> Class 'App\Models\Admin\ContentPagesModel' not found
#0 C:\xampp\htdocs\projects\education-management\system\CodeIgniter.php(908): App\Controllers\Admin\ContentPages\ContentPages->__construct()
#1 C:\xampp\htdocs\projects\education-management\system\CodeIgniter.php(422): CodeIgniter\CodeIgniter->createController()
#2 C:\xampp\htdocs\projects\education-management\system\CodeIgniter.php(333): CodeIgniter\CodeIgniter->handleRequest(NULL, Object(Config\Cache), false)
#3 C:\xampp\htdocs\projects\education-management\index.php(44): CodeIgniter\CodeIgniter->run()
#4 {main}
CRITICAL - 2021-05-10 02:29:22 --> Class 'App\Models\Admin\ContentPagesModel' not found
#0 C:\xampp\htdocs\projects\education-management\system\CodeIgniter.php(908): App\Controllers\Admin\ContentPages\ContentPages->__construct()
#1 C:\xampp\htdocs\projects\education-management\system\CodeIgniter.php(422): CodeIgniter\CodeIgniter->createController()
#2 C:\xampp\htdocs\projects\education-management\system\CodeIgniter.php(333): CodeIgniter\CodeIgniter->handleRequest(NULL, Object(Config\Cache), false)
#3 C:\xampp\htdocs\projects\education-management\index.php(44): CodeIgniter\CodeIgniter->run()
#4 {main}
CRITICAL - 2021-05-10 02:29:23 --> Class 'App\Models\Admin\ContentPagesModel' not found
#0 C:\xampp\htdocs\projects\education-management\system\CodeIgniter.php(908): App\Controllers\Admin\ContentPages\ContentPages->__construct()
#1 C:\xampp\htdocs\projects\education-management\system\CodeIgniter.php(422): CodeIgniter\CodeIgniter->createController()
#2 C:\xampp\htdocs\projects\education-management\system\CodeIgniter.php(333): CodeIgniter\CodeIgniter->handleRequest(NULL, Object(Config\Cache), false)
#3 C:\xampp\htdocs\projects\education-management\index.php(44): CodeIgniter\CodeIgniter->run()
#4 {main}
CRITICAL - 2021-05-10 02:29:23 --> Class 'App\Models\Admin\ContentPagesModel' not found
#0 C:\xampp\htdocs\projects\education-management\system\CodeIgniter.php(908): App\Controllers\Admin\ContentPages\ContentPages->__construct()
#1 C:\xampp\htdocs\projects\education-management\system\CodeIgniter.php(422): CodeIgniter\CodeIgniter->createController()
#2 C:\xampp\htdocs\projects\education-management\system\CodeIgniter.php(333): CodeIgniter\CodeIgniter->handleRequest(NULL, Object(Config\Cache), false)
#3 C:\xampp\htdocs\projects\education-management\index.php(44): CodeIgniter\CodeIgniter->run()
#4 {main}
