CRITICAL - 2022-09-20 10:47:46 --> Use of undefined constant Edit - assumed 'Edit' (this will throw an Error in a future version of PHP)
#0 C:\xampp\htdocs\projects\student-exam\app\Views\Admin\masters\classes\classes-list.php(59): CodeIgniter\Debug\Exceptions->errorHandler(2, 'Use of undefine...', 'C:\\xampp\\htdocs...', 59, Array)
#1 C:\xampp\htdocs\projects\student-exam\system\View\View.php(220): include('C:\\xampp\\htdocs...')
#2 C:\xampp\htdocs\projects\student-exam\system\View\View.php(222): CodeIgniter\View\View->CodeIgniter\View\{closure}()
#3 C:\xampp\htdocs\projects\student-exam\system\Common.php(1217): CodeIgniter\View\View->render('Admin/masters/c...', Array, true)
#4 C:\xampp\htdocs\projects\student-exam\app\Controllers\BaseController.php(110): view('Admin/masters/c...', Array)
#5 C:\xampp\htdocs\projects\student-exam\app\Controllers\Admin\Masters\Classes.php(22): App\Controllers\BaseController->loadtemplateadmin('Admin/masters/c...', Array)
#6 C:\xampp\htdocs\projects\student-exam\system\CodeIgniter.php(936): App\Controllers\Admin\Masters\Classes->classes_list()
#7 C:\xampp\htdocs\projects\student-exam\system\CodeIgniter.php(432): CodeIgniter\CodeIgniter->runController(Object(App\Controllers\Admin\Masters\Classes))
#8 C:\xampp\htdocs\projects\student-exam\system\CodeIgniter.php(333): CodeIgniter\CodeIgniter->handleRequest(NULL, Object(Config\Cache), false)
#9 C:\xampp\htdocs\projects\student-exam\index.php(44): CodeIgniter\CodeIgniter->run()
#10 {main}
CRITICAL - 2022-09-20 10:47:55 --> syntax error, unexpected '?>'
#0 C:\xampp\htdocs\projects\student-exam\system\View\View.php(222): CodeIgniter\View\View->CodeIgniter\View\{closure}()
#1 C:\xampp\htdocs\projects\student-exam\system\Common.php(1217): CodeIgniter\View\View->render('Admin/masters/c...', Array, true)
#2 C:\xampp\htdocs\projects\student-exam\app\Controllers\BaseController.php(110): view('Admin/masters/c...', Array)
#3 C:\xampp\htdocs\projects\student-exam\app\Controllers\Admin\Masters\Classes.php(22): App\Controllers\BaseController->loadtemplateadmin('Admin/masters/c...', Array)
#4 C:\xampp\htdocs\projects\student-exam\system\CodeIgniter.php(936): App\Controllers\Admin\Masters\Classes->classes_list()
#5 C:\xampp\htdocs\projects\student-exam\system\CodeIgniter.php(432): CodeIgniter\CodeIgniter->runController(Object(App\Controllers\Admin\Masters\Classes))
#6 C:\xampp\htdocs\projects\student-exam\system\CodeIgniter.php(333): CodeIgniter\CodeIgniter->handleRequest(NULL, Object(Config\Cache), false)
#7 C:\xampp\htdocs\projects\student-exam\index.php(44): CodeIgniter\CodeIgniter->run()
#8 {main}
CRITICAL - 2022-09-20 10:47:56 --> syntax error, unexpected '?>'
#0 C:\xampp\htdocs\projects\student-exam\system\View\View.php(222): CodeIgniter\View\View->CodeIgniter\View\{closure}()
#1 C:\xampp\htdocs\projects\student-exam\system\Common.php(1217): CodeIgniter\View\View->render('Admin/masters/c...', Array, true)
#2 C:\xampp\htdocs\projects\student-exam\app\Controllers\BaseController.php(110): view('Admin/masters/c...', Array)
#3 C:\xampp\htdocs\projects\student-exam\app\Controllers\Admin\Masters\Classes.php(22): App\Controllers\BaseController->loadtemplateadmin('Admin/masters/c...', Array)
#4 C:\xampp\htdocs\projects\student-exam\system\CodeIgniter.php(936): App\Controllers\Admin\Masters\Classes->classes_list()
#5 C:\xampp\htdocs\projects\student-exam\system\CodeIgniter.php(432): CodeIgniter\CodeIgniter->runController(Object(App\Controllers\Admin\Masters\Classes))
#6 C:\xampp\htdocs\projects\student-exam\system\CodeIgniter.php(333): CodeIgniter\CodeIgniter->handleRequest(NULL, Object(Config\Cache), false)
#7 C:\xampp\htdocs\projects\student-exam\index.php(44): CodeIgniter\CodeIgniter->run()
#8 {main}
CRITICAL - 2022-09-20 10:48:12 --> syntax error, unexpected '?>'
#0 C:\xampp\htdocs\projects\student-exam\system\View\View.php(222): CodeIgniter\View\View->CodeIgniter\View\{closure}()
#1 C:\xampp\htdocs\projects\student-exam\system\Common.php(1217): CodeIgniter\View\View->render('Admin/masters/c...', Array, true)
#2 C:\xampp\htdocs\projects\student-exam\app\Controllers\BaseController.php(110): view('Admin/masters/c...', Array)
#3 C:\xampp\htdocs\projects\student-exam\app\Controllers\Admin\Masters\Classes.php(22): App\Controllers\BaseController->loadtemplateadmin('Admin/masters/c...', Array)
#4 C:\xampp\htdocs\projects\student-exam\system\CodeIgniter.php(936): App\Controllers\Admin\Masters\Classes->classes_list()
#5 C:\xampp\htdocs\projects\student-exam\system\CodeIgniter.php(432): CodeIgniter\CodeIgniter->runController(Object(App\Controllers\Admin\Masters\Classes))
#6 C:\xampp\htdocs\projects\student-exam\system\CodeIgniter.php(333): CodeIgniter\CodeIgniter->handleRequest(NULL, Object(Config\Cache), false)
#7 C:\xampp\htdocs\projects\student-exam\index.php(44): CodeIgniter\CodeIgniter->run()
#8 {main}
CRITICAL - 2022-09-20 10:48:13 --> syntax error, unexpected '?>'
#0 C:\xampp\htdocs\projects\student-exam\system\View\View.php(222): CodeIgniter\View\View->CodeIgniter\View\{closure}()
#1 C:\xampp\htdocs\projects\student-exam\system\Common.php(1217): CodeIgniter\View\View->render('Admin/masters/c...', Array, true)
#2 C:\xampp\htdocs\projects\student-exam\app\Controllers\BaseController.php(110): view('Admin/masters/c...', Array)
#3 C:\xampp\htdocs\projects\student-exam\app\Controllers\Admin\Masters\Classes.php(22): App\Controllers\BaseController->loadtemplateadmin('Admin/masters/c...', Array)
#4 C:\xampp\htdocs\projects\student-exam\system\CodeIgniter.php(936): App\Controllers\Admin\Masters\Classes->classes_list()
#5 C:\xampp\htdocs\projects\student-exam\system\CodeIgniter.php(432): CodeIgniter\CodeIgniter->runController(Object(App\Controllers\Admin\Masters\Classes))
#6 C:\xampp\htdocs\projects\student-exam\system\CodeIgniter.php(333): CodeIgniter\CodeIgniter->handleRequest(NULL, Object(Config\Cache), false)
#7 C:\xampp\htdocs\projects\student-exam\index.php(44): CodeIgniter\CodeIgniter->run()
#8 {main}
CRITICAL - 2022-09-20 10:48:14 --> syntax error, unexpected '?>'
#0 C:\xampp\htdocs\projects\student-exam\system\View\View.php(222): CodeIgniter\View\View->CodeIgniter\View\{closure}()
#1 C:\xampp\htdocs\projects\student-exam\system\Common.php(1217): CodeIgniter\View\View->render('Admin/masters/c...', Array, true)
#2 C:\xampp\htdocs\projects\student-exam\app\Controllers\BaseController.php(110): view('Admin/masters/c...', Array)
#3 C:\xampp\htdocs\projects\student-exam\app\Controllers\Admin\Masters\Classes.php(22): App\Controllers\BaseController->loadtemplateadmin('Admin/masters/c...', Array)
#4 C:\xampp\htdocs\projects\student-exam\system\CodeIgniter.php(936): App\Controllers\Admin\Masters\Classes->classes_list()
#5 C:\xampp\htdocs\projects\student-exam\system\CodeIgniter.php(432): CodeIgniter\CodeIgniter->runController(Object(App\Controllers\Admin\Masters\Classes))
#6 C:\xampp\htdocs\projects\student-exam\system\CodeIgniter.php(333): CodeIgniter\CodeIgniter->handleRequest(NULL, Object(Config\Cache), false)
#7 C:\xampp\htdocs\projects\student-exam\index.php(44): CodeIgniter\CodeIgniter->run()
#8 {main}
CRITICAL - 2022-09-20 10:48:29 --> Use of undefined constant Edit - assumed 'Edit' (this will throw an Error in a future version of PHP)
#0 C:\xampp\htdocs\projects\student-exam\app\Views\Admin\masters\classes\classes-list.php(59): CodeIgniter\Debug\Exceptions->errorHandler(2, 'Use of undefine...', 'C:\\xampp\\htdocs...', 59, Array)
#1 C:\xampp\htdocs\projects\student-exam\system\View\View.php(220): include('C:\\xampp\\htdocs...')
#2 C:\xampp\htdocs\projects\student-exam\system\View\View.php(222): CodeIgniter\View\View->CodeIgniter\View\{closure}()
#3 C:\xampp\htdocs\projects\student-exam\system\Common.php(1217): CodeIgniter\View\View->render('Admin/masters/c...', Array, true)
#4 C:\xampp\htdocs\projects\student-exam\app\Controllers\BaseController.php(110): view('Admin/masters/c...', Array)
#5 C:\xampp\htdocs\projects\student-exam\app\Controllers\Admin\Masters\Classes.php(22): App\Controllers\BaseController->loadtemplateadmin('Admin/masters/c...', Array)
#6 C:\xampp\htdocs\projects\student-exam\system\CodeIgniter.php(936): App\Controllers\Admin\Masters\Classes->classes_list()
#7 C:\xampp\htdocs\projects\student-exam\system\CodeIgniter.php(432): CodeIgniter\CodeIgniter->runController(Object(App\Controllers\Admin\Masters\Classes))
#8 C:\xampp\htdocs\projects\student-exam\system\CodeIgniter.php(333): CodeIgniter\CodeIgniter->handleRequest(NULL, Object(Config\Cache), false)
#9 C:\xampp\htdocs\projects\student-exam\index.php(44): CodeIgniter\CodeIgniter->run()
#10 {main}
CRITICAL - 2022-09-20 10:48:30 --> Use of undefined constant Edit - assumed 'Edit' (this will throw an Error in a future version of PHP)
#0 C:\xampp\htdocs\projects\student-exam\app\Views\Admin\masters\classes\classes-list.php(59): CodeIgniter\Debug\Exceptions->errorHandler(2, 'Use of undefine...', 'C:\\xampp\\htdocs...', 59, Array)
#1 C:\xampp\htdocs\projects\student-exam\system\View\View.php(220): include('C:\\xampp\\htdocs...')
#2 C:\xampp\htdocs\projects\student-exam\system\View\View.php(222): CodeIgniter\View\View->CodeIgniter\View\{closure}()
#3 C:\xampp\htdocs\projects\student-exam\system\Common.php(1217): CodeIgniter\View\View->render('Admin/masters/c...', Array, true)
#4 C:\xampp\htdocs\projects\student-exam\app\Controllers\BaseController.php(110): view('Admin/masters/c...', Array)
#5 C:\xampp\htdocs\projects\student-exam\app\Controllers\Admin\Masters\Classes.php(22): App\Controllers\BaseController->loadtemplateadmin('Admin/masters/c...', Array)
#6 C:\xampp\htdocs\projects\student-exam\system\CodeIgniter.php(936): App\Controllers\Admin\Masters\Classes->classes_list()
#7 C:\xampp\htdocs\projects\student-exam\system\CodeIgniter.php(432): CodeIgniter\CodeIgniter->runController(Object(App\Controllers\Admin\Masters\Classes))
#8 C:\xampp\htdocs\projects\student-exam\system\CodeIgniter.php(333): CodeIgniter\CodeIgniter->handleRequest(NULL, Object(Config\Cache), false)
#9 C:\xampp\htdocs\projects\student-exam\index.php(44): CodeIgniter\CodeIgniter->run()
#10 {main}
CRITICAL - 2022-09-20 10:49:38 --> Use of undefined constant Edit - assumed 'Edit' (this will throw an Error in a future version of PHP)
#0 C:\xampp\htdocs\projects\student-exam\app\Views\Admin\masters\classes\classes-list.php(59): CodeIgniter\Debug\Exceptions->errorHandler(2, 'Use of undefine...', 'C:\\xampp\\htdocs...', 59, Array)
#1 C:\xampp\htdocs\projects\student-exam\system\View\View.php(220): include('C:\\xampp\\htdocs...')
#2 C:\xampp\htdocs\projects\student-exam\system\View\View.php(222): CodeIgniter\View\View->CodeIgniter\View\{closure}()
#3 C:\xampp\htdocs\projects\student-exam\system\Common.php(1217): CodeIgniter\View\View->render('Admin/masters/c...', Array, true)
#4 C:\xampp\htdocs\projects\student-exam\app\Controllers\BaseController.php(110): view('Admin/masters/c...', Array)
#5 C:\xampp\htdocs\projects\student-exam\app\Controllers\Admin\Masters\Classes.php(22): App\Controllers\BaseController->loadtemplateadmin('Admin/masters/c...', Array)
#6 C:\xampp\htdocs\projects\student-exam\system\CodeIgniter.php(936): App\Controllers\Admin\Masters\Classes->classes_list()
#7 C:\xampp\htdocs\projects\student-exam\system\CodeIgniter.php(432): CodeIgniter\CodeIgniter->runController(Object(App\Controllers\Admin\Masters\Classes))
#8 C:\xampp\htdocs\projects\student-exam\system\CodeIgniter.php(333): CodeIgniter\CodeIgniter->handleRequest(NULL, Object(Config\Cache), false)
#9 C:\xampp\htdocs\projects\student-exam\index.php(44): CodeIgniter\CodeIgniter->run()
#10 {main}
ERROR - 2022-09-20 20:12:04 --> Error connecting to the database: No connection could be made because the target machine actively refused it.

CRITICAL - 2022-09-20 20:12:04 --> Unable to connect to the database.
#0 C:\xampp\htdocs\projects\student-exam\system\Database\BaseConnection.php(618): CodeIgniter\Database\BaseConnection->initialize()
#1 C:\xampp\htdocs\projects\student-exam\app\Models\Admin\SettingsModel.php(11): CodeIgniter\Database\BaseConnection->query('SELECT * FROM s...')
#2 C:\xampp\htdocs\projects\student-exam\app\Controllers\BaseController.php(59): App\Models\Admin\SettingsModel->get_site_details()
#3 C:\xampp\htdocs\projects\student-exam\system\CodeIgniter.php(909): App\Controllers\BaseController->initController(Object(CodeIgniter\HTTP\IncomingRequest), Object(CodeIgniter\HTTP\Response), Object(CodeIgniter\Log\Logger))
#4 C:\xampp\htdocs\projects\student-exam\system\CodeIgniter.php(422): CodeIgniter\CodeIgniter->createController()
#5 C:\xampp\htdocs\projects\student-exam\system\CodeIgniter.php(333): CodeIgniter\CodeIgniter->handleRequest(NULL, Object(Config\Cache), false)
#6 C:\xampp\htdocs\projects\student-exam\index.php(44): CodeIgniter\CodeIgniter->run()
#7 {main}
CRITICAL - 2022-09-20 21:44:15 --> Use of undefined constant base_url - assumed 'base_url' (this will throw an Error in a future version of PHP)
#0 C:\xampp\htdocs\projects\student-exam\app\Views\Admin\masters\classes\classes-list.php(59): CodeIgniter\Debug\Exceptions->errorHandler(2, 'Use of undefine...', 'C:\\xampp\\htdocs...', 59, Array)
#1 C:\xampp\htdocs\projects\student-exam\system\View\View.php(220): include('C:\\xampp\\htdocs...')
#2 C:\xampp\htdocs\projects\student-exam\system\View\View.php(222): CodeIgniter\View\View->CodeIgniter\View\{closure}()
#3 C:\xampp\htdocs\projects\student-exam\system\Common.php(1217): CodeIgniter\View\View->render('Admin/masters/c...', Array, true)
#4 C:\xampp\htdocs\projects\student-exam\app\Controllers\BaseController.php(110): view('Admin/masters/c...', Array)
#5 C:\xampp\htdocs\projects\student-exam\app\Controllers\Admin\Masters\Classes.php(22): App\Controllers\BaseController->loadtemplateadmin('Admin/masters/c...', Array)
#6 C:\xampp\htdocs\projects\student-exam\system\CodeIgniter.php(936): App\Controllers\Admin\Masters\Classes->classes_list()
#7 C:\xampp\htdocs\projects\student-exam\system\CodeIgniter.php(432): CodeIgniter\CodeIgniter->runController(Object(App\Controllers\Admin\Masters\Classes))
#8 C:\xampp\htdocs\projects\student-exam\system\CodeIgniter.php(333): CodeIgniter\CodeIgniter->handleRequest(NULL, Object(Config\Cache), false)
#9 C:\xampp\htdocs\projects\student-exam\index.php(44): CodeIgniter\CodeIgniter->run()
#10 {main}
CRITICAL - 2022-09-20 21:44:17 --> Use of undefined constant base_url - assumed 'base_url' (this will throw an Error in a future version of PHP)
#0 C:\xampp\htdocs\projects\student-exam\app\Views\Admin\masters\classes\classes-list.php(59): CodeIgniter\Debug\Exceptions->errorHandler(2, 'Use of undefine...', 'C:\\xampp\\htdocs...', 59, Array)
#1 C:\xampp\htdocs\projects\student-exam\system\View\View.php(220): include('C:\\xampp\\htdocs...')
#2 C:\xampp\htdocs\projects\student-exam\system\View\View.php(222): CodeIgniter\View\View->CodeIgniter\View\{closure}()
#3 C:\xampp\htdocs\projects\student-exam\system\Common.php(1217): CodeIgniter\View\View->render('Admin/masters/c...', Array, true)
#4 C:\xampp\htdocs\projects\student-exam\app\Controllers\BaseController.php(110): view('Admin/masters/c...', Array)
#5 C:\xampp\htdocs\projects\student-exam\app\Controllers\Admin\Masters\Classes.php(22): App\Controllers\BaseController->loadtemplateadmin('Admin/masters/c...', Array)
#6 C:\xampp\htdocs\projects\student-exam\system\CodeIgniter.php(936): App\Controllers\Admin\Masters\Classes->classes_list()
#7 C:\xampp\htdocs\projects\student-exam\system\CodeIgniter.php(432): CodeIgniter\CodeIgniter->runController(Object(App\Controllers\Admin\Masters\Classes))
#8 C:\xampp\htdocs\projects\student-exam\system\CodeIgniter.php(333): CodeIgniter\CodeIgniter->handleRequest(NULL, Object(Config\Cache), false)
#9 C:\xampp\htdocs\projects\student-exam\index.php(44): CodeIgniter\CodeIgniter->run()
#10 {main}
CRITICAL - 2022-09-20 21:44:18 --> Use of undefined constant base_url - assumed 'base_url' (this will throw an Error in a future version of PHP)
#0 C:\xampp\htdocs\projects\student-exam\app\Views\Admin\masters\classes\classes-list.php(59): CodeIgniter\Debug\Exceptions->errorHandler(2, 'Use of undefine...', 'C:\\xampp\\htdocs...', 59, Array)
#1 C:\xampp\htdocs\projects\student-exam\system\View\View.php(220): include('C:\\xampp\\htdocs...')
#2 C:\xampp\htdocs\projects\student-exam\system\View\View.php(222): CodeIgniter\View\View->CodeIgniter\View\{closure}()
#3 C:\xampp\htdocs\projects\student-exam\system\Common.php(1217): CodeIgniter\View\View->render('Admin/masters/c...', Array, true)
#4 C:\xampp\htdocs\projects\student-exam\app\Controllers\BaseController.php(110): view('Admin/masters/c...', Array)
#5 C:\xampp\htdocs\projects\student-exam\app\Controllers\Admin\Masters\Classes.php(22): App\Controllers\BaseController->loadtemplateadmin('Admin/masters/c...', Array)
#6 C:\xampp\htdocs\projects\student-exam\system\CodeIgniter.php(936): App\Controllers\Admin\Masters\Classes->classes_list()
#7 C:\xampp\htdocs\projects\student-exam\system\CodeIgniter.php(432): CodeIgniter\CodeIgniter->runController(Object(App\Controllers\Admin\Masters\Classes))
#8 C:\xampp\htdocs\projects\student-exam\system\CodeIgniter.php(333): CodeIgniter\CodeIgniter->handleRequest(NULL, Object(Config\Cache), false)
#9 C:\xampp\htdocs\projects\student-exam\index.php(44): CodeIgniter\CodeIgniter->run()
#10 {main}
CRITICAL - 2022-09-20 21:44:20 --> Use of undefined constant base_url - assumed 'base_url' (this will throw an Error in a future version of PHP)
#0 C:\xampp\htdocs\projects\student-exam\app\Views\Admin\masters\classes\classes-list.php(59): CodeIgniter\Debug\Exceptions->errorHandler(2, 'Use of undefine...', 'C:\\xampp\\htdocs...', 59, Array)
#1 C:\xampp\htdocs\projects\student-exam\system\View\View.php(220): include('C:\\xampp\\htdocs...')
#2 C:\xampp\htdocs\projects\student-exam\system\View\View.php(222): CodeIgniter\View\View->CodeIgniter\View\{closure}()
#3 C:\xampp\htdocs\projects\student-exam\system\Common.php(1217): CodeIgniter\View\View->render('Admin/masters/c...', Array, true)
#4 C:\xampp\htdocs\projects\student-exam\app\Controllers\BaseController.php(110): view('Admin/masters/c...', Array)
#5 C:\xampp\htdocs\projects\student-exam\app\Controllers\Admin\Masters\Classes.php(22): App\Controllers\BaseController->loadtemplateadmin('Admin/masters/c...', Array)
#6 C:\xampp\htdocs\projects\student-exam\system\CodeIgniter.php(936): App\Controllers\Admin\Masters\Classes->classes_list()
#7 C:\xampp\htdocs\projects\student-exam\system\CodeIgniter.php(432): CodeIgniter\CodeIgniter->runController(Object(App\Controllers\Admin\Masters\Classes))
#8 C:\xampp\htdocs\projects\student-exam\system\CodeIgniter.php(333): CodeIgniter\CodeIgniter->handleRequest(NULL, Object(Config\Cache), false)
#9 C:\xampp\htdocs\projects\student-exam\index.php(44): CodeIgniter\CodeIgniter->run()
#10 {main}
CRITICAL - 2022-09-20 21:44:32 --> Use of undefined constant base_url - assumed 'base_url' (this will throw an Error in a future version of PHP)
#0 C:\xampp\htdocs\projects\student-exam\app\Views\Admin\masters\classes\classes-list.php(59): CodeIgniter\Debug\Exceptions->errorHandler(2, 'Use of undefine...', 'C:\\xampp\\htdocs...', 59, Array)
#1 C:\xampp\htdocs\projects\student-exam\system\View\View.php(220): include('C:\\xampp\\htdocs...')
#2 C:\xampp\htdocs\projects\student-exam\system\View\View.php(222): CodeIgniter\View\View->CodeIgniter\View\{closure}()
#3 C:\xampp\htdocs\projects\student-exam\system\Common.php(1217): CodeIgniter\View\View->render('Admin/masters/c...', Array, true)
#4 C:\xampp\htdocs\projects\student-exam\app\Controllers\BaseController.php(110): view('Admin/masters/c...', Array)
#5 C:\xampp\htdocs\projects\student-exam\app\Controllers\Admin\Masters\Classes.php(22): App\Controllers\BaseController->loadtemplateadmin('Admin/masters/c...', Array)
#6 C:\xampp\htdocs\projects\student-exam\system\CodeIgniter.php(936): App\Controllers\Admin\Masters\Classes->classes_list()
#7 C:\xampp\htdocs\projects\student-exam\system\CodeIgniter.php(432): CodeIgniter\CodeIgniter->runController(Object(App\Controllers\Admin\Masters\Classes))
#8 C:\xampp\htdocs\projects\student-exam\system\CodeIgniter.php(333): CodeIgniter\CodeIgniter->handleRequest(NULL, Object(Config\Cache), false)
#9 C:\xampp\htdocs\projects\student-exam\index.php(44): CodeIgniter\CodeIgniter->run()
#10 {main}
CRITICAL - 2022-09-20 21:44:34 --> Use of undefined constant base_url - assumed 'base_url' (this will throw an Error in a future version of PHP)
#0 C:\xampp\htdocs\projects\student-exam\app\Views\Admin\masters\classes\classes-list.php(59): CodeIgniter\Debug\Exceptions->errorHandler(2, 'Use of undefine...', 'C:\\xampp\\htdocs...', 59, Array)
#1 C:\xampp\htdocs\projects\student-exam\system\View\View.php(220): include('C:\\xampp\\htdocs...')
#2 C:\xampp\htdocs\projects\student-exam\system\View\View.php(222): CodeIgniter\View\View->CodeIgniter\View\{closure}()
#3 C:\xampp\htdocs\projects\student-exam\system\Common.php(1217): CodeIgniter\View\View->render('Admin/masters/c...', Array, true)
#4 C:\xampp\htdocs\projects\student-exam\app\Controllers\BaseController.php(110): view('Admin/masters/c...', Array)
#5 C:\xampp\htdocs\projects\student-exam\app\Controllers\Admin\Masters\Classes.php(22): App\Controllers\BaseController->loadtemplateadmin('Admin/masters/c...', Array)
#6 C:\xampp\htdocs\projects\student-exam\system\CodeIgniter.php(936): App\Controllers\Admin\Masters\Classes->classes_list()
#7 C:\xampp\htdocs\projects\student-exam\system\CodeIgniter.php(432): CodeIgniter\CodeIgniter->runController(Object(App\Controllers\Admin\Masters\Classes))
#8 C:\xampp\htdocs\projects\student-exam\system\CodeIgniter.php(333): CodeIgniter\CodeIgniter->handleRequest(NULL, Object(Config\Cache), false)
#9 C:\xampp\htdocs\projects\student-exam\index.php(44): CodeIgniter\CodeIgniter->run()
#10 {main}
CRITICAL - 2022-09-20 21:45:02 --> Use of undefined constant base_url - assumed 'base_url' (this will throw an Error in a future version of PHP)
#0 C:\xampp\htdocs\projects\student-exam\app\Views\Admin\masters\classes\classes-list.php(59): CodeIgniter\Debug\Exceptions->errorHandler(2, 'Use of undefine...', 'C:\\xampp\\htdocs...', 59, Array)
#1 C:\xampp\htdocs\projects\student-exam\system\View\View.php(220): include('C:\\xampp\\htdocs...')
#2 C:\xampp\htdocs\projects\student-exam\system\View\View.php(222): CodeIgniter\View\View->CodeIgniter\View\{closure}()
#3 C:\xampp\htdocs\projects\student-exam\system\Common.php(1217): CodeIgniter\View\View->render('Admin/masters/c...', Array, true)
#4 C:\xampp\htdocs\projects\student-exam\app\Controllers\BaseController.php(110): view('Admin/masters/c...', Array)
#5 C:\xampp\htdocs\projects\student-exam\app\Controllers\Admin\Masters\Classes.php(22): App\Controllers\BaseController->loadtemplateadmin('Admin/masters/c...', Array)
#6 C:\xampp\htdocs\projects\student-exam\system\CodeIgniter.php(936): App\Controllers\Admin\Masters\Classes->classes_list()
#7 C:\xampp\htdocs\projects\student-exam\system\CodeIgniter.php(432): CodeIgniter\CodeIgniter->runController(Object(App\Controllers\Admin\Masters\Classes))
#8 C:\xampp\htdocs\projects\student-exam\system\CodeIgniter.php(333): CodeIgniter\CodeIgniter->handleRequest(NULL, Object(Config\Cache), false)
#9 C:\xampp\htdocs\projects\student-exam\index.php(44): CodeIgniter\CodeIgniter->run()
#10 {main}
CRITICAL - 2022-09-20 11:26:36 --> syntax error, unexpected '>'
#0 C:\xampp\htdocs\projects\student-exam\system\Autoloader\Autoloader.php(265): CodeIgniter\Autoloader\Autoloader->includeFile('C:\\xampp\\htdocs...')
#1 C:\xampp\htdocs\projects\student-exam\system\Autoloader\Autoloader.php(228): CodeIgniter\Autoloader\Autoloader->loadInNamespace('App\\Controllers...')
#2 [internal function]: CodeIgniter\Autoloader\Autoloader->loadClass('App\\Controllers...')
#3 [internal function]: spl_autoload_call('App\\Controllers...')
#4 C:\xampp\htdocs\projects\student-exam\system\CodeIgniter.php(893): class_exists('\\App\\Controller...', true)
#5 C:\xampp\htdocs\projects\student-exam\system\CodeIgniter.php(417): CodeIgniter\CodeIgniter->startController()
#6 C:\xampp\htdocs\projects\student-exam\system\CodeIgniter.php(333): CodeIgniter\CodeIgniter->handleRequest(NULL, Object(Config\Cache), false)
#7 C:\xampp\htdocs\projects\student-exam\index.php(44): CodeIgniter\CodeIgniter->run()
#8 {main}
CRITICAL - 2022-09-20 11:26:37 --> syntax error, unexpected '>'
#0 C:\xampp\htdocs\projects\student-exam\system\Autoloader\Autoloader.php(265): CodeIgniter\Autoloader\Autoloader->includeFile('C:\\xampp\\htdocs...')
#1 C:\xampp\htdocs\projects\student-exam\system\Autoloader\Autoloader.php(228): CodeIgniter\Autoloader\Autoloader->loadInNamespace('App\\Controllers...')
#2 [internal function]: CodeIgniter\Autoloader\Autoloader->loadClass('App\\Controllers...')
#3 [internal function]: spl_autoload_call('App\\Controllers...')
#4 C:\xampp\htdocs\projects\student-exam\system\CodeIgniter.php(893): class_exists('\\App\\Controller...', true)
#5 C:\xampp\htdocs\projects\student-exam\system\CodeIgniter.php(417): CodeIgniter\CodeIgniter->startController()
#6 C:\xampp\htdocs\projects\student-exam\system\CodeIgniter.php(333): CodeIgniter\CodeIgniter->handleRequest(NULL, Object(Config\Cache), false)
#7 C:\xampp\htdocs\projects\student-exam\index.php(44): CodeIgniter\CodeIgniter->run()
#8 {main}
CRITICAL - 2022-09-20 11:26:57 --> syntax error, unexpected '$data' (T_VARIABLE)
#0 C:\xampp\htdocs\projects\student-exam\system\Autoloader\Autoloader.php(265): CodeIgniter\Autoloader\Autoloader->includeFile('C:\\xampp\\htdocs...')
#1 C:\xampp\htdocs\projects\student-exam\system\Autoloader\Autoloader.php(228): CodeIgniter\Autoloader\Autoloader->loadInNamespace('App\\Controllers...')
#2 [internal function]: CodeIgniter\Autoloader\Autoloader->loadClass('App\\Controllers...')
#3 [internal function]: spl_autoload_call('App\\Controllers...')
#4 C:\xampp\htdocs\projects\student-exam\system\CodeIgniter.php(893): class_exists('\\App\\Controller...', true)
#5 C:\xampp\htdocs\projects\student-exam\system\CodeIgniter.php(417): CodeIgniter\CodeIgniter->startController()
#6 C:\xampp\htdocs\projects\student-exam\system\CodeIgniter.php(333): CodeIgniter\CodeIgniter->handleRequest(NULL, Object(Config\Cache), false)
#7 C:\xampp\htdocs\projects\student-exam\index.php(44): CodeIgniter\CodeIgniter->run()
#8 {main}
CRITICAL - 2022-09-20 11:27:21 --> syntax error, unexpected '$data' (T_VARIABLE)
#0 C:\xampp\htdocs\projects\student-exam\system\Autoloader\Autoloader.php(265): CodeIgniter\Autoloader\Autoloader->includeFile('C:\\xampp\\htdocs...')
#1 C:\xampp\htdocs\projects\student-exam\system\Autoloader\Autoloader.php(228): CodeIgniter\Autoloader\Autoloader->loadInNamespace('App\\Controllers...')
#2 [internal function]: CodeIgniter\Autoloader\Autoloader->loadClass('App\\Controllers...')
#3 [internal function]: spl_autoload_call('App\\Controllers...')
#4 C:\xampp\htdocs\projects\student-exam\system\CodeIgniter.php(893): class_exists('\\App\\Controller...', true)
#5 C:\xampp\htdocs\projects\student-exam\system\CodeIgniter.php(417): CodeIgniter\CodeIgniter->startController()
#6 C:\xampp\htdocs\projects\student-exam\system\CodeIgniter.php(333): CodeIgniter\CodeIgniter->handleRequest(NULL, Object(Config\Cache), false)
#7 C:\xampp\htdocs\projects\student-exam\index.php(44): CodeIgniter\CodeIgniter->run()
#8 {main}
CRITICAL - 2022-09-20 11:27:22 --> syntax error, unexpected '$data' (T_VARIABLE)
#0 C:\xampp\htdocs\projects\student-exam\system\Autoloader\Autoloader.php(265): CodeIgniter\Autoloader\Autoloader->includeFile('C:\\xampp\\htdocs...')
#1 C:\xampp\htdocs\projects\student-exam\system\Autoloader\Autoloader.php(228): CodeIgniter\Autoloader\Autoloader->loadInNamespace('App\\Controllers...')
#2 [internal function]: CodeIgniter\Autoloader\Autoloader->loadClass('App\\Controllers...')
#3 [internal function]: spl_autoload_call('App\\Controllers...')
#4 C:\xampp\htdocs\projects\student-exam\system\CodeIgniter.php(893): class_exists('\\App\\Controller...', true)
#5 C:\xampp\htdocs\projects\student-exam\system\CodeIgniter.php(417): CodeIgniter\CodeIgniter->startController()
#6 C:\xampp\htdocs\projects\student-exam\system\CodeIgniter.php(333): CodeIgniter\CodeIgniter->handleRequest(NULL, Object(Config\Cache), false)
#7 C:\xampp\htdocs\projects\student-exam\index.php(44): CodeIgniter\CodeIgniter->run()
#8 {main}
