ERROR - 2022-09-26 16:26:51 --> Error connecting to the database: Access denied for user '****'@'localhost' (using password: NO)
CRITICAL - 2022-09-26 16:26:51 --> Unable to connect to the database.
#0 /var/www/vhosts/dasbond.club/exam.dasbond.in/system/Database/BaseConnection.php(618): CodeIgniter\Database\BaseConnection->initialize()
#1 /var/www/vhosts/dasbond.club/exam.dasbond.in/app/Models/Admin/SettingsModel.php(11): CodeIgniter\Database\BaseConnection->query()
#2 /var/www/vhosts/dasbond.club/exam.dasbond.in/app/Controllers/BaseController.php(59): App\Models\Admin\SettingsModel->get_site_details()
#3 /var/www/vhosts/dasbond.club/exam.dasbond.in/system/CodeIgniter.php(909): App\Controllers\BaseController->initController()
#4 /var/www/vhosts/dasbond.club/exam.dasbond.in/system/CodeIgniter.php(422): CodeIgniter\CodeIgniter->createController()
#5 /var/www/vhosts/dasbond.club/exam.dasbond.in/system/CodeIgniter.php(333): CodeIgniter\CodeIgniter->handleRequest()
#6 /var/www/vhosts/dasbond.club/exam.dasbond.in/index.php(44): CodeIgniter\CodeIgniter->run()
#7 {main}
ERROR - 2022-09-26 16:27:01 --> Error connecting to the database: Access denied for user '****'@'localhost' (using password: NO)
CRITICAL - 2022-09-26 16:27:01 --> Unable to connect to the database.
#0 /var/www/vhosts/dasbond.club/exam.dasbond.in/system/Database/BaseConnection.php(618): CodeIgniter\Database\BaseConnection->initialize()
#1 /var/www/vhosts/dasbond.club/exam.dasbond.in/app/Models/Admin/SettingsModel.php(11): CodeIgniter\Database\BaseConnection->query()
#2 /var/www/vhosts/dasbond.club/exam.dasbond.in/app/Controllers/BaseController.php(59): App\Models\Admin\SettingsModel->get_site_details()
#3 /var/www/vhosts/dasbond.club/exam.dasbond.in/system/CodeIgniter.php(909): App\Controllers\BaseController->initController()
#4 /var/www/vhosts/dasbond.club/exam.dasbond.in/system/CodeIgniter.php(422): CodeIgniter\CodeIgniter->createController()
#5 /var/www/vhosts/dasbond.club/exam.dasbond.in/system/CodeIgniter.php(333): CodeIgniter\CodeIgniter->handleRequest()
#6 /var/www/vhosts/dasbond.club/exam.dasbond.in/index.php(44): CodeIgniter\CodeIgniter->run()
#7 {main}
ERROR - 2022-09-26 16:27:15 --> Error connecting to the database: Access denied for user '****'@'localhost' (using password: NO)
CRITICAL - 2022-09-26 16:27:15 --> Unable to connect to the database.
#0 /var/www/vhosts/dasbond.club/exam.dasbond.in/system/Database/BaseConnection.php(618): CodeIgniter\Database\BaseConnection->initialize()
#1 /var/www/vhosts/dasbond.club/exam.dasbond.in/app/Models/Admin/SettingsModel.php(11): CodeIgniter\Database\BaseConnection->query()
#2 /var/www/vhosts/dasbond.club/exam.dasbond.in/app/Controllers/BaseController.php(59): App\Models\Admin\SettingsModel->get_site_details()
#3 /var/www/vhosts/dasbond.club/exam.dasbond.in/system/CodeIgniter.php(909): App\Controllers\BaseController->initController()
#4 /var/www/vhosts/dasbond.club/exam.dasbond.in/system/CodeIgniter.php(422): CodeIgniter\CodeIgniter->createController()
#5 /var/www/vhosts/dasbond.club/exam.dasbond.in/system/CodeIgniter.php(333): CodeIgniter\CodeIgniter->handleRequest()
#6 /var/www/vhosts/dasbond.club/exam.dasbond.in/index.php(44): CodeIgniter\CodeIgniter->run()
#7 {main}
