ERROR - 2022-11-01 18:37:42 --> Error connecting to the database: Connection refused
CRITICAL - 2022-11-01 18:37:42 --> Unable to connect to the database.
#0 /var/www/vhosts/dasbond.club/exam.dasbond.in/system/Database/BaseConnection.php(618): CodeIgniter\Database\BaseConnection->initialize()
#1 /var/www/vhosts/dasbond.club/exam.dasbond.in/app/Models/Admin/SettingsModel.php(11): CodeIgniter\Database\BaseConnection->query()
#2 /var/www/vhosts/dasbond.club/exam.dasbond.in/app/Controllers/BaseController.php(59): App\Models\Admin\SettingsModel->get_site_details()
#3 /var/www/vhosts/dasbond.club/exam.dasbond.in/system/CodeIgniter.php(909): App\Controllers\BaseController->initController()
#4 /var/www/vhosts/dasbond.club/exam.dasbond.in/system/CodeIgniter.php(422): CodeIgniter\CodeIgniter->createController()
#5 /var/www/vhosts/dasbond.club/exam.dasbond.in/system/CodeIgniter.php(333): CodeIgniter\CodeIgniter->handleRequest()
#6 /var/www/vhosts/dasbond.club/exam.dasbond.in/index.php(43): CodeIgniter\CodeIgniter->run()
#7 {main}
CRITICAL - 2022-11-01 19:31:41 --> Invalid argument supplied for foreach()
#0 /var/www/vhosts/dasbond.club/exam.dasbond.in/app/Views/exam/exam-list.php(66): CodeIgniter\Debug\Exceptions->errorHandler()
#1 /var/www/vhosts/dasbond.club/exam.dasbond.in/system/View/View.php(220): include('/var/www/vhosts...')
#2 /var/www/vhosts/dasbond.club/exam.dasbond.in/system/View/View.php(222): CodeIgniter\View\View->CodeIgniter\View\{closure}()
#3 /var/www/vhosts/dasbond.club/exam.dasbond.in/system/Common.php(1217): CodeIgniter\View\View->render()
#4 /var/www/vhosts/dasbond.club/exam.dasbond.in/app/Controllers/BaseController.php(95): view()
#5 /var/www/vhosts/dasbond.club/exam.dasbond.in/app/Controllers/StudentExam.php(53): App\Controllers\BaseController->loadtemplate()
#6 /var/www/vhosts/dasbond.club/exam.dasbond.in/system/CodeIgniter.php(936): App\Controllers\StudentExam->student_exams()
#7 /var/www/vhosts/dasbond.club/exam.dasbond.in/system/CodeIgniter.php(432): CodeIgniter\CodeIgniter->runController()
#8 /var/www/vhosts/dasbond.club/exam.dasbond.in/system/CodeIgniter.php(333): CodeIgniter\CodeIgniter->handleRequest()
#9 /var/www/vhosts/dasbond.club/exam.dasbond.in/index.php(43): CodeIgniter\CodeIgniter->run()
#10 {main}
CRITICAL - 2022-11-01 19:32:44 --> Invalid argument supplied for foreach()
#0 /var/www/vhosts/dasbond.club/exam.dasbond.in/app/Views/exam/exam-list.php(66): CodeIgniter\Debug\Exceptions->errorHandler()
#1 /var/www/vhosts/dasbond.club/exam.dasbond.in/system/View/View.php(220): include('/var/www/vhosts...')
#2 /var/www/vhosts/dasbond.club/exam.dasbond.in/system/View/View.php(222): CodeIgniter\View\View->CodeIgniter\View\{closure}()
#3 /var/www/vhosts/dasbond.club/exam.dasbond.in/system/Common.php(1217): CodeIgniter\View\View->render()
#4 /var/www/vhosts/dasbond.club/exam.dasbond.in/app/Controllers/BaseController.php(95): view()
#5 /var/www/vhosts/dasbond.club/exam.dasbond.in/app/Controllers/StudentExam.php(53): App\Controllers\BaseController->loadtemplate()
#6 /var/www/vhosts/dasbond.club/exam.dasbond.in/system/CodeIgniter.php(936): App\Controllers\StudentExam->student_exams()
#7 /var/www/vhosts/dasbond.club/exam.dasbond.in/system/CodeIgniter.php(432): CodeIgniter\CodeIgniter->runController()
#8 /var/www/vhosts/dasbond.club/exam.dasbond.in/system/CodeIgniter.php(333): CodeIgniter\CodeIgniter->handleRequest()
#9 /var/www/vhosts/dasbond.club/exam.dasbond.in/index.php(43): CodeIgniter\CodeIgniter->run()
#10 {main}
CRITICAL - 2022-11-01 19:33:38 --> Invalid argument supplied for foreach()
#0 /var/www/vhosts/dasbond.club/exam.dasbond.in/app/Views/exam/exam-list.php(66): CodeIgniter\Debug\Exceptions->errorHandler()
#1 /var/www/vhosts/dasbond.club/exam.dasbond.in/system/View/View.php(220): include('/var/www/vhosts...')
#2 /var/www/vhosts/dasbond.club/exam.dasbond.in/system/View/View.php(222): CodeIgniter\View\View->CodeIgniter\View\{closure}()
#3 /var/www/vhosts/dasbond.club/exam.dasbond.in/system/Common.php(1217): CodeIgniter\View\View->render()
#4 /var/www/vhosts/dasbond.club/exam.dasbond.in/app/Controllers/BaseController.php(95): view()
#5 /var/www/vhosts/dasbond.club/exam.dasbond.in/app/Controllers/StudentExam.php(53): App\Controllers\BaseController->loadtemplate()
#6 /var/www/vhosts/dasbond.club/exam.dasbond.in/system/CodeIgniter.php(936): App\Controllers\StudentExam->student_exams()
#7 /var/www/vhosts/dasbond.club/exam.dasbond.in/system/CodeIgniter.php(432): CodeIgniter\CodeIgniter->runController()
#8 /var/www/vhosts/dasbond.club/exam.dasbond.in/system/CodeIgniter.php(333): CodeIgniter\CodeIgniter->handleRequest()
#9 /var/www/vhosts/dasbond.club/exam.dasbond.in/index.php(43): CodeIgniter\CodeIgniter->run()
#10 {main}
CRITICAL - 2022-11-01 19:35:53 --> Invalid argument supplied for foreach()
#0 /var/www/vhosts/dasbond.club/exam.dasbond.in/app/Views/exam/exam-list.php(66): CodeIgniter\Debug\Exceptions->errorHandler()
#1 /var/www/vhosts/dasbond.club/exam.dasbond.in/system/View/View.php(220): include('/var/www/vhosts...')
#2 /var/www/vhosts/dasbond.club/exam.dasbond.in/system/View/View.php(222): CodeIgniter\View\View->CodeIgniter\View\{closure}()
#3 /var/www/vhosts/dasbond.club/exam.dasbond.in/system/Common.php(1217): CodeIgniter\View\View->render()
#4 /var/www/vhosts/dasbond.club/exam.dasbond.in/app/Controllers/BaseController.php(95): view()
#5 /var/www/vhosts/dasbond.club/exam.dasbond.in/app/Controllers/StudentExam.php(53): App\Controllers\BaseController->loadtemplate()
#6 /var/www/vhosts/dasbond.club/exam.dasbond.in/system/CodeIgniter.php(936): App\Controllers\StudentExam->student_exams()
#7 /var/www/vhosts/dasbond.club/exam.dasbond.in/system/CodeIgniter.php(432): CodeIgniter\CodeIgniter->runController()
#8 /var/www/vhosts/dasbond.club/exam.dasbond.in/system/CodeIgniter.php(333): CodeIgniter\CodeIgniter->handleRequest()
#9 /var/www/vhosts/dasbond.club/exam.dasbond.in/index.php(43): CodeIgniter\CodeIgniter->run()
#10 {main}
