CRITICAL - 2021-05-26 18:50:36 --> Class 'App\Models\Admin\BannersModel' not found
#0 C:\xampp\htdocs\projects\ticket-results\system\CodeIgniter.php(908): App\Controllers\Home->__construct()
#1 C:\xampp\htdocs\projects\ticket-results\system\CodeIgniter.php(422): CodeIgniter\CodeIgniter->createController()
#2 C:\xampp\htdocs\projects\ticket-results\system\CodeIgniter.php(333): CodeIgniter\CodeIgniter->handleRequest(NULL, Object(Config\Cache), false)
#3 C:\xampp\htdocs\projects\ticket-results\index.php(44): CodeIgniter\CodeIgniter->run()
#4 {main}
CRITICAL - 2021-05-26 18:51:10 --> Class 'App\Models\Admin\LoginModel' not found
#0 C:\xampp\htdocs\projects\ticket-results\system\CodeIgniter.php(908): App\Controllers\Admin\Login->__construct()
#1 C:\xampp\htdocs\projects\ticket-results\system\CodeIgniter.php(422): CodeIgniter\CodeIgniter->createController()
#2 C:\xampp\htdocs\projects\ticket-results\system\CodeIgniter.php(333): CodeIgniter\CodeIgniter->handleRequest(NULL, Object(Config\Cache), false)
#3 C:\xampp\htdocs\projects\ticket-results\index.php(44): CodeIgniter\CodeIgniter->run()
#4 {main}
CRITICAL - 2021-05-26 18:53:36 --> Class 'App\Models\Admin\SettingsModel' not found
#0 C:\xampp\htdocs\projects\ticket-results\system\CodeIgniter.php(909): App\Controllers\BaseController->initController(Object(CodeIgniter\HTTP\IncomingRequest), Object(CodeIgniter\HTTP\Response), Object(CodeIgniter\Log\Logger))
#1 C:\xampp\htdocs\projects\ticket-results\system\CodeIgniter.php(422): CodeIgniter\CodeIgniter->createController()
#2 C:\xampp\htdocs\projects\ticket-results\system\CodeIgniter.php(333): CodeIgniter\CodeIgniter->handleRequest(NULL, Object(Config\Cache), false)
#3 C:\xampp\htdocs\projects\ticket-results\index.php(44): CodeIgniter\CodeIgniter->run()
#4 {main}
CRITICAL - 2021-05-26 19:09:57 --> Class 'App\Models\Admin\BannersModel' not found
#0 C:\xampp\htdocs\projects\ticket-results\system\CodeIgniter.php(908): App\Controllers\Home->__construct()
#1 C:\xampp\htdocs\projects\ticket-results\system\CodeIgniter.php(422): CodeIgniter\CodeIgniter->createController()
#2 C:\xampp\htdocs\projects\ticket-results\system\CodeIgniter.php(333): CodeIgniter\CodeIgniter->handleRequest(NULL, Object(Config\Cache), false)
#3 C:\xampp\htdocs\projects\ticket-results\index.php(44): CodeIgniter\CodeIgniter->run()
#4 {main}
ERROR - 2021-05-26 22:08:58 --> mysqli_sql_exception: Unknown column 'mobile' in 'where clause' in C:\xampp\htdocs\projects\ticket-results\system\Database\MySQLi\Connection.php:314
Stack trace:
#0 C:\xampp\htdocs\projects\ticket-results\system\Database\MySQLi\Connection.php(314): mysqli->query('SELECT * FROM a...')
#1 C:\xampp\htdocs\projects\ticket-results\system\Database\BaseConnection.php(713): CodeIgniter\Database\MySQLi\Connection->execute('SELECT * FROM a...')
#2 C:\xampp\htdocs\projects\ticket-results\system\Database\BaseConnection.php(641): CodeIgniter\Database\BaseConnection->simpleQuery('SELECT * FROM a...')
#3 C:\xampp\htdocs\projects\ticket-results\app\Models\Admin\LoginModel.php(15): CodeIgniter\Database\BaseConnection->query('SELECT * FROM a...')
#4 C:\xampp\htdocs\projects\ticket-results\app\Controllers\Admin\Login.php(37): App\Models\Admin\LoginModel->login(Array)
#5 C:\xampp\htdocs\projects\ticket-results\system\CodeIgniter.php(936): App\Controllers\Admin\Login->index()
#6 C:\xampp\htdocs\projects\ticket-results\system\CodeIgniter.php(432): CodeIgniter\CodeIgniter->runController(Object(App\Controllers\Admin\Login))
#7 C:\xampp\htdocs\projects\ticket-results\system\CodeIgniter.php(333): CodeIgniter\CodeIgniter->handleRequest(NULL, Object(Config\Cache), false)
#8 C:\xampp\htdocs\projects\ticket-results\index.php(44): CodeIgniter\CodeIgniter->run()
#9 {main}
ERROR - 2021-05-26 22:09:10 --> mysqli_sql_exception: Unknown column 'mobile' in 'where clause' in C:\xampp\htdocs\projects\ticket-results\system\Database\MySQLi\Connection.php:314
Stack trace:
#0 C:\xampp\htdocs\projects\ticket-results\system\Database\MySQLi\Connection.php(314): mysqli->query('SELECT * FROM a...')
#1 C:\xampp\htdocs\projects\ticket-results\system\Database\BaseConnection.php(713): CodeIgniter\Database\MySQLi\Connection->execute('SELECT * FROM a...')
#2 C:\xampp\htdocs\projects\ticket-results\system\Database\BaseConnection.php(641): CodeIgniter\Database\BaseConnection->simpleQuery('SELECT * FROM a...')
#3 C:\xampp\htdocs\projects\ticket-results\app\Models\Admin\LoginModel.php(15): CodeIgniter\Database\BaseConnection->query('SELECT * FROM a...')
#4 C:\xampp\htdocs\projects\ticket-results\app\Controllers\Admin\Login.php(37): App\Models\Admin\LoginModel->login(Array)
#5 C:\xampp\htdocs\projects\ticket-results\system\CodeIgniter.php(936): App\Controllers\Admin\Login->index()
#6 C:\xampp\htdocs\projects\ticket-results\system\CodeIgniter.php(432): CodeIgniter\CodeIgniter->runController(Object(App\Controllers\Admin\Login))
#7 C:\xampp\htdocs\projects\ticket-results\system\CodeIgniter.php(333): CodeIgniter\CodeIgniter->handleRequest(NULL, Object(Config\Cache), false)
#8 C:\xampp\htdocs\projects\ticket-results\index.php(44): CodeIgniter\CodeIgniter->run()
#9 {main}
ERROR - 2021-05-26 22:10:04 --> mysqli_sql_exception: Unknown column 'mobile' in 'where clause' in C:\xampp\htdocs\projects\ticket-results\system\Database\MySQLi\Connection.php:314
Stack trace:
#0 C:\xampp\htdocs\projects\ticket-results\system\Database\MySQLi\Connection.php(314): mysqli->query('SELECT * FROM a...')
#1 C:\xampp\htdocs\projects\ticket-results\system\Database\BaseConnection.php(713): CodeIgniter\Database\MySQLi\Connection->execute('SELECT * FROM a...')
#2 C:\xampp\htdocs\projects\ticket-results\system\Database\BaseConnection.php(641): CodeIgniter\Database\BaseConnection->simpleQuery('SELECT * FROM a...')
#3 C:\xampp\htdocs\projects\ticket-results\app\Models\Admin\LoginModel.php(15): CodeIgniter\Database\BaseConnection->query('SELECT * FROM a...')
#4 C:\xampp\htdocs\projects\ticket-results\app\Controllers\Admin\Login.php(37): App\Models\Admin\LoginModel->login(Array)
#5 C:\xampp\htdocs\projects\ticket-results\system\CodeIgniter.php(936): App\Controllers\Admin\Login->index()
#6 C:\xampp\htdocs\projects\ticket-results\system\CodeIgniter.php(432): CodeIgniter\CodeIgniter->runController(Object(App\Controllers\Admin\Login))
#7 C:\xampp\htdocs\projects\ticket-results\system\CodeIgniter.php(333): CodeIgniter\CodeIgniter->handleRequest(NULL, Object(Config\Cache), false)
#8 C:\xampp\htdocs\projects\ticket-results\index.php(44): CodeIgniter\CodeIgniter->run()
#9 {main}
ERROR - 2021-05-26 22:11:31 --> mysqli_sql_exception: Unknown column 'mobile' in 'where clause' in C:\xampp\htdocs\projects\ticket-results\system\Database\MySQLi\Connection.php:314
Stack trace:
#0 C:\xampp\htdocs\projects\ticket-results\system\Database\MySQLi\Connection.php(314): mysqli->query('SELECT * FROM a...')
#1 C:\xampp\htdocs\projects\ticket-results\system\Database\BaseConnection.php(713): CodeIgniter\Database\MySQLi\Connection->execute('SELECT * FROM a...')
#2 C:\xampp\htdocs\projects\ticket-results\system\Database\BaseConnection.php(641): CodeIgniter\Database\BaseConnection->simpleQuery('SELECT * FROM a...')
#3 C:\xampp\htdocs\projects\ticket-results\app\Models\Admin\LoginModel.php(16): CodeIgniter\Database\BaseConnection->query('SELECT * FROM a...')
#4 C:\xampp\htdocs\projects\ticket-results\app\Controllers\Admin\Login.php(37): App\Models\Admin\LoginModel->login(Array)
#5 C:\xampp\htdocs\projects\ticket-results\system\CodeIgniter.php(936): App\Controllers\Admin\Login->index()
#6 C:\xampp\htdocs\projects\ticket-results\system\CodeIgniter.php(432): CodeIgniter\CodeIgniter->runController(Object(App\Controllers\Admin\Login))
#7 C:\xampp\htdocs\projects\ticket-results\system\CodeIgniter.php(333): CodeIgniter\CodeIgniter->handleRequest(NULL, Object(Config\Cache), false)
#8 C:\xampp\htdocs\projects\ticket-results\index.php(44): CodeIgniter\CodeIgniter->run()
#9 {main}
ERROR - 2021-05-26 22:11:52 --> mysqli_sql_exception: Unknown column 'mobile' in 'where clause' in C:\xampp\htdocs\projects\ticket-results\system\Database\MySQLi\Connection.php:314
Stack trace:
#0 C:\xampp\htdocs\projects\ticket-results\system\Database\MySQLi\Connection.php(314): mysqli->query('SELECT * FROM a...')
#1 C:\xampp\htdocs\projects\ticket-results\system\Database\BaseConnection.php(713): CodeIgniter\Database\MySQLi\Connection->execute('SELECT * FROM a...')
#2 C:\xampp\htdocs\projects\ticket-results\system\Database\BaseConnection.php(641): CodeIgniter\Database\BaseConnection->simpleQuery('SELECT * FROM a...')
#3 C:\xampp\htdocs\projects\ticket-results\app\Models\Admin\LoginModel.php(16): CodeIgniter\Database\BaseConnection->query('SELECT * FROM a...')
#4 C:\xampp\htdocs\projects\ticket-results\app\Controllers\Admin\Login.php(37): App\Models\Admin\LoginModel->login(Array)
#5 C:\xampp\htdocs\projects\ticket-results\system\CodeIgniter.php(936): App\Controllers\Admin\Login->index()
#6 C:\xampp\htdocs\projects\ticket-results\system\CodeIgniter.php(432): CodeIgniter\CodeIgniter->runController(Object(App\Controllers\Admin\Login))
#7 C:\xampp\htdocs\projects\ticket-results\system\CodeIgniter.php(333): CodeIgniter\CodeIgniter->handleRequest(NULL, Object(Config\Cache), false)
#8 C:\xampp\htdocs\projects\ticket-results\index.php(44): CodeIgniter\CodeIgniter->run()
#9 {main}
CRITICAL - 2021-05-26 22:13:16 --> Class 'App\Models\Admin\BannersModel' not found
#0 C:\xampp\htdocs\projects\ticket-results\system\CodeIgniter.php(908): App\Controllers\Home->__construct()
#1 C:\xampp\htdocs\projects\ticket-results\system\CodeIgniter.php(422): CodeIgniter\CodeIgniter->createController()
#2 C:\xampp\htdocs\projects\ticket-results\system\CodeIgniter.php(333): CodeIgniter\CodeIgniter->handleRequest(NULL, Object(Config\Cache), false)
#3 C:\xampp\htdocs\projects\ticket-results\index.php(44): CodeIgniter\CodeIgniter->run()
#4 {main}
CRITICAL - 2021-05-26 22:17:27 --> Class 'App\Models\Admin\BannersModel' not found
#0 C:\xampp\htdocs\projects\ticket-results\system\CodeIgniter.php(908): App\Controllers\Home->__construct()
#1 C:\xampp\htdocs\projects\ticket-results\system\CodeIgniter.php(422): CodeIgniter\CodeIgniter->createController()
#2 C:\xampp\htdocs\projects\ticket-results\system\CodeIgniter.php(333): CodeIgniter\CodeIgniter->handleRequest(NULL, Object(Config\Cache), false)
#3 C:\xampp\htdocs\projects\ticket-results\index.php(44): CodeIgniter\CodeIgniter->run()
#4 {main}
CRITICAL - 2021-05-26 22:17:35 --> Class 'App\Models\Admin\BannersModel' not found
#0 C:\xampp\htdocs\projects\ticket-results\system\CodeIgniter.php(908): App\Controllers\Home->__construct()
#1 C:\xampp\htdocs\projects\ticket-results\system\CodeIgniter.php(422): CodeIgniter\CodeIgniter->createController()
#2 C:\xampp\htdocs\projects\ticket-results\system\CodeIgniter.php(333): CodeIgniter\CodeIgniter->handleRequest(NULL, Object(Config\Cache), false)
#3 C:\xampp\htdocs\projects\ticket-results\index.php(44): CodeIgniter\CodeIgniter->run()
#4 {main}
