ERROR - 2022-10-20 01:34:04 --> mysqli_sql_exception: Unknown column 'id' in 'where clause' in /var/www/vhosts/dasbond.club/exam.dasbond.in/system/Database/MySQLi/Connection.php:314
Stack trace:
#0 /var/www/vhosts/dasbond.club/exam.dasbond.in/system/Database/MySQLi/Connection.php(314): mysqli->query()
#1 /var/www/vhosts/dasbond.club/exam.dasbond.in/system/Database/BaseConnection.php(713): CodeIgniter\Database\MySQLi\Connection->execute()
#2 /var/www/vhosts/dasbond.club/exam.dasbond.in/system/Database/BaseConnection.php(641): CodeIgniter\Database\BaseConnection->simpleQuery()
#3 /var/www/vhosts/dasbond.club/exam.dasbond.in/system/Database/BaseBuilder.php(2468): CodeIgniter\Database\BaseConnection->query()
#4 /var/www/vhosts/dasbond.club/exam.dasbond.in/app/Models/Admin/SettingsModel.php(82): CodeIgniter\Database\BaseBuilder->update()
#5 /var/www/vhosts/dasbond.club/exam.dasbond.in/app/Controllers/Admin/Exams/Exams.php(83): App\Models\Admin\SettingsModel->data_update()
#6 /var/www/vhosts/dasbond.club/exam.dasbond.in/system/CodeIgniter.php(936): App\Controllers\Admin\Exams\Exams->exam_edit()
#7 /var/www/vhosts/dasbond.club/exam.dasbond.in/system/CodeIgniter.php(432): CodeIgniter\CodeIgniter->runController()
#8 /var/www/vhosts/dasbond.club/exam.dasbond.in/system/CodeIgniter.php(333): CodeIgniter\CodeIgniter->handleRequest()
#9 /var/www/vhosts/dasbond.club/exam.dasbond.in/index.php(43): CodeIgniter\CodeIgniter->run()
#10 {main}
ERROR - 2022-10-20 01:36:26 --> mysqli_sql_exception: Unknown column 'id' in 'where clause' in /var/www/vhosts/dasbond.club/exam.dasbond.in/system/Database/MySQLi/Connection.php:314
Stack trace:
#0 /var/www/vhosts/dasbond.club/exam.dasbond.in/system/Database/MySQLi/Connection.php(314): mysqli->query()
#1 /var/www/vhosts/dasbond.club/exam.dasbond.in/system/Database/BaseConnection.php(713): CodeIgniter\Database\MySQLi\Connection->execute()
#2 /var/www/vhosts/dasbond.club/exam.dasbond.in/system/Database/BaseConnection.php(641): CodeIgniter\Database\BaseConnection->simpleQuery()
#3 /var/www/vhosts/dasbond.club/exam.dasbond.in/system/Database/BaseBuilder.php(2468): CodeIgniter\Database\BaseConnection->query()
#4 /var/www/vhosts/dasbond.club/exam.dasbond.in/app/Models/Admin/SettingsModel.php(82): CodeIgniter\Database\BaseBuilder->update()
#5 /var/www/vhosts/dasbond.club/exam.dasbond.in/app/Controllers/Admin/Exams/Exams.php(84): App\Models\Admin\SettingsModel->data_update()
#6 /var/www/vhosts/dasbond.club/exam.dasbond.in/system/CodeIgniter.php(936): App\Controllers\Admin\Exams\Exams->exam_edit()
#7 /var/www/vhosts/dasbond.club/exam.dasbond.in/system/CodeIgniter.php(432): CodeIgniter\CodeIgniter->runController()
#8 /var/www/vhosts/dasbond.club/exam.dasbond.in/system/CodeIgniter.php(333): CodeIgniter\CodeIgniter->handleRequest()
#9 /var/www/vhosts/dasbond.club/exam.dasbond.in/index.php(43): CodeIgniter\CodeIgniter->run()
#10 {main}
ERROR - 2022-10-20 01:37:20 --> mysqli_sql_exception: Unknown column 'id' in 'where clause' in /var/www/vhosts/dasbond.club/exam.dasbond.in/system/Database/MySQLi/Connection.php:314
Stack trace:
#0 /var/www/vhosts/dasbond.club/exam.dasbond.in/system/Database/MySQLi/Connection.php(314): mysqli->query()
#1 /var/www/vhosts/dasbond.club/exam.dasbond.in/system/Database/BaseConnection.php(713): CodeIgniter\Database\MySQLi\Connection->execute()
#2 /var/www/vhosts/dasbond.club/exam.dasbond.in/system/Database/BaseConnection.php(641): CodeIgniter\Database\BaseConnection->simpleQuery()
#3 /var/www/vhosts/dasbond.club/exam.dasbond.in/system/Database/BaseBuilder.php(2468): CodeIgniter\Database\BaseConnection->query()
#4 /var/www/vhosts/dasbond.club/exam.dasbond.in/app/Models/Admin/SettingsModel.php(82): CodeIgniter\Database\BaseBuilder->update()
#5 /var/www/vhosts/dasbond.club/exam.dasbond.in/app/Controllers/Admin/Exams/Exams.php(84): App\Models\Admin\SettingsModel->data_update()
#6 /var/www/vhosts/dasbond.club/exam.dasbond.in/system/CodeIgniter.php(936): App\Controllers\Admin\Exams\Exams->exam_edit()
#7 /var/www/vhosts/dasbond.club/exam.dasbond.in/system/CodeIgniter.php(432): CodeIgniter\CodeIgniter->runController()
#8 /var/www/vhosts/dasbond.club/exam.dasbond.in/system/CodeIgniter.php(333): CodeIgniter\CodeIgniter->handleRequest()
#9 /var/www/vhosts/dasbond.club/exam.dasbond.in/index.php(43): CodeIgniter\CodeIgniter->run()
#10 {main}
