CRITICAL - 2022-10-19 11:24:27 --> Class 'App\Models\Admin\ExamsModel' not found
#0 /var/www/vhosts/dasbond.club/exam.dasbond.in/system/CodeIgniter.php(908): App\Controllers\Admin\Exams\Exams->__construct()
#1 /var/www/vhosts/dasbond.club/exam.dasbond.in/system/CodeIgniter.php(422): CodeIgniter\CodeIgniter->createController()
#2 /var/www/vhosts/dasbond.club/exam.dasbond.in/system/CodeIgniter.php(333): CodeIgniter\CodeIgniter->handleRequest()
#3 /var/www/vhosts/dasbond.club/exam.dasbond.in/index.php(43): CodeIgniter\CodeIgniter->run()
#4 {main}
CRITICAL - 2022-10-19 11:28:33 --> Class 'App\Models\Admin\ExamsModel' not found
#0 /var/www/vhosts/dasbond.club/exam.dasbond.in/system/CodeIgniter.php(908): App\Controllers\Admin\Exams\Exams->__construct()
#1 /var/www/vhosts/dasbond.club/exam.dasbond.in/system/CodeIgniter.php(422): CodeIgniter\CodeIgniter->createController()
#2 /var/www/vhosts/dasbond.club/exam.dasbond.in/system/CodeIgniter.php(333): CodeIgniter\CodeIgniter->handleRequest()
#3 /var/www/vhosts/dasbond.club/exam.dasbond.in/index.php(43): CodeIgniter\CodeIgniter->run()
#4 {main}
CRITICAL - 2022-10-19 11:43:46 --> Class 'App\Models\Admin\ExamsModel' not found
#0 /var/www/vhosts/dasbond.club/exam.dasbond.in/system/CodeIgniter.php(908): App\Controllers\Admin\Exams\Exams->__construct()
#1 /var/www/vhosts/dasbond.club/exam.dasbond.in/system/CodeIgniter.php(422): CodeIgniter\CodeIgniter->createController()
#2 /var/www/vhosts/dasbond.club/exam.dasbond.in/system/CodeIgniter.php(333): CodeIgniter\CodeIgniter->handleRequest()
#3 /var/www/vhosts/dasbond.club/exam.dasbond.in/index.php(43): CodeIgniter\CodeIgniter->run()
#4 {main}
CRITICAL - 2022-10-19 19:46:43 --> Class 'App\Models\Admin\ExamsModel' not found
#0 /var/www/vhosts/dasbond.club/exam.dasbond.in/system/CodeIgniter.php(908): App\Controllers\Admin\Exams\Exams->__construct()
#1 /var/www/vhosts/dasbond.club/exam.dasbond.in/system/CodeIgniter.php(422): CodeIgniter\CodeIgniter->createController()
#2 /var/www/vhosts/dasbond.club/exam.dasbond.in/system/CodeIgniter.php(333): CodeIgniter\CodeIgniter->handleRequest()
#3 /var/www/vhosts/dasbond.club/exam.dasbond.in/index.php(43): CodeIgniter\CodeIgniter->run()
#4 {main}
CRITICAL - 2022-10-19 19:48:24 --> Class 'App\Models\Admin\ExamsModel' not found
#0 /var/www/vhosts/dasbond.club/exam.dasbond.in/system/CodeIgniter.php(908): App\Controllers\Admin\Exams\Exams->__construct()
#1 /var/www/vhosts/dasbond.club/exam.dasbond.in/system/CodeIgniter.php(422): CodeIgniter\CodeIgniter->createController()
#2 /var/www/vhosts/dasbond.club/exam.dasbond.in/system/CodeIgniter.php(333): CodeIgniter\CodeIgniter->handleRequest()
#3 /var/www/vhosts/dasbond.club/exam.dasbond.in/index.php(43): CodeIgniter\CodeIgniter->run()
#4 {main}
CRITICAL - 2022-10-19 19:51:12 --> Class 'App\Models\Admin\ExamsModel' not found
#0 /var/www/vhosts/dasbond.club/exam.dasbond.in/system/CodeIgniter.php(908): App\Controllers\Admin\Exams\Exams->__construct()
#1 /var/www/vhosts/dasbond.club/exam.dasbond.in/system/CodeIgniter.php(422): CodeIgniter\CodeIgniter->createController()
#2 /var/www/vhosts/dasbond.club/exam.dasbond.in/system/CodeIgniter.php(333): CodeIgniter\CodeIgniter->handleRequest()
#3 /var/www/vhosts/dasbond.club/exam.dasbond.in/index.php(43): CodeIgniter\CodeIgniter->run()
#4 {main}
CRITICAL - 2022-10-19 19:56:12 --> Class 'App\Models\Admin\ExamsModel' not found
#0 /var/www/vhosts/dasbond.club/exam.dasbond.in/system/CodeIgniter.php(908): App\Controllers\Admin\Exams\Exams->__construct()
#1 /var/www/vhosts/dasbond.club/exam.dasbond.in/system/CodeIgniter.php(422): CodeIgniter\CodeIgniter->createController()
#2 /var/www/vhosts/dasbond.club/exam.dasbond.in/system/CodeIgniter.php(333): CodeIgniter\CodeIgniter->handleRequest()
#3 /var/www/vhosts/dasbond.club/exam.dasbond.in/index.php(43): CodeIgniter\CodeIgniter->run()
#4 {main}
CRITICAL - 2022-10-19 19:57:04 --> Class 'App\Models\Admin\ExamsModel' not found
#0 /var/www/vhosts/dasbond.club/exam.dasbond.in/system/CodeIgniter.php(908): App\Controllers\Admin\Exams\Exams->__construct()
#1 /var/www/vhosts/dasbond.club/exam.dasbond.in/system/CodeIgniter.php(422): CodeIgniter\CodeIgniter->createController()
#2 /var/www/vhosts/dasbond.club/exam.dasbond.in/system/CodeIgniter.php(333): CodeIgniter\CodeIgniter->handleRequest()
#3 /var/www/vhosts/dasbond.club/exam.dasbond.in/index.php(43): CodeIgniter\CodeIgniter->run()
#4 {main}
CRITICAL - 2022-10-19 19:57:54 --> Class 'App\Models\Admin\ExamsModel' not found
#0 /var/www/vhosts/dasbond.club/exam.dasbond.in/system/CodeIgniter.php(908): App\Controllers\Admin\Exams\Exams->__construct()
#1 /var/www/vhosts/dasbond.club/exam.dasbond.in/system/CodeIgniter.php(422): CodeIgniter\CodeIgniter->createController()
#2 /var/www/vhosts/dasbond.club/exam.dasbond.in/system/CodeIgniter.php(333): CodeIgniter\CodeIgniter->handleRequest()
#3 /var/www/vhosts/dasbond.club/exam.dasbond.in/index.php(43): CodeIgniter\CodeIgniter->run()
#4 {main}
ERROR - 2022-10-19 20:11:30 --> mysqli_sql_exception: You have an error in your SQL syntax; check the manual that corresponds to your MariaDB server version for the right syntax to use near 'SELECT question_id FROM quiz_questions AS QQ WHERE QQ.quiz_id = Q.quiz_id) AS...' at line 1 in /var/www/vhosts/dasbond.club/exam.dasbond.in/system/Database/MySQLi/Connection.php:314
Stack trace:
#0 /var/www/vhosts/dasbond.club/exam.dasbond.in/system/Database/MySQLi/Connection.php(314): mysqli->query()
#1 /var/www/vhosts/dasbond.club/exam.dasbond.in/system/Database/BaseConnection.php(713): CodeIgniter\Database\MySQLi\Connection->execute()
#2 /var/www/vhosts/dasbond.club/exam.dasbond.in/system/Database/BaseConnection.php(641): CodeIgniter\Database\BaseConnection->simpleQuery()
#3 /var/www/vhosts/dasbond.club/exam.dasbond.in/app/Models/StudentExamModel.php(14): CodeIgniter\Database\BaseConnection->query()
#4 /var/www/vhosts/dasbond.club/exam.dasbond.in/app/Controllers/StudentExam.php(20): App\Models\StudentExamModel->get_all_exams()
#5 /var/www/vhosts/dasbond.club/exam.dasbond.in/system/CodeIgniter.php(936): App\Controllers\StudentExam->student_exams()
#6 /var/www/vhosts/dasbond.club/exam.dasbond.in/system/CodeIgniter.php(432): CodeIgniter\CodeIgniter->runController()
#7 /var/www/vhosts/dasbond.club/exam.dasbond.in/system/CodeIgniter.php(333): CodeIgniter\CodeIgniter->handleRequest()
#8 /var/www/vhosts/dasbond.club/exam.dasbond.in/index.php(43): CodeIgniter\CodeIgniter->run()
#9 {main}
ERROR - 2022-10-19 20:11:33 --> mysqli_sql_exception: You have an error in your SQL syntax; check the manual that corresponds to your MariaDB server version for the right syntax to use near 'SELECT question_id FROM quiz_questions AS QQ WHERE QQ.quiz_id = Q.quiz_id) AS...' at line 1 in /var/www/vhosts/dasbond.club/exam.dasbond.in/system/Database/MySQLi/Connection.php:314
Stack trace:
#0 /var/www/vhosts/dasbond.club/exam.dasbond.in/system/Database/MySQLi/Connection.php(314): mysqli->query()
#1 /var/www/vhosts/dasbond.club/exam.dasbond.in/system/Database/BaseConnection.php(713): CodeIgniter\Database\MySQLi\Connection->execute()
#2 /var/www/vhosts/dasbond.club/exam.dasbond.in/system/Database/BaseConnection.php(641): CodeIgniter\Database\BaseConnection->simpleQuery()
#3 /var/www/vhosts/dasbond.club/exam.dasbond.in/app/Models/StudentExamModel.php(14): CodeIgniter\Database\BaseConnection->query()
#4 /var/www/vhosts/dasbond.club/exam.dasbond.in/app/Controllers/StudentExam.php(20): App\Models\StudentExamModel->get_all_exams()
#5 /var/www/vhosts/dasbond.club/exam.dasbond.in/system/CodeIgniter.php(936): App\Controllers\StudentExam->student_exams()
#6 /var/www/vhosts/dasbond.club/exam.dasbond.in/system/CodeIgniter.php(432): CodeIgniter\CodeIgniter->runController()
#7 /var/www/vhosts/dasbond.club/exam.dasbond.in/system/CodeIgniter.php(333): CodeIgniter\CodeIgniter->handleRequest()
#8 /var/www/vhosts/dasbond.club/exam.dasbond.in/index.php(43): CodeIgniter\CodeIgniter->run()
#9 {main}
ERROR - 2022-10-19 21:43:04 --> mysqli_sql_exception: Unknown column 'class_id' in 'field list' in /var/www/vhosts/dasbond.club/exam.dasbond.in/system/Database/MySQLi/Connection.php:314
Stack trace:
#0 /var/www/vhosts/dasbond.club/exam.dasbond.in/system/Database/MySQLi/Connection.php(314): mysqli->query()
#1 /var/www/vhosts/dasbond.club/exam.dasbond.in/system/Database/BaseConnection.php(713): CodeIgniter\Database\MySQLi\Connection->execute()
#2 /var/www/vhosts/dasbond.club/exam.dasbond.in/system/Database/BaseConnection.php(641): CodeIgniter\Database\BaseConnection->simpleQuery()
#3 /var/www/vhosts/dasbond.club/exam.dasbond.in/system/Database/BaseBuilder.php(2263): CodeIgniter\Database\BaseConnection->query()
#4 /var/www/vhosts/dasbond.club/exam.dasbond.in/app/Models/Admin/SettingsModel.php(29): CodeIgniter\Database\BaseBuilder->insert()
#5 /var/www/vhosts/dasbond.club/exam.dasbond.in/app/Controllers/Admin/Exams/Exams.php(38): App\Models\Admin\SettingsModel->data_insert()
#6 /var/www/vhosts/dasbond.club/exam.dasbond.in/system/CodeIgniter.php(936): App\Controllers\Admin\Exams\Exams->exam_insert()
#7 /var/www/vhosts/dasbond.club/exam.dasbond.in/system/CodeIgniter.php(432): CodeIgniter\CodeIgniter->runController()
#8 /var/www/vhosts/dasbond.club/exam.dasbond.in/system/CodeIgniter.php(333): CodeIgniter\CodeIgniter->handleRequest()
#9 /var/www/vhosts/dasbond.club/exam.dasbond.in/index.php(43): CodeIgniter\CodeIgniter->run()
#10 {main}
ERROR - 2022-10-19 21:49:23 --> mysqli_sql_exception: Unknown column 'class_id' in 'field list' in /var/www/vhosts/dasbond.club/exam.dasbond.in/system/Database/MySQLi/Connection.php:314
Stack trace:
#0 /var/www/vhosts/dasbond.club/exam.dasbond.in/system/Database/MySQLi/Connection.php(314): mysqli->query()
#1 /var/www/vhosts/dasbond.club/exam.dasbond.in/system/Database/BaseConnection.php(713): CodeIgniter\Database\MySQLi\Connection->execute()
#2 /var/www/vhosts/dasbond.club/exam.dasbond.in/system/Database/BaseConnection.php(641): CodeIgniter\Database\BaseConnection->simpleQuery()
#3 /var/www/vhosts/dasbond.club/exam.dasbond.in/system/Database/BaseBuilder.php(2263): CodeIgniter\Database\BaseConnection->query()
#4 /var/www/vhosts/dasbond.club/exam.dasbond.in/app/Models/Admin/SettingsModel.php(29): CodeIgniter\Database\BaseBuilder->insert()
#5 /var/www/vhosts/dasbond.club/exam.dasbond.in/app/Controllers/Admin/Exams/Exams.php(38): App\Models\Admin\SettingsModel->data_insert()
#6 /var/www/vhosts/dasbond.club/exam.dasbond.in/system/CodeIgniter.php(936): App\Controllers\Admin\Exams\Exams->exam_insert()
#7 /var/www/vhosts/dasbond.club/exam.dasbond.in/system/CodeIgniter.php(432): CodeIgniter\CodeIgniter->runController()
#8 /var/www/vhosts/dasbond.club/exam.dasbond.in/system/CodeIgniter.php(333): CodeIgniter\CodeIgniter->handleRequest()
#9 /var/www/vhosts/dasbond.club/exam.dasbond.in/index.php(43): CodeIgniter\CodeIgniter->run()
#10 {main}
ERROR - 2022-10-19 21:52:04 --> mysqli_sql_exception: Unknown column 'class_id' in 'field list' in /var/www/vhosts/dasbond.club/exam.dasbond.in/system/Database/MySQLi/Connection.php:314
Stack trace:
#0 /var/www/vhosts/dasbond.club/exam.dasbond.in/system/Database/MySQLi/Connection.php(314): mysqli->query()
#1 /var/www/vhosts/dasbond.club/exam.dasbond.in/system/Database/BaseConnection.php(713): CodeIgniter\Database\MySQLi\Connection->execute()
#2 /var/www/vhosts/dasbond.club/exam.dasbond.in/system/Database/BaseConnection.php(641): CodeIgniter\Database\BaseConnection->simpleQuery()
#3 /var/www/vhosts/dasbond.club/exam.dasbond.in/system/Database/BaseBuilder.php(2263): CodeIgniter\Database\BaseConnection->query()
#4 /var/www/vhosts/dasbond.club/exam.dasbond.in/app/Models/Admin/SettingsModel.php(29): CodeIgniter\Database\BaseBuilder->insert()
#5 /var/www/vhosts/dasbond.club/exam.dasbond.in/app/Controllers/Admin/Exams/Exams.php(38): App\Models\Admin\SettingsModel->data_insert()
#6 /var/www/vhosts/dasbond.club/exam.dasbond.in/system/CodeIgniter.php(936): App\Controllers\Admin\Exams\Exams->exam_insert()
#7 /var/www/vhosts/dasbond.club/exam.dasbond.in/system/CodeIgniter.php(432): CodeIgniter\CodeIgniter->runController()
#8 /var/www/vhosts/dasbond.club/exam.dasbond.in/system/CodeIgniter.php(333): CodeIgniter\CodeIgniter->handleRequest()
#9 /var/www/vhosts/dasbond.club/exam.dasbond.in/index.php(43): CodeIgniter\CodeIgniter->run()
#10 {main}
