ERROR - 2021-04-24 23:53:02 --> Error connecting to the database: Connection refused
ERROR - 2021-04-24 23:53:02 --> Error connecting to the database: Connection refused
CRITICAL - 2021-04-24 23:53:02 --> Unable to connect to the database.
#0 /home/cnsacade/public_html/system/Database/BaseConnection.php(618): CodeIgniter\Database\BaseConnection->initialize()
#1 /home/cnsacade/public_html/app/Models/Admin/SettingsModel.php(11): CodeIgniter\Database\BaseConnection->query('SELECT * FROM s...')
#2 /home/cnsacade/public_html/app/Controllers/BaseController.php(59): App\Models\Admin\SettingsModel->get_site_details()
#3 /home/cnsacade/public_html/system/CodeIgniter.php(909): App\Controllers\BaseController->initController(Object(CodeIgniter\HTTP\IncomingRequest), Object(CodeIgniter\HTTP\Response), Object(CodeIgniter\Log\Logger))
#4 /home/cnsacade/public_html/system/CodeIgniter.php(422): CodeIgniter\CodeIgniter->createController()
#5 /home/cnsacade/public_html/system/CodeIgniter.php(333): CodeIgniter\CodeIgniter->handleRequest(NULL, Object(Config\Cache), false)
#6 /home/cnsacade/public_html/index.php(44): CodeIgniter\CodeIgniter->run()
#7 {main}
CRITICAL - 2021-04-24 23:53:02 --> Unable to connect to the database.
#0 /home/cnsacade/public_html/system/Database/BaseConnection.php(618): CodeIgniter\Database\BaseConnection->initialize()
#1 /home/cnsacade/public_html/app/Models/Admin/SettingsModel.php(11): CodeIgniter\Database\BaseConnection->query('SELECT * FROM s...')
#2 /home/cnsacade/public_html/app/Controllers/BaseController.php(59): App\Models\Admin\SettingsModel->get_site_details()
#3 /home/cnsacade/public_html/system/CodeIgniter.php(909): App\Controllers\BaseController->initController(Object(CodeIgniter\HTTP\IncomingRequest), Object(CodeIgniter\HTTP\Response), Object(CodeIgniter\Log\Logger))
#4 /home/cnsacade/public_html/system/CodeIgniter.php(422): CodeIgniter\CodeIgniter->createController()
#5 /home/cnsacade/public_html/system/CodeIgniter.php(333): CodeIgniter\CodeIgniter->handleRequest(NULL, Object(Config\Cache), false)
#6 /home/cnsacade/public_html/index.php(44): CodeIgniter\CodeIgniter->run()
#7 {main}
ERROR - 2021-04-24 23:53:04 --> Error connecting to the database: Connection refused
CRITICAL - 2021-04-24 23:53:04 --> Unable to connect to the database.
#0 /home/cnsacade/public_html/system/Database/BaseConnection.php(618): CodeIgniter\Database\BaseConnection->initialize()
#1 /home/cnsacade/public_html/app/Models/Admin/SettingsModel.php(11): CodeIgniter\Database\BaseConnection->query('SELECT * FROM s...')
#2 /home/cnsacade/public_html/app/Controllers/BaseController.php(59): App\Models\Admin\SettingsModel->get_site_details()
#3 /home/cnsacade/public_html/system/CodeIgniter.php(909): App\Controllers\BaseController->initController(Object(CodeIgniter\HTTP\IncomingRequest), Object(CodeIgniter\HTTP\Response), Object(CodeIgniter\Log\Logger))
#4 /home/cnsacade/public_html/system/CodeIgniter.php(422): CodeIgniter\CodeIgniter->createController()
#5 /home/cnsacade/public_html/system/CodeIgniter.php(333): CodeIgniter\CodeIgniter->handleRequest(NULL, Object(Config\Cache), false)
#6 /home/cnsacade/public_html/index.php(44): CodeIgniter\CodeIgniter->run()
#7 {main}
ERROR - 2021-04-24 23:53:28 --> Error connecting to the database: Connection refused
CRITICAL - 2021-04-24 23:53:28 --> Unable to connect to the database.
#0 /home/cnsacade/public_html/system/Database/BaseConnection.php(618): CodeIgniter\Database\BaseConnection->initialize()
#1 /home/cnsacade/public_html/app/Models/Admin/SettingsModel.php(11): CodeIgniter\Database\BaseConnection->query('SELECT * FROM s...')
#2 /home/cnsacade/public_html/app/Controllers/BaseController.php(59): App\Models\Admin\SettingsModel->get_site_details()
#3 /home/cnsacade/public_html/system/CodeIgniter.php(909): App\Controllers\BaseController->initController(Object(CodeIgniter\HTTP\IncomingRequest), Object(CodeIgniter\HTTP\Response), Object(CodeIgniter\Log\Logger))
#4 /home/cnsacade/public_html/system/CodeIgniter.php(422): CodeIgniter\CodeIgniter->createController()
#5 /home/cnsacade/public_html/system/CodeIgniter.php(333): CodeIgniter\CodeIgniter->handleRequest(NULL, Object(Config\Cache), false)
#6 /home/cnsacade/public_html/index.php(44): CodeIgniter\CodeIgniter->run()
#7 {main}
ERROR - 2021-04-24 23:53:31 --> Error connecting to the database: Connection refused
CRITICAL - 2021-04-24 23:53:31 --> Unable to connect to the database.
#0 /home/cnsacade/public_html/system/Database/BaseConnection.php(618): CodeIgniter\Database\BaseConnection->initialize()
#1 /home/cnsacade/public_html/app/Models/Admin/SettingsModel.php(11): CodeIgniter\Database\BaseConnection->query('SELECT * FROM s...')
#2 /home/cnsacade/public_html/app/Controllers/BaseController.php(59): App\Models\Admin\SettingsModel->get_site_details()
#3 /home/cnsacade/public_html/system/CodeIgniter.php(909): App\Controllers\BaseController->initController(Object(CodeIgniter\HTTP\IncomingRequest), Object(CodeIgniter\HTTP\Response), Object(CodeIgniter\Log\Logger))
#4 /home/cnsacade/public_html/system/CodeIgniter.php(422): CodeIgniter\CodeIgniter->createController()
#5 /home/cnsacade/public_html/system/CodeIgniter.php(333): CodeIgniter\CodeIgniter->handleRequest(NULL, Object(Config\Cache), false)
#6 /home/cnsacade/public_html/index.php(44): CodeIgniter\CodeIgniter->run()
#7 {main}
ERROR - 2021-04-24 23:53:50 --> Error connecting to the database: Connection refused
CRITICAL - 2021-04-24 23:53:50 --> Unable to connect to the database.
#0 /home/cnsacade/public_html/system/Database/BaseConnection.php(618): CodeIgniter\Database\BaseConnection->initialize()
#1 /home/cnsacade/public_html/app/Models/Admin/SettingsModel.php(11): CodeIgniter\Database\BaseConnection->query('SELECT * FROM s...')
#2 /home/cnsacade/public_html/app/Controllers/BaseController.php(59): App\Models\Admin\SettingsModel->get_site_details()
#3 /home/cnsacade/public_html/system/CodeIgniter.php(909): App\Controllers\BaseController->initController(Object(CodeIgniter\HTTP\IncomingRequest), Object(CodeIgniter\HTTP\Response), Object(CodeIgniter\Log\Logger))
#4 /home/cnsacade/public_html/system/CodeIgniter.php(422): CodeIgniter\CodeIgniter->createController()
#5 /home/cnsacade/public_html/system/CodeIgniter.php(333): CodeIgniter\CodeIgniter->handleRequest(NULL, Object(Config\Cache), false)
#6 /home/cnsacade/public_html/index.php(44): CodeIgniter\CodeIgniter->run()
#7 {main}
ERROR - 2021-04-24 23:53:52 --> Error connecting to the database: Connection refused
CRITICAL - 2021-04-24 23:53:52 --> Unable to connect to the database.
#0 /home/cnsacade/public_html/system/Database/BaseConnection.php(618): CodeIgniter\Database\BaseConnection->initialize()
#1 /home/cnsacade/public_html/app/Models/Admin/SettingsModel.php(11): CodeIgniter\Database\BaseConnection->query('SELECT * FROM s...')
#2 /home/cnsacade/public_html/app/Controllers/BaseController.php(59): App\Models\Admin\SettingsModel->get_site_details()
#3 /home/cnsacade/public_html/system/CodeIgniter.php(909): App\Controllers\BaseController->initController(Object(CodeIgniter\HTTP\IncomingRequest), Object(CodeIgniter\HTTP\Response), Object(CodeIgniter\Log\Logger))
#4 /home/cnsacade/public_html/system/CodeIgniter.php(422): CodeIgniter\CodeIgniter->createController()
#5 /home/cnsacade/public_html/system/CodeIgniter.php(333): CodeIgniter\CodeIgniter->handleRequest(NULL, Object(Config\Cache), false)
#6 /home/cnsacade/public_html/index.php(44): CodeIgniter\CodeIgniter->run()
#7 {main}
ERROR - 2021-04-24 23:54:37 --> Error connecting to the database: No such file or directory
CRITICAL - 2021-04-24 23:54:37 --> Unable to connect to the database.
#0 /home/cnsacade/public_html/system/Database/BaseConnection.php(618): CodeIgniter\Database\BaseConnection->initialize()
#1 /home/cnsacade/public_html/app/Models/Admin/SettingsModel.php(11): CodeIgniter\Database\BaseConnection->query('SELECT * FROM s...')
#2 /home/cnsacade/public_html/app/Controllers/BaseController.php(59): App\Models\Admin\SettingsModel->get_site_details()
#3 /home/cnsacade/public_html/system/CodeIgniter.php(909): App\Controllers\BaseController->initController(Object(CodeIgniter\HTTP\IncomingRequest), Object(CodeIgniter\HTTP\Response), Object(CodeIgniter\Log\Logger))
#4 /home/cnsacade/public_html/system/CodeIgniter.php(422): CodeIgniter\CodeIgniter->createController()
#5 /home/cnsacade/public_html/system/CodeIgniter.php(333): CodeIgniter\CodeIgniter->handleRequest(NULL, Object(Config\Cache), false)
#6 /home/cnsacade/public_html/index.php(44): CodeIgniter\CodeIgniter->run()
#7 {main}
ERROR - 2021-04-24 23:54:39 --> Error connecting to the database: No such file or directory
CRITICAL - 2021-04-24 23:54:39 --> Unable to connect to the database.
#0 /home/cnsacade/public_html/system/Database/BaseConnection.php(618): CodeIgniter\Database\BaseConnection->initialize()
#1 /home/cnsacade/public_html/app/Models/Admin/SettingsModel.php(11): CodeIgniter\Database\BaseConnection->query('SELECT * FROM s...')
#2 /home/cnsacade/public_html/app/Controllers/BaseController.php(59): App\Models\Admin\SettingsModel->get_site_details()
#3 /home/cnsacade/public_html/system/CodeIgniter.php(909): App\Controllers\BaseController->initController(Object(CodeIgniter\HTTP\IncomingRequest), Object(CodeIgniter\HTTP\Response), Object(CodeIgniter\Log\Logger))
#4 /home/cnsacade/public_html/system/CodeIgniter.php(422): CodeIgniter\CodeIgniter->createController()
#5 /home/cnsacade/public_html/system/CodeIgniter.php(333): CodeIgniter\CodeIgniter->handleRequest(NULL, Object(Config\Cache), false)
#6 /home/cnsacade/public_html/index.php(44): CodeIgniter\CodeIgniter->run()
#7 {main}
ERROR - 2021-04-24 23:55:04 --> Error connecting to the database: No such file or directory
CRITICAL - 2021-04-24 23:55:04 --> Unable to connect to the database.
#0 /home/cnsacade/public_html/system/Database/BaseConnection.php(618): CodeIgniter\Database\BaseConnection->initialize()
#1 /home/cnsacade/public_html/app/Models/Admin/SettingsModel.php(11): CodeIgniter\Database\BaseConnection->query('SELECT * FROM s...')
#2 /home/cnsacade/public_html/app/Controllers/BaseController.php(59): App\Models\Admin\SettingsModel->get_site_details()
#3 /home/cnsacade/public_html/system/CodeIgniter.php(909): App\Controllers\BaseController->initController(Object(CodeIgniter\HTTP\IncomingRequest), Object(CodeIgniter\HTTP\Response), Object(CodeIgniter\Log\Logger))
#4 /home/cnsacade/public_html/system/CodeIgniter.php(422): CodeIgniter\CodeIgniter->createController()
#5 /home/cnsacade/public_html/system/CodeIgniter.php(333): CodeIgniter\CodeIgniter->handleRequest(NULL, Object(Config\Cache), false)
#6 /home/cnsacade/public_html/index.php(44): CodeIgniter\CodeIgniter->run()
#7 {main}
ERROR - 2021-04-24 23:55:43 --> Error connecting to the database: No such file or directory
CRITICAL - 2021-04-24 23:55:43 --> Unable to connect to the database.
#0 /home/cnsacade/public_html/system/Database/BaseConnection.php(618): CodeIgniter\Database\BaseConnection->initialize()
#1 /home/cnsacade/public_html/app/Models/Admin/SettingsModel.php(11): CodeIgniter\Database\BaseConnection->query('SELECT * FROM s...')
#2 /home/cnsacade/public_html/app/Controllers/BaseController.php(59): App\Models\Admin\SettingsModel->get_site_details()
#3 /home/cnsacade/public_html/system/CodeIgniter.php(909): App\Controllers\BaseController->initController(Object(CodeIgniter\HTTP\IncomingRequest), Object(CodeIgniter\HTTP\Response), Object(CodeIgniter\Log\Logger))
#4 /home/cnsacade/public_html/system/CodeIgniter.php(422): CodeIgniter\CodeIgniter->createController()
#5 /home/cnsacade/public_html/system/CodeIgniter.php(333): CodeIgniter\CodeIgniter->handleRequest(NULL, Object(Config\Cache), false)
#6 /home/cnsacade/public_html/index.php(44): CodeIgniter\CodeIgniter->run()
#7 {main}
