CRITICAL - 2021-08-09 00:33:37 --> You must set the database table to be used with your query.
#0 C:\xampp\htdocs\projects\tija\system\Model.php(615): CodeIgniter\Database\BaseConnection->table(NULL)
#1 C:\xampp\htdocs\projects\tija\system\Model.php(834): CodeIgniter\Model->builder()
#2 C:\xampp\htdocs\projects\tija\app\Controllers\Payments.php(157): CodeIgniter\Model->__call('product_stock_u...', Array)
#3 C:\xampp\htdocs\projects\tija\app\Controllers\Payments.php(30): App\Controllers\Payments->payment_cod()
#4 C:\xampp\htdocs\projects\tija\system\CodeIgniter.php(936): App\Controllers\Payments->payment()
#5 C:\xampp\htdocs\projects\tija\system\CodeIgniter.php(432): CodeIgniter\CodeIgniter->runController(Object(App\Controllers\Payments))
#6 C:\xampp\htdocs\projects\tija\system\CodeIgniter.php(333): CodeIgniter\CodeIgniter->handleRequest(NULL, Object(Config\Cache), false)
#7 C:\xampp\htdocs\projects\tija\index.php(44): CodeIgniter\CodeIgniter->run()
#8 {main}
CRITICAL - 2021-08-09 00:33:56 --> You must set the database table to be used with your query.
#0 C:\xampp\htdocs\projects\tija\system\Model.php(615): CodeIgniter\Database\BaseConnection->table(NULL)
#1 C:\xampp\htdocs\projects\tija\system\Model.php(834): CodeIgniter\Model->builder()
#2 C:\xampp\htdocs\projects\tija\app\Controllers\Payments.php(157): CodeIgniter\Model->__call('product_stock_u...', Array)
#3 C:\xampp\htdocs\projects\tija\app\Controllers\Payments.php(30): App\Controllers\Payments->payment_cod()
#4 C:\xampp\htdocs\projects\tija\system\CodeIgniter.php(936): App\Controllers\Payments->payment()
#5 C:\xampp\htdocs\projects\tija\system\CodeIgniter.php(432): CodeIgniter\CodeIgniter->runController(Object(App\Controllers\Payments))
#6 C:\xampp\htdocs\projects\tija\system\CodeIgniter.php(333): CodeIgniter\CodeIgniter->handleRequest(NULL, Object(Config\Cache), false)
#7 C:\xampp\htdocs\projects\tija\index.php(44): CodeIgniter\CodeIgniter->run()
#8 {main}
CRITICAL - 2021-08-09 00:36:42 --> Class 'App\Controllers\AdminProductsModel' not found
#0 C:\xampp\htdocs\projects\tija\system\CodeIgniter.php(908): App\Controllers\Payments->__construct()
#1 C:\xampp\htdocs\projects\tija\system\CodeIgniter.php(422): CodeIgniter\CodeIgniter->createController()
#2 C:\xampp\htdocs\projects\tija\system\CodeIgniter.php(333): CodeIgniter\CodeIgniter->handleRequest(NULL, Object(Config\Cache), false)
#3 C:\xampp\htdocs\projects\tija\index.php(44): CodeIgniter\CodeIgniter->run()
#4 {main}
ERROR - 2021-08-09 00:40:40 --> mysqli_sql_exception: Unknown column 'product_id' in 'where clause' in C:\xampp\htdocs\projects\tija\system\Database\MySQLi\Connection.php:314
Stack trace:
#0 C:\xampp\htdocs\projects\tija\system\Database\MySQLi\Connection.php(314): mysqli->query('UPDATE products...')
#1 C:\xampp\htdocs\projects\tija\system\Database\BaseConnection.php(713): CodeIgniter\Database\MySQLi\Connection->execute('UPDATE products...')
#2 C:\xampp\htdocs\projects\tija\system\Database\BaseConnection.php(641): CodeIgniter\Database\BaseConnection->simpleQuery('UPDATE products...')
#3 C:\xampp\htdocs\projects\tija\app\Models\ProductsModel.php(48): CodeIgniter\Database\BaseConnection->query('UPDATE products...')
#4 C:\xampp\htdocs\projects\tija\app\Controllers\Payments.php(158): App\Models\ProductsModel->product_stock_update('4')
#5 C:\xampp\htdocs\projects\tija\app\Controllers\Payments.php(31): App\Controllers\Payments->payment_cod()
#6 C:\xampp\htdocs\projects\tija\system\CodeIgniter.php(936): App\Controllers\Payments->payment()
#7 C:\xampp\htdocs\projects\tija\system\CodeIgniter.php(432): CodeIgniter\CodeIgniter->runController(Object(App\Controllers\Payments))
#8 C:\xampp\htdocs\projects\tija\system\CodeIgniter.php(333): CodeIgniter\CodeIgniter->handleRequest(NULL, Object(Config\Cache), false)
#9 C:\xampp\htdocs\projects\tija\index.php(44): CodeIgniter\CodeIgniter->run()
#10 {main}
ERROR - 2021-08-09 00:40:40 --> mysqli_sql_exception: Unknown column 'product_id' in 'where clause' in C:\xampp\htdocs\projects\tija\system\Database\MySQLi\Connection.php:314
Stack trace:
#0 C:\xampp\htdocs\projects\tija\system\Database\MySQLi\Connection.php(314): mysqli->query('UPDATE products...')
#1 C:\xampp\htdocs\projects\tija\system\Database\BaseConnection.php(713): CodeIgniter\Database\MySQLi\Connection->execute('UPDATE products...')
#2 C:\xampp\htdocs\projects\tija\system\Database\BaseConnection.php(641): CodeIgniter\Database\BaseConnection->simpleQuery('UPDATE products...')
#3 C:\xampp\htdocs\projects\tija\app\Models\ProductsModel.php(48): CodeIgniter\Database\BaseConnection->query('UPDATE products...')
#4 C:\xampp\htdocs\projects\tija\app\Controllers\Payments.php(158): App\Models\ProductsModel->product_stock_update('2')
#5 C:\xampp\htdocs\projects\tija\app\Controllers\Payments.php(31): App\Controllers\Payments->payment_cod()
#6 C:\xampp\htdocs\projects\tija\system\CodeIgniter.php(936): App\Controllers\Payments->payment()
#7 C:\xampp\htdocs\projects\tija\system\CodeIgniter.php(432): CodeIgniter\CodeIgniter->runController(Object(App\Controllers\Payments))
#8 C:\xampp\htdocs\projects\tija\system\CodeIgniter.php(333): CodeIgniter\CodeIgniter->handleRequest(NULL, Object(Config\Cache), false)
#9 C:\xampp\htdocs\projects\tija\index.php(44): CodeIgniter\CodeIgniter->run()
#10 {main}
