CRITICAL - 2022-09-23 11:46:19 --> syntax error, unexpected '}', expecting ';' or ','
#0 C:\xampp\htdocs\projects\student-exam\system\CodeIgniter.php(385): CodeIgniter\CodeIgniter->tryToRouteIt(NULL)
#1 C:\xampp\htdocs\projects\student-exam\system\CodeIgniter.php(333): CodeIgniter\CodeIgniter->handleRequest(NULL, Object(Config\Cache), false)
#2 C:\xampp\htdocs\projects\student-exam\index.php(44): CodeIgniter\CodeIgniter->run()
#3 {main}
ERROR - 2022-09-23 22:21:16 --> mysqli_sql_exception: You have an error in your SQL syntax; check the manual that corresponds to your MariaDB server version for the right syntax to use near '' at line 1 in C:\xampp\htdocs\projects\student-exam\system\Database\MySQLi\Connection.php:314
Stack trace:
#0 C:\xampp\htdocs\projects\student-exam\system\Database\MySQLi\Connection.php(314): mysqli->query('SELECT * FROM c...')
#1 C:\xampp\htdocs\projects\student-exam\system\Database\BaseConnection.php(713): CodeIgniter\Database\MySQLi\Connection->execute('SELECT * FROM c...')
#2 C:\xampp\htdocs\projects\student-exam\system\Database\BaseConnection.php(641): CodeIgniter\Database\BaseConnection->simpleQuery('SELECT * FROM c...')
#3 C:\xampp\htdocs\projects\student-exam\app\Models\Admin\ClassesModel.php(23): CodeIgniter\Database\BaseConnection->query('SELECT * FROM c...')
#4 C:\xampp\htdocs\projects\student-exam\app\Controllers\Admin\Masters\Classes.php(85): App\Models\Admin\ClassesModel->get_class_details(NULL)
#5 C:\xampp\htdocs\projects\student-exam\system\CodeIgniter.php(936): App\Controllers\Admin\Masters\Classes->class_edit()
#6 C:\xampp\htdocs\projects\student-exam\system\CodeIgniter.php(432): CodeIgniter\CodeIgniter->runController(Object(App\Controllers\Admin\Masters\Classes))
#7 C:\xampp\htdocs\projects\student-exam\system\CodeIgniter.php(333): CodeIgniter\CodeIgniter->handleRequest(NULL, Object(Config\Cache), false)
#8 C:\xampp\htdocs\projects\student-exam\index.php(44): CodeIgniter\CodeIgniter->run()
#9 {main}
ERROR - 2022-09-23 22:21:50 --> mysqli_sql_exception: You have an error in your SQL syntax; check the manual that corresponds to your MariaDB server version for the right syntax to use near '' at line 1 in C:\xampp\htdocs\projects\student-exam\system\Database\MySQLi\Connection.php:314
Stack trace:
#0 C:\xampp\htdocs\projects\student-exam\system\Database\MySQLi\Connection.php(314): mysqli->query('SELECT * FROM c...')
#1 C:\xampp\htdocs\projects\student-exam\system\Database\BaseConnection.php(713): CodeIgniter\Database\MySQLi\Connection->execute('SELECT * FROM c...')
#2 C:\xampp\htdocs\projects\student-exam\system\Database\BaseConnection.php(641): CodeIgniter\Database\BaseConnection->simpleQuery('SELECT * FROM c...')
#3 C:\xampp\htdocs\projects\student-exam\app\Models\Admin\ClassesModel.php(23): CodeIgniter\Database\BaseConnection->query('SELECT * FROM c...')
#4 C:\xampp\htdocs\projects\student-exam\app\Controllers\Admin\Masters\Classes.php(85): App\Models\Admin\ClassesModel->get_class_details(NULL)
#5 C:\xampp\htdocs\projects\student-exam\system\CodeIgniter.php(936): App\Controllers\Admin\Masters\Classes->class_edit()
#6 C:\xampp\htdocs\projects\student-exam\system\CodeIgniter.php(432): CodeIgniter\CodeIgniter->runController(Object(App\Controllers\Admin\Masters\Classes))
#7 C:\xampp\htdocs\projects\student-exam\system\CodeIgniter.php(333): CodeIgniter\CodeIgniter->handleRequest(NULL, Object(Config\Cache), false)
#8 C:\xampp\htdocs\projects\student-exam\index.php(44): CodeIgniter\CodeIgniter->run()
#9 {main}
ERROR - 2022-09-23 22:22:20 --> mysqli_sql_exception: You have an error in your SQL syntax; check the manual that corresponds to your MariaDB server version for the right syntax to use near '' at line 1 in C:\xampp\htdocs\projects\student-exam\system\Database\MySQLi\Connection.php:314
Stack trace:
#0 C:\xampp\htdocs\projects\student-exam\system\Database\MySQLi\Connection.php(314): mysqli->query('SELECT * FROM c...')
#1 C:\xampp\htdocs\projects\student-exam\system\Database\BaseConnection.php(713): CodeIgniter\Database\MySQLi\Connection->execute('SELECT * FROM c...')
#2 C:\xampp\htdocs\projects\student-exam\system\Database\BaseConnection.php(641): CodeIgniter\Database\BaseConnection->simpleQuery('SELECT * FROM c...')
#3 C:\xampp\htdocs\projects\student-exam\app\Models\Admin\ClassesModel.php(23): CodeIgniter\Database\BaseConnection->query('SELECT * FROM c...')
#4 C:\xampp\htdocs\projects\student-exam\app\Controllers\Admin\Masters\Classes.php(86): App\Models\Admin\ClassesModel->get_class_details(NULL)
#5 C:\xampp\htdocs\projects\student-exam\system\CodeIgniter.php(936): App\Controllers\Admin\Masters\Classes->class_edit()
#6 C:\xampp\htdocs\projects\student-exam\system\CodeIgniter.php(432): CodeIgniter\CodeIgniter->runController(Object(App\Controllers\Admin\Masters\Classes))
#7 C:\xampp\htdocs\projects\student-exam\system\CodeIgniter.php(333): CodeIgniter\CodeIgniter->handleRequest(NULL, Object(Config\Cache), false)
#8 C:\xampp\htdocs\projects\student-exam\index.php(44): CodeIgniter\CodeIgniter->run()
#9 {main}
ERROR - 2022-09-23 22:24:08 --> mysqli_sql_exception: You have an error in your SQL syntax; check the manual that corresponds to your MariaDB server version for the right syntax to use near '' at line 1 in C:\xampp\htdocs\projects\student-exam\system\Database\MySQLi\Connection.php:314
Stack trace:
#0 C:\xampp\htdocs\projects\student-exam\system\Database\MySQLi\Connection.php(314): mysqli->query('SELECT * FROM c...')
#1 C:\xampp\htdocs\projects\student-exam\system\Database\BaseConnection.php(713): CodeIgniter\Database\MySQLi\Connection->execute('SELECT * FROM c...')
#2 C:\xampp\htdocs\projects\student-exam\system\Database\BaseConnection.php(641): CodeIgniter\Database\BaseConnection->simpleQuery('SELECT * FROM c...')
#3 C:\xampp\htdocs\projects\student-exam\app\Models\Admin\ClassesModel.php(23): CodeIgniter\Database\BaseConnection->query('SELECT * FROM c...')
#4 C:\xampp\htdocs\projects\student-exam\app\Controllers\Admin\Masters\Classes.php(86): App\Models\Admin\ClassesModel->get_class_details(NULL)
#5 C:\xampp\htdocs\projects\student-exam\system\CodeIgniter.php(936): App\Controllers\Admin\Masters\Classes->class_edit()
#6 C:\xampp\htdocs\projects\student-exam\system\CodeIgniter.php(432): CodeIgniter\CodeIgniter->runController(Object(App\Controllers\Admin\Masters\Classes))
#7 C:\xampp\htdocs\projects\student-exam\system\CodeIgniter.php(333): CodeIgniter\CodeIgniter->handleRequest(NULL, Object(Config\Cache), false)
#8 C:\xampp\htdocs\projects\student-exam\index.php(44): CodeIgniter\CodeIgniter->run()
#9 {main}
